<?xml version="1.0" encoding="UTF-8"?>
<!-- Generated by org.testng.reporters.JUnitXMLReporter -->
<testsuite hostname="HDRRPA2" name="Default test" tests="10" failures="0" timestamp="13 Feb 2019 06:37:18 GMT" time="100.252" errors="0">
  <testcase name="RegistrationFormTest_EmptyAadharNumber" time="2.666" classname="Scripts.UserTestScript"/>
  <testcase name="RegistrationFormTest_EmptyCity" time="2.359" classname="Scripts.UserTestScript"/>
  <testcase name="RegistrationFormTest_EmptyEmailId" time="2.339" classname="Scripts.UserTestScript"/>
  <testcase name="RegistrationFormTest_EmptyFirstName" time="2.344" classname="Scripts.UserTestScript"/>
  <testcase name="RegistrationFormTest_EmptyFlatNoOrBuildingName" time="2.342" classname="Scripts.UserTestScript"/>
  <testcase name="RegistrationFormTest_EmptyLastName" time="2.445" classname="Scripts.UserTestScript"/>
  <testcase name="RegistrationFormTest_EmptyMiddleName" time="9.646" classname="Scripts.UserTestScript"/>
  <testcase name="RegistrationFormTest_EmptyMobileNumber" time="2.268" classname="Scripts.UserTestScript"/>
  <testcase name="RegistrationFormTest_EmptyPanNumber" time="2.196" classname="Scripts.UserTestScript"/>
  <testcase name="RegistrationFormTest_EmptySourceOfFunds" time="3.251" classname="Scripts.UserTestScript"/>
</testsuite> <!-- Default test -->
