<?xml version="1.0" encoding="UTF-8"?>
<!-- Generated by org.testng.reporters.JUnitXMLReporter -->
<testsuite hostname="HDRRPA2" name="Default test" tests="6" failures="0" timestamp="18 Feb 2019 11:23:59 GMT" time="113.647" errors="0">
  <testcase name="Update_EmptyAadharNumber" time="4.355" classname="Scripts.UpdateTestScript"/>
  <testcase name="Update_EmptyApplicantID" time="1.26" classname="Scripts.UpdateTestScript"/>
  <testcase name="Update_EmptyFirstName" time="1.105" classname="Scripts.UpdateTestScript"/>
  <testcase name="Update_EmptyGender" time="0.971" classname="Scripts.UpdateTestScript"/>
  <testcase name="Update_EmptyPanNumber" time="0.938" classname="Scripts.UpdateTestScript"/>
  <testcase name="Update_FileUpload" time="2.591" classname="Scripts.UpdateTestScript"/>
</testsuite> <!-- Default test -->
