<?xml version="1.0" encoding="UTF-8"?>
<testng-results skipped="0" failed="0" ignored="0" total="7" passed="7">
  <reporter-output>
  </reporter-output>
  <suite name="Default suite" duration-ms="90031" started-at="2018-12-17T13:25:59Z" finished-at="2018-12-17T13:27:29Z">
    <groups>
    </groups>
    <test name="Default test" duration-ms="90031" started-at="2018-12-17T13:25:59Z" finished-at="2018-12-17T13:27:29Z">
      <class name="tests.TestScripts">
        <test-method status="PASS" signature="setUp()[pri:0, instance:tests.TestScripts@76a3e297]" name="setUp" is-config="true" duration-ms="7735" started-at="2018-12-17T13:25:59Z" finished-at="2018-12-17T13:26:07Z">
          <reporter-output>
          </reporter-output>
        </test-method> <!-- setUp -->
        <test-method status="PASS" signature="invalidLoginTest()[pri:0, instance:tests.TestScripts@76a3e297]" name="invalidLoginTest" duration-ms="891" started-at="2018-12-17T13:26:07Z" finished-at="2018-12-17T13:26:08Z">
          <reporter-output>
          </reporter-output>
        </test-method> <!-- invalidLoginTest -->
        <test-method status="PASS" signature="tearDown()[pri:0, instance:tests.TestScripts@76a3e297]" name="tearDown" is-config="true" duration-ms="946" started-at="2018-12-17T13:26:08Z" finished-at="2018-12-17T13:26:09Z">
          <reporter-output>
          </reporter-output>
        </test-method> <!-- tearDown -->
        <test-method status="PASS" signature="setUp()[pri:0, instance:tests.TestScripts@76a3e297]" name="setUp" is-config="true" duration-ms="6929" started-at="2018-12-17T13:26:09Z" finished-at="2018-12-17T13:26:16Z">
          <reporter-output>
          </reporter-output>
        </test-method> <!-- setUp -->
        <test-method status="PASS" signature="invalidLoginTest1()[pri:0, instance:tests.TestScripts@76a3e297]" name="invalidLoginTest1" duration-ms="12669" started-at="2018-12-17T13:26:16Z" finished-at="2018-12-17T13:26:29Z">
          <reporter-output>
          </reporter-output>
        </test-method> <!-- invalidLoginTest1 -->
        <test-method status="PASS" signature="tearDown()[pri:0, instance:tests.TestScripts@76a3e297]" name="tearDown" is-config="true" duration-ms="920" started-at="2018-12-17T13:26:29Z" finished-at="2018-12-17T13:26:30Z">
          <reporter-output>
          </reporter-output>
        </test-method> <!-- tearDown -->
        <test-method status="PASS" signature="setUp()[pri:0, instance:tests.TestScripts@76a3e297]" name="setUp" is-config="true" duration-ms="7920" started-at="2018-12-17T13:26:30Z" finished-at="2018-12-17T13:26:37Z">
          <reporter-output>
          </reporter-output>
        </test-method> <!-- setUp -->
        <test-method status="PASS" signature="invalidLoginTest2()[pri:0, instance:tests.TestScripts@76a3e297]" name="invalidLoginTest2" duration-ms="3136" started-at="2018-12-17T13:26:37Z" finished-at="2018-12-17T13:26:41Z">
          <reporter-output>
          </reporter-output>
        </test-method> <!-- invalidLoginTest2 -->
        <test-method status="PASS" signature="tearDown()[pri:0, instance:tests.TestScripts@76a3e297]" name="tearDown" is-config="true" duration-ms="917" started-at="2018-12-17T13:26:41Z" finished-at="2018-12-17T13:26:41Z">
          <reporter-output>
          </reporter-output>
        </test-method> <!-- tearDown -->
        <test-method status="PASS" signature="setUp()[pri:0, instance:tests.TestScripts@76a3e297]" name="setUp" is-config="true" duration-ms="7282" started-at="2018-12-17T13:26:41Z" finished-at="2018-12-17T13:26:49Z">
          <reporter-output>
          </reporter-output>
        </test-method> <!-- setUp -->
        <test-method status="PASS" signature="invalidLoginTest3()[pri:0, instance:tests.TestScripts@76a3e297]" name="invalidLoginTest3" duration-ms="1548" started-at="2018-12-17T13:26:49Z" finished-at="2018-12-17T13:26:50Z">
          <reporter-output>
          </reporter-output>
        </test-method> <!-- invalidLoginTest3 -->
        <test-method status="PASS" signature="tearDown()[pri:0, instance:tests.TestScripts@76a3e297]" name="tearDown" is-config="true" duration-ms="887" started-at="2018-12-17T13:26:50Z" finished-at="2018-12-17T13:26:51Z">
          <reporter-output>
          </reporter-output>
        </test-method> <!-- tearDown -->
        <test-method status="PASS" signature="setUp()[pri:0, instance:tests.TestScripts@76a3e297]" name="setUp" is-config="true" duration-ms="7061" started-at="2018-12-17T13:26:51Z" finished-at="2018-12-17T13:26:58Z">
          <reporter-output>
          </reporter-output>
        </test-method> <!-- setUp -->
        <test-method status="PASS" signature="registerTest()[pri:0, instance:tests.TestScripts@76a3e297]" name="registerTest" duration-ms="7153" started-at="2018-12-17T13:26:58Z" finished-at="2018-12-17T13:27:05Z">
          <reporter-output>
          </reporter-output>
        </test-method> <!-- registerTest -->
        <test-method status="PASS" signature="tearDown()[pri:0, instance:tests.TestScripts@76a3e297]" name="tearDown" is-config="true" duration-ms="921" started-at="2018-12-17T13:27:05Z" finished-at="2018-12-17T13:27:06Z">
          <reporter-output>
          </reporter-output>
        </test-method> <!-- tearDown -->
        <test-method status="PASS" signature="setUp()[pri:0, instance:tests.TestScripts@76a3e297]" name="setUp" is-config="true" duration-ms="7028" started-at="2018-12-17T13:27:06Z" finished-at="2018-12-17T13:27:13Z">
          <reporter-output>
          </reporter-output>
        </test-method> <!-- setUp -->
        <test-method status="PASS" signature="registerTest1()[pri:0, instance:tests.TestScripts@76a3e297]" name="registerTest1" duration-ms="4243" started-at="2018-12-17T13:27:13Z" finished-at="2018-12-17T13:27:18Z">
          <reporter-output>
          </reporter-output>
        </test-method> <!-- registerTest1 -->
        <test-method status="PASS" signature="tearDown()[pri:0, instance:tests.TestScripts@76a3e297]" name="tearDown" is-config="true" duration-ms="899" started-at="2018-12-17T13:27:18Z" finished-at="2018-12-17T13:27:19Z">
          <reporter-output>
          </reporter-output>
        </test-method> <!-- tearDown -->
        <test-method status="PASS" signature="setUp()[pri:0, instance:tests.TestScripts@76a3e297]" name="setUp" is-config="true" duration-ms="6942" started-at="2018-12-17T13:27:19Z" finished-at="2018-12-17T13:27:25Z">
          <reporter-output>
          </reporter-output>
        </test-method> <!-- setUp -->
        <test-method status="PASS" signature="validLoginTest()[pri:0, instance:tests.TestScripts@76a3e297]" name="validLoginTest" duration-ms="3003" started-at="2018-12-17T13:27:25Z" finished-at="2018-12-17T13:27:28Z">
          <reporter-output>
          </reporter-output>
        </test-method> <!-- validLoginTest -->
        <test-method status="PASS" signature="tearDown()[pri:0, instance:tests.TestScripts@76a3e297]" name="tearDown" is-config="true" duration-ms="967" started-at="2018-12-17T13:27:28Z" finished-at="2018-12-17T13:27:29Z">
          <reporter-output>
          </reporter-output>
        </test-method> <!-- tearDown -->
      </class> <!-- tests.TestScripts -->
    </test> <!-- Default test -->
  </suite> <!-- Default suite -->
</testng-results>
