<?xml version="1.0" encoding="UTF-8"?>
<testsuite xmlns:xsi="http://www.w3.org/2001/XMLSchema-instance" xsi:noNamespaceSchemaLocation="https://maven.apache.org/surefire/maven-surefire-plugin/xsd/surefire-test-report.xsd" name="TestSuite" time="22.166" tests="3" errors="0" skipped="2" failures="1">
  <properties>
[...]
</properties>
  <testcase name="beforeClass" classname="tests.NewTest" time="22.011">
    <failure message="Could not start a new session. Possible causes are invalid address of the remote server or browser start-up failure.&#10;Build info: version: &apos;2.53.1&apos;, revision: &apos;a36b8b1cd5757287168e54b817830adce9b0158d&apos;, time: &apos;2016-06-30 19:26:09&apos;&#10;System info: host: &apos;HDRRPA2&apos;, ip: &apos;172.23.178.15&apos;, os.name: &apos;Windows 10&apos;, os.arch: &apos;amd64&apos;, os.version: &apos;10.0&apos;, java.version: &apos;1.8.0_161&apos;&#10;Driver info: driver.version: ChromeDriver" type="org.openqa.selenium.remote.UnreachableBrowserException">org.openqa.selenium.remote.UnreachableBrowserException: 
Could not start a new session. Possible causes are invalid address of the remote server or browser start-up failure.
Build info: version: '2.53.1', revision: 'a36b8b1cd5757287168e54b817830adce9b0158d', time: '2016-06-30 19:26:09'
System info: host: 'HDRRPA2', ip: '172.23.178.15', os.name: 'Windows 10', os.arch: 'amd64', os.version: '10.0', java.version: '1.8.0_161'
Driver info: driver.version: ChromeDriver
	at tests.NewTest.beforeClass(NewTest.java:107)
Caused by: org.openqa.selenium.WebDriverException: 
Timed out waiting for driver server to start.
Build info: version: '2.53.1', revision: 'a36b8b1cd5757287168e54b817830adce9b0158d', time: '2016-06-30 19:26:09'
System info: host: 'HDRRPA2', ip: '172.23.178.15', os.name: 'Windows 10', os.arch: 'amd64', os.version: '10.0', java.version: '1.8.0_161'
Driver info: driver.version: ChromeDriver
	at tests.NewTest.beforeClass(NewTest.java:107)
Caused by: org.openqa.selenium.net.UrlChecker$TimeoutException: Timed out waiting for [http://localhost:44697/status] to be available after 20002 ms
	at tests.NewTest.beforeClass(NewTest.java:107)
Caused by: com.google.common.util.concurrent.UncheckedTimeoutException: java.util.concurrent.TimeoutException
	at tests.NewTest.beforeClass(NewTest.java:107)
Caused by: java.util.concurrent.TimeoutException
	at tests.NewTest.beforeClass(NewTest.java:107)
</failure>
    <system-err><![CDATA[[29548:12204:1211/162424.808:ERROR:cache_util_win.cc(19)] Unable to move the cache: 5
[29548:12204:1211/162424.808:ERROR:cache_util.cc(135)] Unable to move cache folder C:\Users\sudheerkumarn\AppData\Local\Google\Chrome\User Data\ShaderCache\GPUCache to C:\Users\sudheerkumarn\AppData\Local\Google\Chrome\User Data\ShaderCache\old_GPUCache_000
[29548:12204:1211/162424.808:ERROR:disk_cache.cc(169)] Unable to create cache
[29548:12204:1211/162424.808:ERROR:shader_disk_cache.cc(600)] Shader Cache Creation failed: -2
Created new window in existing browser session.
]]></system-err>
  </testcase>
  <testcase name="openMyBlog" classname="tests.NewTest" time="0">
    <skipped/>
  </testcase>
  <testcase name="afterClass" classname="tests.NewTest" time="0">
    <skipped/>
  </testcase>
</testsuite>