<?xml version="1.0" encoding="UTF-8"?>
<testng-results skipped="0" failed="0" total="44" passed="44">
  <reporter-output>
  </reporter-output>
  <suite name="Maven project" duration-ms="603788" started-at="2019-02-20T13:13:45Z" finished-at="2019-02-20T13:23:49Z">
    <groups>
    </groups>
    <test name="Testscriptsexecution" duration-ms="603788" started-at="2019-02-20T13:13:45Z" finished-at="2019-02-20T13:23:49Z">
      <class name="Scripts.PassportLoginTestScript">
        <test-method status="PASS" signature="intializingConnections()[pri:0, instance:Scripts.PassportLoginTestScript@5442a311]" name="intializingConnections" is-config="true" duration-ms="815" started-at="2019-02-20T18:43:45Z" finished-at="2019-02-20T18:43:46Z">
          <reporter-output>
          </reporter-output>
        </test-method> <!-- intializingConnections -->
        <test-method status="PASS" signature="setUp()[pri:0, instance:Scripts.PassportLoginTestScript@5442a311]" name="setUp" is-config="true" duration-ms="6375" started-at="2019-02-20T18:43:46Z" finished-at="2019-02-20T18:43:52Z">
          <reporter-output>
          </reporter-output>
        </test-method> <!-- setUp -->
        <test-method status="PASS" signature="Passport_Login_BlankUserName_BlankPwd()[pri:0, instance:Scripts.PassportLoginTestScript@5442a311]" name="Passport_Login_BlankUserName_BlankPwd" duration-ms="2420" started-at="2019-02-20T18:43:52Z" finished-at="2019-02-20T18:43:55Z">
          <reporter-output>
          </reporter-output>
        </test-method> <!-- Passport_Login_BlankUserName_BlankPwd -->
        <test-method status="PASS" signature="tearDown()[pri:0, instance:Scripts.PassportLoginTestScript@5442a311]" name="tearDown" is-config="true" duration-ms="870" started-at="2019-02-20T18:43:55Z" finished-at="2019-02-20T18:43:56Z">
          <reporter-output>
          </reporter-output>
        </test-method> <!-- tearDown -->
        <test-method status="PASS" signature="setUp()[pri:0, instance:Scripts.PassportLoginTestScript@5442a311]" name="setUp" is-config="true" duration-ms="6237" started-at="2019-02-20T18:43:56Z" finished-at="2019-02-20T18:44:02Z">
          <reporter-output>
          </reporter-output>
        </test-method> <!-- setUp -->
        <test-method status="PASS" signature="Passport_Login_BlankUserName_ValidPwd()[pri:0, instance:Scripts.PassportLoginTestScript@5442a311]" name="Passport_Login_BlankUserName_ValidPwd" duration-ms="2378" started-at="2019-02-20T18:44:02Z" finished-at="2019-02-20T18:44:04Z">
          <reporter-output>
          </reporter-output>
        </test-method> <!-- Passport_Login_BlankUserName_ValidPwd -->
        <test-method status="PASS" signature="tearDown()[pri:0, instance:Scripts.PassportLoginTestScript@5442a311]" name="tearDown" is-config="true" duration-ms="898" started-at="2019-02-20T18:44:04Z" finished-at="2019-02-20T18:44:05Z">
          <reporter-output>
          </reporter-output>
        </test-method> <!-- tearDown -->
        <test-method status="PASS" signature="setUp()[pri:0, instance:Scripts.PassportLoginTestScript@5442a311]" name="setUp" is-config="true" duration-ms="6093" started-at="2019-02-20T18:44:05Z" finished-at="2019-02-20T18:44:11Z">
          <reporter-output>
          </reporter-output>
        </test-method> <!-- setUp -->
        <test-method status="PASS" signature="Passport_Login_InvalidUserName()[pri:0, instance:Scripts.PassportLoginTestScript@5442a311]" name="Passport_Login_InvalidUserName" duration-ms="2285" started-at="2019-02-20T18:44:11Z" finished-at="2019-02-20T18:44:14Z">
          <reporter-output>
          </reporter-output>
        </test-method> <!-- Passport_Login_InvalidUserName -->
        <test-method status="PASS" signature="tearDown()[pri:0, instance:Scripts.PassportLoginTestScript@5442a311]" name="tearDown" is-config="true" duration-ms="813" started-at="2019-02-20T18:44:14Z" finished-at="2019-02-20T18:44:14Z">
          <reporter-output>
          </reporter-output>
        </test-method> <!-- tearDown -->
        <test-method status="PASS" signature="setUp()[pri:0, instance:Scripts.PassportLoginTestScript@5442a311]" name="setUp" is-config="true" duration-ms="6372" started-at="2019-02-20T18:44:14Z" finished-at="2019-02-20T18:44:21Z">
          <reporter-output>
          </reporter-output>
        </test-method> <!-- setUp -->
        <test-method status="PASS" signature="Passport_Login_ValidUserName_BlankPwd()[pri:0, instance:Scripts.PassportLoginTestScript@5442a311]" name="Passport_Login_ValidUserName_BlankPwd" duration-ms="2470" started-at="2019-02-20T18:44:21Z" finished-at="2019-02-20T18:44:23Z">
          <reporter-output>
          </reporter-output>
        </test-method> <!-- Passport_Login_ValidUserName_BlankPwd -->
        <test-method status="PASS" signature="tearDown()[pri:0, instance:Scripts.PassportLoginTestScript@5442a311]" name="tearDown" is-config="true" duration-ms="892" started-at="2019-02-20T18:44:23Z" finished-at="2019-02-20T18:44:24Z">
          <reporter-output>
          </reporter-output>
        </test-method> <!-- tearDown -->
        <test-method status="PASS" signature="setUp()[pri:0, instance:Scripts.PassportLoginTestScript@5442a311]" name="setUp" is-config="true" duration-ms="8063" started-at="2019-02-20T18:44:24Z" finished-at="2019-02-20T18:44:32Z">
          <reporter-output>
          </reporter-output>
        </test-method> <!-- setUp -->
        <test-method status="PASS" signature="Passport_Login_ValidUserName_InvalidPwd()[pri:0, instance:Scripts.PassportLoginTestScript@5442a311]" name="Passport_Login_ValidUserName_InvalidPwd" duration-ms="2415" started-at="2019-02-20T18:44:32Z" finished-at="2019-02-20T18:44:35Z">
          <reporter-output>
          </reporter-output>
        </test-method> <!-- Passport_Login_ValidUserName_InvalidPwd -->
        <test-method status="PASS" signature="tearDown()[pri:0, instance:Scripts.PassportLoginTestScript@5442a311]" name="tearDown" is-config="true" duration-ms="841" started-at="2019-02-20T18:44:35Z" finished-at="2019-02-20T18:44:35Z">
          <reporter-output>
          </reporter-output>
        </test-method> <!-- tearDown -->
        <test-method status="PASS" signature="setUp()[pri:0, instance:Scripts.PassportLoginTestScript@5442a311]" name="setUp" is-config="true" duration-ms="8213" started-at="2019-02-20T18:44:35Z" finished-at="2019-02-20T18:44:44Z">
          <reporter-output>
          </reporter-output>
        </test-method> <!-- setUp -->
        <test-method status="PASS" signature="Passport_Login_ValidUserName_ValidPwd()[pri:0, instance:Scripts.PassportLoginTestScript@5442a311]" name="Passport_Login_ValidUserName_ValidPwd" duration-ms="3489" started-at="2019-02-20T18:44:44Z" finished-at="2019-02-20T18:44:47Z">
          <reporter-output>
          </reporter-output>
        </test-method> <!-- Passport_Login_ValidUserName_ValidPwd -->
        <test-method status="PASS" signature="tearDown()[pri:0, instance:Scripts.PassportLoginTestScript@5442a311]" name="tearDown" is-config="true" duration-ms="905" started-at="2019-02-20T18:44:47Z" finished-at="2019-02-20T18:44:48Z">
          <reporter-output>
          </reporter-output>
        </test-method> <!-- tearDown -->
        <test-method status="PASS" signature="closingAllConnections()[pri:0, instance:Scripts.PassportLoginTestScript@5442a311]" name="closingAllConnections" is-config="true" duration-ms="0" started-at="2019-02-20T18:44:48Z" finished-at="2019-02-20T18:44:48Z">
          <reporter-output>
          </reporter-output>
        </test-method> <!-- closingAllConnections -->
        <test-method status="PASS" signature="closeBrowser()[pri:0, instance:Scripts.PassportLoginTestScript@5442a311]" name="closeBrowser" is-config="true" duration-ms="0" started-at="2019-02-20T18:44:48Z" finished-at="2019-02-20T18:44:48Z">
          <reporter-output>
          </reporter-output>
        </test-method> <!-- closeBrowser -->
      </class> <!-- Scripts.PassportLoginTestScript -->
      <class name="Scripts.NSDLLoginTestScript">
        <test-method status="PASS" signature="intializingConnections()[pri:0, instance:Scripts.NSDLLoginTestScript@7cd62f43]" name="intializingConnections" is-config="true" duration-ms="60" started-at="2019-02-20T18:51:46Z" finished-at="2019-02-20T18:51:47Z">
          <reporter-output>
          </reporter-output>
        </test-method> <!-- intializingConnections -->
        <test-method status="PASS" signature="setUp()[pri:0, instance:Scripts.NSDLLoginTestScript@7cd62f43]" name="setUp" is-config="true" duration-ms="5011" started-at="2019-02-20T18:51:47Z" finished-at="2019-02-20T18:51:52Z">
          <reporter-output>
          </reporter-output>
        </test-method> <!-- setUp -->
        <test-method status="PASS" signature="NSDL_Login_BlankUserName_BlankPwd()[pri:0, instance:Scripts.NSDLLoginTestScript@7cd62f43]" name="NSDL_Login_BlankUserName_BlankPwd" duration-ms="6354" started-at="2019-02-20T18:51:52Z" finished-at="2019-02-20T18:51:58Z">
          <reporter-output>
          </reporter-output>
        </test-method> <!-- NSDL_Login_BlankUserName_BlankPwd -->
        <test-method status="PASS" signature="tearDown()[pri:0, instance:Scripts.NSDLLoginTestScript@7cd62f43]" name="tearDown" is-config="true" duration-ms="800" started-at="2019-02-20T18:51:58Z" finished-at="2019-02-20T18:51:59Z">
          <reporter-output>
          </reporter-output>
        </test-method> <!-- tearDown -->
        <test-method status="PASS" signature="setUp()[pri:0, instance:Scripts.NSDLLoginTestScript@7cd62f43]" name="setUp" is-config="true" duration-ms="5228" started-at="2019-02-20T18:51:59Z" finished-at="2019-02-20T18:52:04Z">
          <reporter-output>
          </reporter-output>
        </test-method> <!-- setUp -->
        <test-method status="PASS" signature="NSDL_Login_BlankUserName_ValidPwd()[pri:0, instance:Scripts.NSDLLoginTestScript@7cd62f43]" name="NSDL_Login_BlankUserName_ValidPwd" duration-ms="6327" started-at="2019-02-20T18:52:04Z" finished-at="2019-02-20T18:52:10Z">
          <reporter-output>
          </reporter-output>
        </test-method> <!-- NSDL_Login_BlankUserName_ValidPwd -->
        <test-method status="PASS" signature="tearDown()[pri:0, instance:Scripts.NSDLLoginTestScript@7cd62f43]" name="tearDown" is-config="true" duration-ms="833" started-at="2019-02-20T18:52:10Z" finished-at="2019-02-20T18:52:11Z">
          <reporter-output>
          </reporter-output>
        </test-method> <!-- tearDown -->
        <test-method status="PASS" signature="setUp()[pri:0, instance:Scripts.NSDLLoginTestScript@7cd62f43]" name="setUp" is-config="true" duration-ms="6204" started-at="2019-02-20T18:52:11Z" finished-at="2019-02-20T18:52:17Z">
          <reporter-output>
          </reporter-output>
        </test-method> <!-- setUp -->
        <test-method status="PASS" signature="NSDL_Login_InvalidUserName()[pri:0, instance:Scripts.NSDLLoginTestScript@7cd62f43]" name="NSDL_Login_InvalidUserName" duration-ms="6262" started-at="2019-02-20T18:52:17Z" finished-at="2019-02-20T18:52:24Z">
          <reporter-output>
          </reporter-output>
        </test-method> <!-- NSDL_Login_InvalidUserName -->
        <test-method status="PASS" signature="tearDown()[pri:0, instance:Scripts.NSDLLoginTestScript@7cd62f43]" name="tearDown" is-config="true" duration-ms="822" started-at="2019-02-20T18:52:24Z" finished-at="2019-02-20T18:52:24Z">
          <reporter-output>
          </reporter-output>
        </test-method> <!-- tearDown -->
        <test-method status="PASS" signature="setUp()[pri:0, instance:Scripts.NSDLLoginTestScript@7cd62f43]" name="setUp" is-config="true" duration-ms="4915" started-at="2019-02-20T18:52:24Z" finished-at="2019-02-20T18:52:29Z">
          <reporter-output>
          </reporter-output>
        </test-method> <!-- setUp -->
        <test-method status="PASS" signature="NSDL_Login_ValidUserName_BlankPwd()[pri:0, instance:Scripts.NSDLLoginTestScript@7cd62f43]" name="NSDL_Login_ValidUserName_BlankPwd" duration-ms="6341" started-at="2019-02-20T18:52:29Z" finished-at="2019-02-20T18:52:36Z">
          <reporter-output>
          </reporter-output>
        </test-method> <!-- NSDL_Login_ValidUserName_BlankPwd -->
        <test-method status="PASS" signature="tearDown()[pri:0, instance:Scripts.NSDLLoginTestScript@7cd62f43]" name="tearDown" is-config="true" duration-ms="807" started-at="2019-02-20T18:52:36Z" finished-at="2019-02-20T18:52:36Z">
          <reporter-output>
          </reporter-output>
        </test-method> <!-- tearDown -->
        <test-method status="PASS" signature="setUp()[pri:0, instance:Scripts.NSDLLoginTestScript@7cd62f43]" name="setUp" is-config="true" duration-ms="6041" started-at="2019-02-20T18:52:36Z" finished-at="2019-02-20T18:52:42Z">
          <reporter-output>
          </reporter-output>
        </test-method> <!-- setUp -->
        <test-method status="PASS" signature="NSDL_Login_ValidUserName_InvalidPwd()[pri:0, instance:Scripts.NSDLLoginTestScript@7cd62f43]" name="NSDL_Login_ValidUserName_InvalidPwd" duration-ms="6374" started-at="2019-02-20T18:52:42Z" finished-at="2019-02-20T18:52:49Z">
          <reporter-output>
          </reporter-output>
        </test-method> <!-- NSDL_Login_ValidUserName_InvalidPwd -->
        <test-method status="PASS" signature="tearDown()[pri:0, instance:Scripts.NSDLLoginTestScript@7cd62f43]" name="tearDown" is-config="true" duration-ms="805" started-at="2019-02-20T18:52:49Z" finished-at="2019-02-20T18:52:50Z">
          <reporter-output>
          </reporter-output>
        </test-method> <!-- tearDown -->
        <test-method status="PASS" signature="setUp()[pri:0, instance:Scripts.NSDLLoginTestScript@7cd62f43]" name="setUp" is-config="true" duration-ms="5073" started-at="2019-02-20T18:52:50Z" finished-at="2019-02-20T18:52:55Z">
          <reporter-output>
          </reporter-output>
        </test-method> <!-- setUp -->
        <test-method status="PASS" signature="NSDL_Login_ValidUserName_ValidPwd()[pri:0, instance:Scripts.NSDLLoginTestScript@7cd62f43]" name="NSDL_Login_ValidUserName_ValidPwd" duration-ms="8390" started-at="2019-02-20T18:52:55Z" finished-at="2019-02-20T18:53:03Z">
          <reporter-output>
          </reporter-output>
        </test-method> <!-- NSDL_Login_ValidUserName_ValidPwd -->
        <test-method status="PASS" signature="tearDown()[pri:0, instance:Scripts.NSDLLoginTestScript@7cd62f43]" name="tearDown" is-config="true" duration-ms="837" started-at="2019-02-20T18:53:03Z" finished-at="2019-02-20T18:53:04Z">
          <reporter-output>
          </reporter-output>
        </test-method> <!-- tearDown -->
        <test-method status="PASS" signature="closeBrowser()[pri:0, instance:Scripts.NSDLLoginTestScript@7cd62f43]" name="closeBrowser" is-config="true" duration-ms="0" started-at="2019-02-20T18:53:04Z" finished-at="2019-02-20T18:53:04Z">
          <reporter-output>
          </reporter-output>
        </test-method> <!-- closeBrowser -->
        <test-method status="PASS" signature="closingAllConnections()[pri:0, instance:Scripts.NSDLLoginTestScript@7cd62f43]" name="closingAllConnections" is-config="true" duration-ms="0" started-at="2019-02-20T18:53:04Z" finished-at="2019-02-20T18:53:04Z">
          <reporter-output>
          </reporter-output>
        </test-method> <!-- closingAllConnections -->
      </class> <!-- Scripts.NSDLLoginTestScript -->
      <class name="Scripts.LoginTestScript">
        <test-method status="PASS" signature="initializingConnections()[pri:0, instance:Scripts.LoginTestScript@343f4d3d]" name="initializingConnections" is-config="true" duration-ms="72" started-at="2019-02-20T18:45:46Z" finished-at="2019-02-20T18:45:46Z">
          <reporter-output>
          </reporter-output>
        </test-method> <!-- initializingConnections -->
        <test-method status="PASS" signature="setUp()[pri:0, instance:Scripts.LoginTestScript@343f4d3d]" name="setUp" is-config="true" duration-ms="4493" started-at="2019-02-20T18:45:46Z" finished-at="2019-02-20T18:45:51Z">
          <reporter-output>
          </reporter-output>
        </test-method> <!-- setUp -->
        <test-method status="PASS" signature="Home_Login_BlankUserName_BlankPwd()[pri:0, instance:Scripts.LoginTestScript@343f4d3d]" name="Home_Login_BlankUserName_BlankPwd" duration-ms="290" started-at="2019-02-20T18:45:51Z" finished-at="2019-02-20T18:45:51Z">
          <reporter-output>
          </reporter-output>
        </test-method> <!-- Home_Login_BlankUserName_BlankPwd -->
        <test-method status="PASS" signature="tearDown()[pri:0, instance:Scripts.LoginTestScript@343f4d3d]" name="tearDown" is-config="true" duration-ms="888" started-at="2019-02-20T18:45:51Z" finished-at="2019-02-20T18:45:52Z">
          <reporter-output>
          </reporter-output>
        </test-method> <!-- tearDown -->
        <test-method status="PASS" signature="setUp()[pri:0, instance:Scripts.LoginTestScript@343f4d3d]" name="setUp" is-config="true" duration-ms="4053" started-at="2019-02-20T18:45:52Z" finished-at="2019-02-20T18:45:56Z">
          <reporter-output>
          </reporter-output>
        </test-method> <!-- setUp -->
        <test-method status="PASS" signature="Home_Login_BlankUserName_ValidPwd()[pri:0, instance:Scripts.LoginTestScript@343f4d3d]" name="Home_Login_BlankUserName_ValidPwd" duration-ms="255" started-at="2019-02-20T18:45:56Z" finished-at="2019-02-20T18:45:56Z">
          <reporter-output>
          </reporter-output>
        </test-method> <!-- Home_Login_BlankUserName_ValidPwd -->
        <test-method status="PASS" signature="tearDown()[pri:0, instance:Scripts.LoginTestScript@343f4d3d]" name="tearDown" is-config="true" duration-ms="927" started-at="2019-02-20T18:45:56Z" finished-at="2019-02-20T18:45:57Z">
          <reporter-output>
          </reporter-output>
        </test-method> <!-- tearDown -->
        <test-method status="PASS" signature="setUp()[pri:0, instance:Scripts.LoginTestScript@343f4d3d]" name="setUp" is-config="true" duration-ms="4495" started-at="2019-02-20T18:45:57Z" finished-at="2019-02-20T18:46:02Z">
          <reporter-output>
          </reporter-output>
        </test-method> <!-- setUp -->
        <test-method status="PASS" signature="Home_Login_InvalidUserName()[pri:0, instance:Scripts.LoginTestScript@343f4d3d]" name="Home_Login_InvalidUserName" duration-ms="329" started-at="2019-02-20T18:46:02Z" finished-at="2019-02-20T18:46:02Z">
          <reporter-output>
          </reporter-output>
        </test-method> <!-- Home_Login_InvalidUserName -->
        <test-method status="PASS" signature="tearDown()[pri:0, instance:Scripts.LoginTestScript@343f4d3d]" name="tearDown" is-config="true" duration-ms="872" started-at="2019-02-20T18:46:02Z" finished-at="2019-02-20T18:46:03Z">
          <reporter-output>
          </reporter-output>
        </test-method> <!-- tearDown -->
        <test-method status="PASS" signature="setUp()[pri:0, instance:Scripts.LoginTestScript@343f4d3d]" name="setUp" is-config="true" duration-ms="4078" started-at="2019-02-20T18:46:03Z" finished-at="2019-02-20T18:46:07Z">
          <reporter-output>
          </reporter-output>
        </test-method> <!-- setUp -->
        <test-method status="PASS" signature="Home_Login_ValidUserName_BlankPwd()[pri:0, instance:Scripts.LoginTestScript@343f4d3d]" name="Home_Login_ValidUserName_BlankPwd" duration-ms="316" started-at="2019-02-20T18:46:07Z" finished-at="2019-02-20T18:46:07Z">
          <reporter-output>
          </reporter-output>
        </test-method> <!-- Home_Login_ValidUserName_BlankPwd -->
        <test-method status="PASS" signature="tearDown()[pri:0, instance:Scripts.LoginTestScript@343f4d3d]" name="tearDown" is-config="true" duration-ms="861" started-at="2019-02-20T18:46:07Z" finished-at="2019-02-20T18:46:08Z">
          <reporter-output>
          </reporter-output>
        </test-method> <!-- tearDown -->
        <test-method status="PASS" signature="setUp()[pri:0, instance:Scripts.LoginTestScript@343f4d3d]" name="setUp" is-config="true" duration-ms="4265" started-at="2019-02-20T18:46:08Z" finished-at="2019-02-20T18:46:12Z">
          <reporter-output>
          </reporter-output>
        </test-method> <!-- setUp -->
        <test-method status="PASS" signature="Home_Login_ValidUserName_InvalidPwd()[pri:0, instance:Scripts.LoginTestScript@343f4d3d]" name="Home_Login_ValidUserName_InvalidPwd" duration-ms="401" started-at="2019-02-20T18:46:12Z" finished-at="2019-02-20T18:46:13Z">
          <reporter-output>
          </reporter-output>
        </test-method> <!-- Home_Login_ValidUserName_InvalidPwd -->
        <test-method status="PASS" signature="tearDown()[pri:0, instance:Scripts.LoginTestScript@343f4d3d]" name="tearDown" is-config="true" duration-ms="877" started-at="2019-02-20T18:46:13Z" finished-at="2019-02-20T18:46:14Z">
          <reporter-output>
          </reporter-output>
        </test-method> <!-- tearDown -->
        <test-method status="PASS" signature="setUp()[pri:0, instance:Scripts.LoginTestScript@343f4d3d]" name="setUp" is-config="true" duration-ms="4087" started-at="2019-02-20T18:46:14Z" finished-at="2019-02-20T18:46:18Z">
          <reporter-output>
          </reporter-output>
        </test-method> <!-- setUp -->
        <test-method status="PASS" signature="Home_Login_ValidUserName_ValidPwd()[pri:0, instance:Scripts.LoginTestScript@343f4d3d]" name="Home_Login_ValidUserName_ValidPwd" duration-ms="736" started-at="2019-02-20T18:46:18Z" finished-at="2019-02-20T18:46:18Z">
          <reporter-output>
          </reporter-output>
        </test-method> <!-- Home_Login_ValidUserName_ValidPwd -->
        <test-method status="PASS" signature="tearDown()[pri:0, instance:Scripts.LoginTestScript@343f4d3d]" name="tearDown" is-config="true" duration-ms="870" started-at="2019-02-20T18:46:18Z" finished-at="2019-02-20T18:46:19Z">
          <reporter-output>
          </reporter-output>
        </test-method> <!-- tearDown -->
        <test-method status="PASS" signature="closeBrowser()[pri:0, instance:Scripts.LoginTestScript@343f4d3d]" name="closeBrowser" is-config="true" duration-ms="0" started-at="2019-02-20T18:46:19Z" finished-at="2019-02-20T18:46:19Z">
          <reporter-output>
          </reporter-output>
        </test-method> <!-- closeBrowser -->
        <test-method status="PASS" signature="closingAllConnections()[pri:0, instance:Scripts.LoginTestScript@343f4d3d]" name="closingAllConnections" is-config="true" duration-ms="0" started-at="2019-02-20T18:46:19Z" finished-at="2019-02-20T18:46:19Z">
          <reporter-output>
          </reporter-output>
        </test-method> <!-- closingAllConnections -->
      </class> <!-- Scripts.LoginTestScript -->
      <class name="Scripts.PassportVerificationTestScript">
        <test-method status="PASS" signature="initializingConnections()[pri:0, instance:Scripts.PassportVerificationTestScript@39c0f4a]" name="initializingConnections" is-config="true" duration-ms="156" started-at="2019-02-20T18:44:48Z" finished-at="2019-02-20T18:44:48Z">
          <reporter-output>
          </reporter-output>
        </test-method> <!-- initializingConnections -->
        <test-method status="PASS" signature="setUp()[pri:0, instance:Scripts.PassportVerificationTestScript@39c0f4a]" name="setUp" is-config="true" duration-ms="11705" started-at="2019-02-20T18:44:48Z" finished-at="2019-02-20T18:45:00Z">
          <reporter-output>
          </reporter-output>
        </test-method> <!-- setUp -->
        <test-method status="PASS" signature="blank_passport_number()[pri:0, instance:Scripts.PassportVerificationTestScript@39c0f4a]" name="blank_passport_number" duration-ms="5452" started-at="2019-02-20T18:45:00Z" finished-at="2019-02-20T18:45:05Z">
          <reporter-output>
          </reporter-output>
        </test-method> <!-- blank_passport_number -->
        <test-method status="PASS" signature="tearDown()[pri:0, instance:Scripts.PassportVerificationTestScript@39c0f4a]" name="tearDown" is-config="true" duration-ms="1365" started-at="2019-02-20T18:45:05Z" finished-at="2019-02-20T18:45:07Z">
          <reporter-output>
          </reporter-output>
        </test-method> <!-- tearDown -->
        <test-method status="PASS" signature="setUp()[pri:0, instance:Scripts.PassportVerificationTestScript@39c0f4a]" name="setUp" is-config="true" duration-ms="10311" started-at="2019-02-20T18:45:07Z" finished-at="2019-02-20T18:45:17Z">
          <reporter-output>
          </reporter-output>
        </test-method> <!-- setUp -->
        <test-method status="PASS" signature="invalid_passport_number()[pri:0, instance:Scripts.PassportVerificationTestScript@39c0f4a]" name="invalid_passport_number" duration-ms="5293" started-at="2019-02-20T18:45:17Z" finished-at="2019-02-20T18:45:22Z">
          <reporter-output>
          </reporter-output>
        </test-method> <!-- invalid_passport_number -->
        <test-method status="PASS" signature="tearDown()[pri:0, instance:Scripts.PassportVerificationTestScript@39c0f4a]" name="tearDown" is-config="true" duration-ms="872" started-at="2019-02-20T18:45:22Z" finished-at="2019-02-20T18:45:23Z">
          <reporter-output>
          </reporter-output>
        </test-method> <!-- tearDown -->
        <test-method status="PASS" signature="setUp()[pri:0, instance:Scripts.PassportVerificationTestScript@39c0f4a]" name="setUp" is-config="true" duration-ms="8102" started-at="2019-02-20T18:45:23Z" finished-at="2019-02-20T18:45:31Z">
          <reporter-output>
          </reporter-output>
        </test-method> <!-- setUp -->
        <test-method status="PASS" signature="valid_passport_number()[pri:0, instance:Scripts.PassportVerificationTestScript@39c0f4a]" name="valid_passport_number" duration-ms="5424" started-at="2019-02-20T18:45:31Z" finished-at="2019-02-20T18:45:37Z">
          <reporter-output>
          </reporter-output>
        </test-method> <!-- valid_passport_number -->
        <test-method status="PASS" signature="tearDown()[pri:0, instance:Scripts.PassportVerificationTestScript@39c0f4a]" name="tearDown" is-config="true" duration-ms="841" started-at="2019-02-20T18:45:37Z" finished-at="2019-02-20T18:45:38Z">
          <reporter-output>
          </reporter-output>
        </test-method> <!-- tearDown -->
        <test-method status="PASS" signature="closingAllConnections()[pri:0, instance:Scripts.PassportVerificationTestScript@39c0f4a]" name="closingAllConnections" is-config="true" duration-ms="0" started-at="2019-02-20T18:45:38Z" finished-at="2019-02-20T18:45:38Z">
          <reporter-output>
          </reporter-output>
        </test-method> <!-- closingAllConnections -->
        <test-method status="PASS" signature="closeBrowser()[pri:0, instance:Scripts.PassportVerificationTestScript@39c0f4a]" name="closeBrowser" is-config="true" duration-ms="0" started-at="2019-02-20T18:45:38Z" finished-at="2019-02-20T18:45:38Z">
          <reporter-output>
          </reporter-output>
        </test-method> <!-- closeBrowser -->
      </class> <!-- Scripts.PassportVerificationTestScript -->
      <class name="Scripts.NSDLVerificationTestScript">
        <test-method status="PASS" signature="initializingConnections()[pri:0, instance:Scripts.NSDLVerificationTestScript@685cb137]" name="initializingConnections" is-config="true" duration-ms="57" started-at="2019-02-20T18:53:04Z" finished-at="2019-02-20T18:53:04Z">
          <reporter-output>
          </reporter-output>
        </test-method> <!-- initializingConnections -->
        <test-method status="PASS" signature="setUp()[pri:0, instance:Scripts.NSDLVerificationTestScript@685cb137]" name="setUp" is-config="true" duration-ms="11931" started-at="2019-02-20T18:53:04Z" finished-at="2019-02-20T18:53:16Z">
          <reporter-output>
          </reporter-output>
        </test-method> <!-- setUp -->
        <test-method status="PASS" signature="blank_pan_id()[pri:0, instance:Scripts.NSDLVerificationTestScript@685cb137]" name="blank_pan_id" duration-ms="2141" started-at="2019-02-20T18:53:16Z" finished-at="2019-02-20T18:53:18Z">
          <reporter-output>
          </reporter-output>
        </test-method> <!-- blank_pan_id -->
        <test-method status="PASS" signature="tearDown()[pri:0, instance:Scripts.NSDLVerificationTestScript@685cb137]" name="tearDown" is-config="true" duration-ms="832" started-at="2019-02-20T18:53:18Z" finished-at="2019-02-20T18:53:19Z">
          <reporter-output>
          </reporter-output>
        </test-method> <!-- tearDown -->
        <test-method status="PASS" signature="setUp()[pri:0, instance:Scripts.NSDLVerificationTestScript@685cb137]" name="setUp" is-config="true" duration-ms="11958" started-at="2019-02-20T18:53:19Z" finished-at="2019-02-20T18:53:31Z">
          <reporter-output>
          </reporter-output>
        </test-method> <!-- setUp -->
        <test-method status="PASS" signature="invalid_pan_id()[pri:0, instance:Scripts.NSDLVerificationTestScript@685cb137]" name="invalid_pan_id" duration-ms="2232" started-at="2019-02-20T18:53:31Z" finished-at="2019-02-20T18:53:33Z">
          <reporter-output>
          </reporter-output>
        </test-method> <!-- invalid_pan_id -->
        <test-method status="PASS" signature="tearDown()[pri:0, instance:Scripts.NSDLVerificationTestScript@685cb137]" name="tearDown" is-config="true" duration-ms="822" started-at="2019-02-20T18:53:33Z" finished-at="2019-02-20T18:53:34Z">
          <reporter-output>
          </reporter-output>
        </test-method> <!-- tearDown -->
        <test-method status="PASS" signature="setUp()[pri:0, instance:Scripts.NSDLVerificationTestScript@685cb137]" name="setUp" is-config="true" duration-ms="11627" started-at="2019-02-20T18:53:34Z" finished-at="2019-02-20T18:53:46Z">
          <reporter-output>
          </reporter-output>
        </test-method> <!-- setUp -->
        <test-method status="PASS" signature="valid_pan_id()[pri:0, instance:Scripts.NSDLVerificationTestScript@685cb137]" name="valid_pan_id" duration-ms="2321" started-at="2019-02-20T18:53:46Z" finished-at="2019-02-20T18:53:48Z">
          <reporter-output>
          </reporter-output>
        </test-method> <!-- valid_pan_id -->
        <test-method status="PASS" signature="tearDown()[pri:0, instance:Scripts.NSDLVerificationTestScript@685cb137]" name="tearDown" is-config="true" duration-ms="867" started-at="2019-02-20T18:53:48Z" finished-at="2019-02-20T18:53:49Z">
          <reporter-output>
          </reporter-output>
        </test-method> <!-- tearDown -->
        <test-method status="PASS" signature="closingAllConnections()[pri:0, instance:Scripts.NSDLVerificationTestScript@685cb137]" name="closingAllConnections" is-config="true" duration-ms="0" started-at="2019-02-20T18:53:49Z" finished-at="2019-02-20T18:53:49Z">
          <reporter-output>
          </reporter-output>
        </test-method> <!-- closingAllConnections -->
        <test-method status="PASS" signature="closeBrowser()[pri:0, instance:Scripts.NSDLVerificationTestScript@685cb137]" name="closeBrowser" is-config="true" duration-ms="0" started-at="2019-02-20T18:53:49Z" finished-at="2019-02-20T18:53:49Z">
          <reporter-output>
          </reporter-output>
        </test-method> <!-- closeBrowser -->
      </class> <!-- Scripts.NSDLVerificationTestScript -->
      <class name="Scripts.UpdateTestScript">
        <test-method status="PASS" signature="intializingConnections()[pri:0, instance:Scripts.UpdateTestScript@604ed9f0]" name="intializingConnections" is-config="true" duration-ms="91" started-at="2019-02-20T18:45:38Z" finished-at="2019-02-20T18:45:38Z">
          <reporter-output>
          </reporter-output>
        </test-method> <!-- intializingConnections -->
        <test-method status="PASS" signature="setUp()[pri:0, instance:Scripts.UpdateTestScript@604ed9f0]" name="setUp" is-config="true" duration-ms="5762" started-at="2019-02-20T18:45:38Z" finished-at="2019-02-20T18:45:43Z">
          <reporter-output>
          </reporter-output>
        </test-method> <!-- setUp -->
        <test-method status="PASS" signature="Update_FileUpload()[pri:0, instance:Scripts.UpdateTestScript@604ed9f0]" name="Update_FileUpload" duration-ms="1732" started-at="2019-02-20T18:45:43Z" finished-at="2019-02-20T18:45:45Z">
          <reporter-output>
          </reporter-output>
        </test-method> <!-- Update_FileUpload -->
        <test-method status="PASS" signature="tearDown()[pri:0, instance:Scripts.UpdateTestScript@604ed9f0]" name="tearDown" is-config="true" duration-ms="927" started-at="2019-02-20T18:45:45Z" finished-at="2019-02-20T18:45:46Z">
          <reporter-output>
          </reporter-output>
        </test-method> <!-- tearDown -->
        <test-method status="PASS" signature="closeBrowser()[pri:0, instance:Scripts.UpdateTestScript@604ed9f0]" name="closeBrowser" is-config="true" duration-ms="0" started-at="2019-02-20T18:45:46Z" finished-at="2019-02-20T18:45:46Z">
          <reporter-output>
          </reporter-output>
        </test-method> <!-- closeBrowser -->
        <test-method status="PASS" signature="closingAllConnections()[pri:0, instance:Scripts.UpdateTestScript@604ed9f0]" name="closingAllConnections" is-config="true" duration-ms="0" started-at="2019-02-20T18:45:46Z" finished-at="2019-02-20T18:45:46Z">
          <reporter-output>
          </reporter-output>
        </test-method> <!-- closingAllConnections -->
      </class> <!-- Scripts.UpdateTestScript -->
      <class name="Scripts.AadharVerificationTestScript">
        <test-method status="PASS" signature="initializingConnections()[pri:0, instance:Scripts.AadharVerificationTestScript@1a968a59]" name="initializingConnections" is-config="true" duration-ms="57" started-at="2019-02-20T18:51:01Z" finished-at="2019-02-20T18:51:01Z">
          <reporter-output>
          </reporter-output>
        </test-method> <!-- initializingConnections -->
        <test-method status="PASS" signature="setUp()[pri:0, instance:Scripts.AadharVerificationTestScript@1a968a59]" name="setUp" is-config="true" duration-ms="9293" started-at="2019-02-20T18:51:01Z" finished-at="2019-02-20T18:51:10Z">
          <reporter-output>
          </reporter-output>
        </test-method> <!-- setUp -->
        <test-method status="PASS" signature="blank_aadhar_id()[pri:0, instance:Scripts.AadharVerificationTestScript@1a968a59]" name="blank_aadhar_id" duration-ms="5224" started-at="2019-02-20T18:51:10Z" finished-at="2019-02-20T18:51:15Z">
          <reporter-output>
          </reporter-output>
        </test-method> <!-- blank_aadhar_id -->
        <test-method status="PASS" signature="tearDown()[pri:0, instance:Scripts.AadharVerificationTestScript@1a968a59]" name="tearDown" is-config="true" duration-ms="802" started-at="2019-02-20T18:51:15Z" finished-at="2019-02-20T18:51:16Z">
          <reporter-output>
          </reporter-output>
        </test-method> <!-- tearDown -->
        <test-method status="PASS" signature="setUp()[pri:0, instance:Scripts.AadharVerificationTestScript@1a968a59]" name="setUp" is-config="true" duration-ms="8957" started-at="2019-02-20T18:51:16Z" finished-at="2019-02-20T18:51:25Z">
          <reporter-output>
          </reporter-output>
        </test-method> <!-- setUp -->
        <test-method status="PASS" signature="invalid_aadhar_id()[pri:0, instance:Scripts.AadharVerificationTestScript@1a968a59]" name="invalid_aadhar_id" duration-ms="5278" started-at="2019-02-20T18:51:25Z" finished-at="2019-02-20T18:51:30Z">
          <reporter-output>
          </reporter-output>
        </test-method> <!-- invalid_aadhar_id -->
        <test-method status="PASS" signature="tearDown()[pri:0, instance:Scripts.AadharVerificationTestScript@1a968a59]" name="tearDown" is-config="true" duration-ms="807" started-at="2019-02-20T18:51:30Z" finished-at="2019-02-20T18:51:31Z">
          <reporter-output>
          </reporter-output>
        </test-method> <!-- tearDown -->
        <test-method status="PASS" signature="setUp()[pri:0, instance:Scripts.AadharVerificationTestScript@1a968a59]" name="setUp" is-config="true" duration-ms="9117" started-at="2019-02-20T18:51:31Z" finished-at="2019-02-20T18:51:40Z">
          <reporter-output>
          </reporter-output>
        </test-method> <!-- setUp -->
        <test-method status="PASS" signature="valid_aadhar_id()[pri:0, instance:Scripts.AadharVerificationTestScript@1a968a59]" name="valid_aadhar_id" duration-ms="5345" started-at="2019-02-20T18:51:40Z" finished-at="2019-02-20T18:51:46Z">
          <reporter-output>
          </reporter-output>
        </test-method> <!-- valid_aadhar_id -->
        <test-method status="PASS" signature="tearDown()[pri:0, instance:Scripts.AadharVerificationTestScript@1a968a59]" name="tearDown" is-config="true" duration-ms="839" started-at="2019-02-20T18:51:46Z" finished-at="2019-02-20T18:51:46Z">
          <reporter-output>
          </reporter-output>
        </test-method> <!-- tearDown -->
        <test-method status="PASS" signature="closingAllConnections()[pri:0, instance:Scripts.AadharVerificationTestScript@1a968a59]" name="closingAllConnections" is-config="true" duration-ms="0" started-at="2019-02-20T18:51:46Z" finished-at="2019-02-20T18:51:46Z">
          <reporter-output>
          </reporter-output>
        </test-method> <!-- closingAllConnections -->
        <test-method status="PASS" signature="closeBrowser()[pri:0, instance:Scripts.AadharVerificationTestScript@1a968a59]" name="closeBrowser" is-config="true" duration-ms="0" started-at="2019-02-20T18:51:46Z" finished-at="2019-02-20T18:51:46Z">
          <reporter-output>
          </reporter-output>
        </test-method> <!-- closeBrowser -->
      </class> <!-- Scripts.AadharVerificationTestScript -->
      <class name="Scripts.AadharLoginTestScript">
        <test-method status="PASS" signature="intializingConnections()[pri:0, instance:Scripts.AadharLoginTestScript@4883b407]" name="intializingConnections" is-config="true" duration-ms="68" started-at="2019-02-20T18:47:47Z" finished-at="2019-02-20T18:47:47Z">
          <reporter-output>
          </reporter-output>
        </test-method> <!-- intializingConnections -->
        <test-method status="PASS" signature="setUp()[pri:0, instance:Scripts.AadharLoginTestScript@4883b407]" name="setUp" is-config="true" duration-ms="8666" started-at="2019-02-20T18:47:47Z" finished-at="2019-02-20T18:47:56Z">
          <reporter-output>
          </reporter-output>
        </test-method> <!-- setUp -->
        <test-method status="PASS" signature="Aadhar_Login_BlankUserName_BlankPwd()[pri:0, instance:Scripts.AadharLoginTestScript@4883b407]" name="Aadhar_Login_BlankUserName_BlankPwd" duration-ms="4339" started-at="2019-02-20T18:47:56Z" finished-at="2019-02-20T18:48:00Z">
          <reporter-output>
          </reporter-output>
        </test-method> <!-- Aadhar_Login_BlankUserName_BlankPwd -->
        <test-method status="PASS" signature="tearDown()[pri:0, instance:Scripts.AadharLoginTestScript@4883b407]" name="tearDown" is-config="true" duration-ms="851" started-at="2019-02-20T18:48:00Z" finished-at="2019-02-20T18:48:01Z">
          <reporter-output>
          </reporter-output>
        </test-method> <!-- tearDown -->
        <test-method status="PASS" signature="setUp()[pri:0, instance:Scripts.AadharLoginTestScript@4883b407]" name="setUp" is-config="true" duration-ms="7891" started-at="2019-02-20T18:48:01Z" finished-at="2019-02-20T18:48:09Z">
          <reporter-output>
          </reporter-output>
        </test-method> <!-- setUp -->
        <test-method status="PASS" signature="Aadhar_Login_BlankUserName_ValidPwd()[pri:0, instance:Scripts.AadharLoginTestScript@4883b407]" name="Aadhar_Login_BlankUserName_ValidPwd" duration-ms="117840" started-at="2019-02-20T18:48:09Z" finished-at="2019-02-20T18:50:07Z">
          <reporter-output>
          </reporter-output>
        </test-method> <!-- Aadhar_Login_BlankUserName_ValidPwd -->
        <test-method status="PASS" signature="tearDown()[pri:0, instance:Scripts.AadharLoginTestScript@4883b407]" name="tearDown" is-config="true" duration-ms="858" started-at="2019-02-20T18:50:07Z" finished-at="2019-02-20T18:50:08Z">
          <reporter-output>
          </reporter-output>
        </test-method> <!-- tearDown -->
        <test-method status="PASS" signature="setUp()[pri:0, instance:Scripts.AadharLoginTestScript@4883b407]" name="setUp" is-config="true" duration-ms="7834" started-at="2019-02-20T18:50:08Z" finished-at="2019-02-20T18:50:16Z">
          <reporter-output>
          </reporter-output>
        </test-method> <!-- setUp -->
        <test-method status="PASS" signature="Aadhar_Login_InvalidUserName()[pri:0, instance:Scripts.AadharLoginTestScript@4883b407]" name="Aadhar_Login_InvalidUserName" duration-ms="4365" started-at="2019-02-20T18:50:16Z" finished-at="2019-02-20T18:50:20Z">
          <reporter-output>
          </reporter-output>
        </test-method> <!-- Aadhar_Login_InvalidUserName -->
        <test-method status="PASS" signature="tearDown()[pri:0, instance:Scripts.AadharLoginTestScript@4883b407]" name="tearDown" is-config="true" duration-ms="802" started-at="2019-02-20T18:50:20Z" finished-at="2019-02-20T18:50:21Z">
          <reporter-output>
          </reporter-output>
        </test-method> <!-- tearDown -->
        <test-method status="PASS" signature="setUp()[pri:0, instance:Scripts.AadharLoginTestScript@4883b407]" name="setUp" is-config="true" duration-ms="7939" started-at="2019-02-20T18:50:21Z" finished-at="2019-02-20T18:50:29Z">
          <reporter-output>
          </reporter-output>
        </test-method> <!-- setUp -->
        <test-method status="PASS" signature="Aadhar_Login_ValidUserName_BlankPwd()[pri:0, instance:Scripts.AadharLoginTestScript@4883b407]" name="Aadhar_Login_ValidUserName_BlankPwd" duration-ms="4351" started-at="2019-02-20T18:50:29Z" finished-at="2019-02-20T18:50:33Z">
          <reporter-output>
          </reporter-output>
        </test-method> <!-- Aadhar_Login_ValidUserName_BlankPwd -->
        <test-method status="PASS" signature="tearDown()[pri:0, instance:Scripts.AadharLoginTestScript@4883b407]" name="tearDown" is-config="true" duration-ms="832" started-at="2019-02-20T18:50:33Z" finished-at="2019-02-20T18:50:34Z">
          <reporter-output>
          </reporter-output>
        </test-method> <!-- tearDown -->
        <test-method status="PASS" signature="setUp()[pri:0, instance:Scripts.AadharLoginTestScript@4883b407]" name="setUp" is-config="true" duration-ms="7755" started-at="2019-02-20T18:50:34Z" finished-at="2019-02-20T18:50:42Z">
          <reporter-output>
          </reporter-output>
        </test-method> <!-- setUp -->
        <test-method status="PASS" signature="Aadhar_Login_ValidUserName_InvalidPwd()[pri:0, instance:Scripts.AadharLoginTestScript@4883b407]" name="Aadhar_Login_ValidUserName_InvalidPwd" duration-ms="4382" started-at="2019-02-20T18:50:42Z" finished-at="2019-02-20T18:50:46Z">
          <reporter-output>
          </reporter-output>
        </test-method> <!-- Aadhar_Login_ValidUserName_InvalidPwd -->
        <test-method status="PASS" signature="tearDown()[pri:0, instance:Scripts.AadharLoginTestScript@4883b407]" name="tearDown" is-config="true" duration-ms="819" started-at="2019-02-20T18:50:46Z" finished-at="2019-02-20T18:50:47Z">
          <reporter-output>
          </reporter-output>
        </test-method> <!-- tearDown -->
        <test-method status="PASS" signature="setUp()[pri:0, instance:Scripts.AadharLoginTestScript@4883b407]" name="setUp" is-config="true" duration-ms="7709" started-at="2019-02-20T18:50:47Z" finished-at="2019-02-20T18:50:55Z">
          <reporter-output>
          </reporter-output>
        </test-method> <!-- setUp -->
        <test-method status="PASS" signature="Aadhar_Login_ValidUserName_ValidPwd()[pri:0, instance:Scripts.AadharLoginTestScript@4883b407]" name="Aadhar_Login_ValidUserName_ValidPwd" duration-ms="5419" started-at="2019-02-20T18:50:55Z" finished-at="2019-02-20T18:51:00Z">
          <reporter-output>
          </reporter-output>
        </test-method> <!-- Aadhar_Login_ValidUserName_ValidPwd -->
        <test-method status="PASS" signature="tearDown()[pri:0, instance:Scripts.AadharLoginTestScript@4883b407]" name="tearDown" is-config="true" duration-ms="839" started-at="2019-02-20T18:51:00Z" finished-at="2019-02-20T18:51:01Z">
          <reporter-output>
          </reporter-output>
        </test-method> <!-- tearDown -->
        <test-method status="PASS" signature="closingAllConnections()[pri:0, instance:Scripts.AadharLoginTestScript@4883b407]" name="closingAllConnections" is-config="true" duration-ms="0" started-at="2019-02-20T18:51:01Z" finished-at="2019-02-20T18:51:01Z">
          <reporter-output>
          </reporter-output>
        </test-method> <!-- closingAllConnections -->
        <test-method status="PASS" signature="closeBrowser()[pri:0, instance:Scripts.AadharLoginTestScript@4883b407]" name="closeBrowser" is-config="true" duration-ms="0" started-at="2019-02-20T18:51:01Z" finished-at="2019-02-20T18:51:01Z">
          <reporter-output>
          </reporter-output>
        </test-method> <!-- closeBrowser -->
      </class> <!-- Scripts.AadharLoginTestScript -->
      <class name="Scripts.UserTestScript">
        <test-method status="PASS" signature="init()[pri:0, instance:Scripts.UserTestScript@3532ec19]" name="init" is-config="true" duration-ms="148" started-at="2019-02-20T18:43:45Z" finished-at="2019-02-20T18:43:45Z">
          <reporter-output>
          </reporter-output>
        </test-method> <!-- init -->
        <test-method status="PASS" signature="initializingConnections()[pri:0, instance:Scripts.UserTestScript@3532ec19]" name="initializingConnections" is-config="true" duration-ms="99" started-at="2019-02-20T18:46:19Z" finished-at="2019-02-20T18:46:19Z">
          <reporter-output>
          </reporter-output>
        </test-method> <!-- initializingConnections -->
        <test-method status="PASS" signature="setUp()[pri:0, instance:Scripts.UserTestScript@3532ec19]" name="setUp" is-config="true" duration-ms="5159" started-at="2019-02-20T18:46:19Z" finished-at="2019-02-20T18:46:25Z">
          <reporter-output>
          </reporter-output>
        </test-method> <!-- setUp -->
        <test-method status="PASS" signature="RegistrationFormTest_EmptyAadharNumber()[pri:0, instance:Scripts.UserTestScript@3532ec19]" name="RegistrationFormTest_EmptyAadharNumber" duration-ms="2399" started-at="2019-02-20T18:46:25Z" finished-at="2019-02-20T18:46:27Z">
          <reporter-output>
          </reporter-output>
        </test-method> <!-- RegistrationFormTest_EmptyAadharNumber -->
        <test-method status="PASS" signature="tearDown()[pri:0, instance:Scripts.UserTestScript@3532ec19]" name="tearDown" is-config="true" duration-ms="856" started-at="2019-02-20T18:46:27Z" finished-at="2019-02-20T18:46:28Z">
          <reporter-output>
          </reporter-output>
        </test-method> <!-- tearDown -->
        <test-method status="PASS" signature="getTestResult(org.testng.ITestResult)[pri:0, instance:Scripts.UserTestScript@3532ec19]" name="getTestResult" is-config="true" duration-ms="1" started-at="2019-02-20T18:46:28Z" finished-at="2019-02-20T18:46:28Z">
          <params>
            <param index="0">
              <value>
                <![CDATA[[TestResult name=RegistrationFormTest_EmptyAadharNumber status=SUCCESS method=UserTestScript.RegistrationFormTest_EmptyAadharNumber()[pri:0, instance:Scripts.UserTestScript@3532ec19] output={null}]]]>
              </value>
            </param>
          </params>
          <reporter-output>
          </reporter-output>
        </test-method> <!-- getTestResult -->
        <test-method status="PASS" signature="setUp()[pri:0, instance:Scripts.UserTestScript@3532ec19]" name="setUp" is-config="true" duration-ms="10812" started-at="2019-02-20T18:46:28Z" finished-at="2019-02-20T18:46:39Z">
          <reporter-output>
          </reporter-output>
        </test-method> <!-- setUp -->
        <test-method status="PASS" signature="RegistrationFormTest_EmptyCity()[pri:0, instance:Scripts.UserTestScript@3532ec19]" name="RegistrationFormTest_EmptyCity" duration-ms="1880" started-at="2019-02-20T18:46:39Z" finished-at="2019-02-20T18:46:41Z">
          <reporter-output>
          </reporter-output>
        </test-method> <!-- RegistrationFormTest_EmptyCity -->
        <test-method status="PASS" signature="tearDown()[pri:0, instance:Scripts.UserTestScript@3532ec19]" name="tearDown" is-config="true" duration-ms="860" started-at="2019-02-20T18:46:41Z" finished-at="2019-02-20T18:46:41Z">
          <reporter-output>
          </reporter-output>
        </test-method> <!-- tearDown -->
        <test-method status="PASS" signature="getTestResult(org.testng.ITestResult)[pri:0, instance:Scripts.UserTestScript@3532ec19]" name="getTestResult" is-config="true" duration-ms="0" started-at="2019-02-20T18:46:41Z" finished-at="2019-02-20T18:46:41Z">
          <params>
            <param index="0">
              <value>
                <![CDATA[[TestResult name=RegistrationFormTest_EmptyCity status=SUCCESS method=UserTestScript.RegistrationFormTest_EmptyCity()[pri:0, instance:Scripts.UserTestScript@3532ec19] output={null}]]]>
              </value>
            </param>
          </params>
          <reporter-output>
          </reporter-output>
        </test-method> <!-- getTestResult -->
        <test-method status="PASS" signature="setUp()[pri:0, instance:Scripts.UserTestScript@3532ec19]" name="setUp" is-config="true" duration-ms="5180" started-at="2019-02-20T18:46:41Z" finished-at="2019-02-20T18:46:47Z">
          <reporter-output>
          </reporter-output>
        </test-method> <!-- setUp -->
        <test-method status="PASS" signature="RegistrationFormTest_EmptyEmailId()[pri:0, instance:Scripts.UserTestScript@3532ec19]" name="RegistrationFormTest_EmptyEmailId" duration-ms="2042" started-at="2019-02-20T18:46:47Z" finished-at="2019-02-20T18:46:49Z">
          <reporter-output>
          </reporter-output>
        </test-method> <!-- RegistrationFormTest_EmptyEmailId -->
        <test-method status="PASS" signature="tearDown()[pri:0, instance:Scripts.UserTestScript@3532ec19]" name="tearDown" is-config="true" duration-ms="795" started-at="2019-02-20T18:46:49Z" finished-at="2019-02-20T18:46:49Z">
          <reporter-output>
          </reporter-output>
        </test-method> <!-- tearDown -->
        <test-method status="PASS" signature="getTestResult(org.testng.ITestResult)[pri:0, instance:Scripts.UserTestScript@3532ec19]" name="getTestResult" is-config="true" duration-ms="1" started-at="2019-02-20T18:46:49Z" finished-at="2019-02-20T18:46:49Z">
          <params>
            <param index="0">
              <value>
                <![CDATA[[TestResult name=RegistrationFormTest_EmptyEmailId status=SUCCESS method=UserTestScript.RegistrationFormTest_EmptyEmailId()[pri:0, instance:Scripts.UserTestScript@3532ec19] output={null}]]]>
              </value>
            </param>
          </params>
          <reporter-output>
          </reporter-output>
        </test-method> <!-- getTestResult -->
        <test-method status="PASS" signature="setUp()[pri:0, instance:Scripts.UserTestScript@3532ec19]" name="setUp" is-config="true" duration-ms="5753" started-at="2019-02-20T18:46:49Z" finished-at="2019-02-20T18:46:55Z">
          <reporter-output>
          </reporter-output>
        </test-method> <!-- setUp -->
        <test-method status="PASS" signature="RegistrationFormTest_EmptyFirstName()[pri:0, instance:Scripts.UserTestScript@3532ec19]" name="RegistrationFormTest_EmptyFirstName" duration-ms="1918" started-at="2019-02-20T18:46:55Z" finished-at="2019-02-20T18:46:57Z">
          <reporter-output>
          </reporter-output>
        </test-method> <!-- RegistrationFormTest_EmptyFirstName -->
        <test-method status="PASS" signature="tearDown()[pri:0, instance:Scripts.UserTestScript@3532ec19]" name="tearDown" is-config="true" duration-ms="803" started-at="2019-02-20T18:46:57Z" finished-at="2019-02-20T18:46:58Z">
          <reporter-output>
          </reporter-output>
        </test-method> <!-- tearDown -->
        <test-method status="PASS" signature="setUp()[pri:0, instance:Scripts.UserTestScript@3532ec19]" name="setUp" is-config="true" duration-ms="5179" started-at="2019-02-20T18:46:58Z" finished-at="2019-02-20T18:47:03Z">
          <reporter-output>
          </reporter-output>
        </test-method> <!-- setUp -->
        <test-method status="PASS" signature="getTestResult(org.testng.ITestResult)[pri:0, instance:Scripts.UserTestScript@3532ec19]" name="getTestResult" is-config="true" duration-ms="0" started-at="2019-02-20T18:46:58Z" finished-at="2019-02-20T18:46:58Z">
          <params>
            <param index="0">
              <value>
                <![CDATA[[TestResult name=RegistrationFormTest_EmptyFirstName status=SUCCESS method=UserTestScript.RegistrationFormTest_EmptyFirstName()[pri:0, instance:Scripts.UserTestScript@3532ec19] output={null}]]]>
              </value>
            </param>
          </params>
          <reporter-output>
          </reporter-output>
        </test-method> <!-- getTestResult -->
        <test-method status="PASS" signature="RegistrationFormTest_EmptyFlatNoOrBuildingName()[pri:0, instance:Scripts.UserTestScript@3532ec19]" name="RegistrationFormTest_EmptyFlatNoOrBuildingName" duration-ms="1928" started-at="2019-02-20T18:47:03Z" finished-at="2019-02-20T18:47:05Z">
          <reporter-output>
          </reporter-output>
        </test-method> <!-- RegistrationFormTest_EmptyFlatNoOrBuildingName -->
        <test-method status="PASS" signature="tearDown()[pri:0, instance:Scripts.UserTestScript@3532ec19]" name="tearDown" is-config="true" duration-ms="824" started-at="2019-02-20T18:47:05Z" finished-at="2019-02-20T18:47:06Z">
          <reporter-output>
          </reporter-output>
        </test-method> <!-- tearDown -->
        <test-method status="PASS" signature="getTestResult(org.testng.ITestResult)[pri:0, instance:Scripts.UserTestScript@3532ec19]" name="getTestResult" is-config="true" duration-ms="0" started-at="2019-02-20T18:47:06Z" finished-at="2019-02-20T18:47:06Z">
          <params>
            <param index="0">
              <value>
                <![CDATA[[TestResult name=RegistrationFormTest_EmptyFlatNoOrBuildingName status=SUCCESS method=UserTestScript.RegistrationFormTest_EmptyFlatNoOrBuildingName()[pri:0, instance:Scripts.UserTestScript@3532ec19] output={null}]]]>
              </value>
            </param>
          </params>
          <reporter-output>
          </reporter-output>
        </test-method> <!-- getTestResult -->
        <test-method status="PASS" signature="setUp()[pri:0, instance:Scripts.UserTestScript@3532ec19]" name="setUp" is-config="true" duration-ms="6310" started-at="2019-02-20T18:47:06Z" finished-at="2019-02-20T18:47:12Z">
          <reporter-output>
          </reporter-output>
        </test-method> <!-- setUp -->
        <test-method status="PASS" signature="RegistrationFormTest_EmptyLastName()[pri:0, instance:Scripts.UserTestScript@3532ec19]" name="RegistrationFormTest_EmptyLastName" duration-ms="2241" started-at="2019-02-20T18:47:12Z" finished-at="2019-02-20T18:47:14Z">
          <reporter-output>
          </reporter-output>
        </test-method> <!-- RegistrationFormTest_EmptyLastName -->
        <test-method status="PASS" signature="tearDown()[pri:0, instance:Scripts.UserTestScript@3532ec19]" name="tearDown" is-config="true" duration-ms="820" started-at="2019-02-20T18:47:14Z" finished-at="2019-02-20T18:47:15Z">
          <reporter-output>
          </reporter-output>
        </test-method> <!-- tearDown -->
        <test-method status="PASS" signature="getTestResult(org.testng.ITestResult)[pri:0, instance:Scripts.UserTestScript@3532ec19]" name="getTestResult" is-config="true" duration-ms="1" started-at="2019-02-20T18:47:15Z" finished-at="2019-02-20T18:47:15Z">
          <params>
            <param index="0">
              <value>
                <![CDATA[[TestResult name=RegistrationFormTest_EmptyLastName status=SUCCESS method=UserTestScript.RegistrationFormTest_EmptyLastName()[pri:0, instance:Scripts.UserTestScript@3532ec19] output={null}]]]>
              </value>
            </param>
          </params>
          <reporter-output>
          </reporter-output>
        </test-method> <!-- getTestResult -->
        <test-method status="PASS" signature="setUp()[pri:0, instance:Scripts.UserTestScript@3532ec19]" name="setUp" is-config="true" duration-ms="4823" started-at="2019-02-20T18:47:15Z" finished-at="2019-02-20T18:47:20Z">
          <reporter-output>
          </reporter-output>
        </test-method> <!-- setUp -->
        <test-method status="PASS" signature="RegistrationFormTest_EmptyMiddleName()[pri:0, instance:Scripts.UserTestScript@3532ec19]" name="RegistrationFormTest_EmptyMiddleName" duration-ms="2243" started-at="2019-02-20T18:47:20Z" finished-at="2019-02-20T18:47:22Z">
          <reporter-output>
          </reporter-output>
        </test-method> <!-- RegistrationFormTest_EmptyMiddleName -->
        <test-method status="PASS" signature="tearDown()[pri:0, instance:Scripts.UserTestScript@3532ec19]" name="tearDown" is-config="true" duration-ms="892" started-at="2019-02-20T18:47:22Z" finished-at="2019-02-20T18:47:23Z">
          <reporter-output>
          </reporter-output>
        </test-method> <!-- tearDown -->
        <test-method status="PASS" signature="getTestResult(org.testng.ITestResult)[pri:0, instance:Scripts.UserTestScript@3532ec19]" name="getTestResult" is-config="true" duration-ms="1" started-at="2019-02-20T18:47:23Z" finished-at="2019-02-20T18:47:23Z">
          <params>
            <param index="0">
              <value>
                <![CDATA[[TestResult name=RegistrationFormTest_EmptyMiddleName status=SUCCESS method=UserTestScript.RegistrationFormTest_EmptyMiddleName()[pri:0, instance:Scripts.UserTestScript@3532ec19] output={null}]]]>
              </value>
            </param>
          </params>
          <reporter-output>
          </reporter-output>
        </test-method> <!-- getTestResult -->
        <test-method status="PASS" signature="setUp()[pri:0, instance:Scripts.UserTestScript@3532ec19]" name="setUp" is-config="true" duration-ms="5587" started-at="2019-02-20T18:47:23Z" finished-at="2019-02-20T18:47:29Z">
          <reporter-output>
          </reporter-output>
        </test-method> <!-- setUp -->
        <test-method status="PASS" signature="RegistrationFormTest_EmptyMobileNumber()[pri:0, instance:Scripts.UserTestScript@3532ec19]" name="RegistrationFormTest_EmptyMobileNumber" duration-ms="2171" started-at="2019-02-20T18:47:29Z" finished-at="2019-02-20T18:47:31Z">
          <reporter-output>
          </reporter-output>
        </test-method> <!-- RegistrationFormTest_EmptyMobileNumber -->
        <test-method status="PASS" signature="tearDown()[pri:0, instance:Scripts.UserTestScript@3532ec19]" name="tearDown" is-config="true" duration-ms="817" started-at="2019-02-20T18:47:31Z" finished-at="2019-02-20T18:47:32Z">
          <reporter-output>
          </reporter-output>
        </test-method> <!-- tearDown -->
        <test-method status="PASS" signature="setUp()[pri:0, instance:Scripts.UserTestScript@3532ec19]" name="setUp" is-config="true" duration-ms="4720" started-at="2019-02-20T18:47:32Z" finished-at="2019-02-20T18:47:36Z">
          <reporter-output>
          </reporter-output>
        </test-method> <!-- setUp -->
        <test-method status="PASS" signature="getTestResult(org.testng.ITestResult)[pri:0, instance:Scripts.UserTestScript@3532ec19]" name="getTestResult" is-config="true" duration-ms="0" started-at="2019-02-20T18:47:32Z" finished-at="2019-02-20T18:47:32Z">
          <params>
            <param index="0">
              <value>
                <![CDATA[[TestResult name=RegistrationFormTest_EmptyMobileNumber status=SUCCESS method=UserTestScript.RegistrationFormTest_EmptyMobileNumber()[pri:0, instance:Scripts.UserTestScript@3532ec19] output={null}]]]>
              </value>
            </param>
          </params>
          <reporter-output>
          </reporter-output>
        </test-method> <!-- getTestResult -->
        <test-method status="PASS" signature="RegistrationFormTest_EmptyPanNumber()[pri:0, instance:Scripts.UserTestScript@3532ec19]" name="RegistrationFormTest_EmptyPanNumber" duration-ms="1971" started-at="2019-02-20T18:47:36Z" finished-at="2019-02-20T18:47:38Z">
          <reporter-output>
          </reporter-output>
        </test-method> <!-- RegistrationFormTest_EmptyPanNumber -->
        <test-method status="PASS" signature="tearDown()[pri:0, instance:Scripts.UserTestScript@3532ec19]" name="tearDown" is-config="true" duration-ms="789" started-at="2019-02-20T18:47:38Z" finished-at="2019-02-20T18:47:39Z">
          <reporter-output>
          </reporter-output>
        </test-method> <!-- tearDown -->
        <test-method status="PASS" signature="setUp()[pri:0, instance:Scripts.UserTestScript@3532ec19]" name="setUp" is-config="true" duration-ms="5042" started-at="2019-02-20T18:47:39Z" finished-at="2019-02-20T18:47:44Z">
          <reporter-output>
          </reporter-output>
        </test-method> <!-- setUp -->
        <test-method status="PASS" signature="getTestResult(org.testng.ITestResult)[pri:0, instance:Scripts.UserTestScript@3532ec19]" name="getTestResult" is-config="true" duration-ms="0" started-at="2019-02-20T18:47:39Z" finished-at="2019-02-20T18:47:39Z">
          <params>
            <param index="0">
              <value>
                <![CDATA[[TestResult name=RegistrationFormTest_EmptyPanNumber status=SUCCESS method=UserTestScript.RegistrationFormTest_EmptyPanNumber()[pri:0, instance:Scripts.UserTestScript@3532ec19] output={null}]]]>
              </value>
            </param>
          </params>
          <reporter-output>
          </reporter-output>
        </test-method> <!-- getTestResult -->
        <test-method status="PASS" signature="RegistrationFormTest_EmptySourceOfFunds()[pri:0, instance:Scripts.UserTestScript@3532ec19]" name="RegistrationFormTest_EmptySourceOfFunds" duration-ms="2137" started-at="2019-02-20T18:47:44Z" finished-at="2019-02-20T18:47:46Z">
          <reporter-output>
          </reporter-output>
        </test-method> <!-- RegistrationFormTest_EmptySourceOfFunds -->
        <test-method status="PASS" signature="tearDown()[pri:0, instance:Scripts.UserTestScript@3532ec19]" name="tearDown" is-config="true" duration-ms="813" started-at="2019-02-20T18:47:46Z" finished-at="2019-02-20T18:47:47Z">
          <reporter-output>
          </reporter-output>
        </test-method> <!-- tearDown -->
        <test-method status="PASS" signature="getTestResult(org.testng.ITestResult)[pri:0, instance:Scripts.UserTestScript@3532ec19]" name="getTestResult" is-config="true" duration-ms="0" started-at="2019-02-20T18:47:47Z" finished-at="2019-02-20T18:47:47Z">
          <params>
            <param index="0">
              <value>
                <![CDATA[[TestResult name=RegistrationFormTest_EmptySourceOfFunds status=SUCCESS method=UserTestScript.RegistrationFormTest_EmptySourceOfFunds()[pri:0, instance:Scripts.UserTestScript@3532ec19] output={null}]]]>
              </value>
            </param>
          </params>
          <reporter-output>
          </reporter-output>
        </test-method> <!-- getTestResult -->
        <test-method status="PASS" signature="closeBrowser()[pri:0, instance:Scripts.UserTestScript@3532ec19]" name="closeBrowser" is-config="true" duration-ms="0" started-at="2019-02-20T18:47:47Z" finished-at="2019-02-20T18:47:47Z">
          <reporter-output>
          </reporter-output>
        </test-method> <!-- closeBrowser -->
        <test-method status="PASS" signature="closingAllConnections()[pri:0, instance:Scripts.UserTestScript@3532ec19]" name="closingAllConnections" is-config="true" duration-ms="0" started-at="2019-02-20T18:47:47Z" finished-at="2019-02-20T18:47:47Z">
          <reporter-output>
          </reporter-output>
        </test-method> <!-- closingAllConnections -->
        <test-method status="PASS" signature="endreport()[pri:0, instance:Scripts.UserTestScript@3532ec19]" name="endreport" is-config="true" duration-ms="253" started-at="2019-02-20T18:53:49Z" finished-at="2019-02-20T18:53:49Z">
          <reporter-output>
          </reporter-output>
        </test-method> <!-- endreport -->
      </class> <!-- Scripts.UserTestScript -->
    </test> <!-- Testscriptsexecution -->
  </suite> <!-- Maven project -->
</testng-results>
