<?xml version="1.0" encoding="UTF-8"?>
<testng-results skipped="13" failed="0" total="44" passed="31">
  <reporter-output>
  </reporter-output>
  <suite name="Maven project" duration-ms="336605" started-at="2019-02-20T12:08:23Z" finished-at="2019-02-20T12:14:00Z">
    <groups>
    </groups>
    <test name="Testscriptsexecution" duration-ms="336605" started-at="2019-02-20T12:08:23Z" finished-at="2019-02-20T12:14:00Z">
      <class name="Scripts.PassportLoginTestScript">
        <test-method status="SKIP" signature="intializingConnections()[pri:0, instance:Scripts.PassportLoginTestScript@1a968a59]" name="intializingConnections" is-config="true" duration-ms="0" started-at="2019-02-20T17:44:00Z" finished-at="2019-02-20T17:44:00Z">
          <reporter-output>
          </reporter-output>
        </test-method> <!-- intializingConnections -->
        <test-method status="SKIP" signature="Passport_Login_BlankUserName_BlankPwd()[pri:0, instance:Scripts.PassportLoginTestScript@1a968a59]" name="Passport_Login_BlankUserName_BlankPwd" duration-ms="1" started-at="2019-02-20T17:44:00Z" finished-at="2019-02-20T17:44:00Z">
          <reporter-output>
          </reporter-output>
        </test-method> <!-- Passport_Login_BlankUserName_BlankPwd -->
        <test-method status="SKIP" signature="setUp()[pri:0, instance:Scripts.PassportLoginTestScript@1a968a59]" name="setUp" is-config="true" duration-ms="0" started-at="2019-02-20T17:44:00Z" finished-at="2019-02-20T17:44:00Z">
          <reporter-output>
          </reporter-output>
        </test-method> <!-- setUp -->
        <test-method status="SKIP" signature="tearDown()[pri:0, instance:Scripts.PassportLoginTestScript@1a968a59]" name="tearDown" is-config="true" duration-ms="0" started-at="2019-02-20T17:44:00Z" finished-at="2019-02-20T17:44:00Z">
          <reporter-output>
          </reporter-output>
        </test-method> <!-- tearDown -->
        <test-method status="SKIP" signature="setUp()[pri:0, instance:Scripts.PassportLoginTestScript@1a968a59]" name="setUp" is-config="true" duration-ms="0" started-at="2019-02-20T17:44:00Z" finished-at="2019-02-20T17:44:00Z">
          <reporter-output>
          </reporter-output>
        </test-method> <!-- setUp -->
        <test-method status="SKIP" signature="Passport_Login_BlankUserName_ValidPwd()[pri:0, instance:Scripts.PassportLoginTestScript@1a968a59]" name="Passport_Login_BlankUserName_ValidPwd" duration-ms="1" started-at="2019-02-20T17:44:00Z" finished-at="2019-02-20T17:44:00Z">
          <reporter-output>
          </reporter-output>
        </test-method> <!-- Passport_Login_BlankUserName_ValidPwd -->
        <test-method status="SKIP" signature="tearDown()[pri:0, instance:Scripts.PassportLoginTestScript@1a968a59]" name="tearDown" is-config="true" duration-ms="0" started-at="2019-02-20T17:44:00Z" finished-at="2019-02-20T17:44:00Z">
          <reporter-output>
          </reporter-output>
        </test-method> <!-- tearDown -->
        <test-method status="SKIP" signature="Passport_Login_InvalidUserName()[pri:0, instance:Scripts.PassportLoginTestScript@1a968a59]" name="Passport_Login_InvalidUserName" duration-ms="0" started-at="2019-02-20T17:44:00Z" finished-at="2019-02-20T17:44:00Z">
          <reporter-output>
          </reporter-output>
        </test-method> <!-- Passport_Login_InvalidUserName -->
        <test-method status="SKIP" signature="tearDown()[pri:0, instance:Scripts.PassportLoginTestScript@1a968a59]" name="tearDown" is-config="true" duration-ms="0" started-at="2019-02-20T17:44:00Z" finished-at="2019-02-20T17:44:00Z">
          <reporter-output>
          </reporter-output>
        </test-method> <!-- tearDown -->
        <test-method status="SKIP" signature="setUp()[pri:0, instance:Scripts.PassportLoginTestScript@1a968a59]" name="setUp" is-config="true" duration-ms="0" started-at="2019-02-20T17:44:00Z" finished-at="2019-02-20T17:44:00Z">
          <reporter-output>
          </reporter-output>
        </test-method> <!-- setUp -->
        <test-method status="SKIP" signature="Passport_Login_ValidUserName_BlankPwd()[pri:0, instance:Scripts.PassportLoginTestScript@1a968a59]" name="Passport_Login_ValidUserName_BlankPwd" duration-ms="0" started-at="2019-02-20T17:44:00Z" finished-at="2019-02-20T17:44:00Z">
          <reporter-output>
          </reporter-output>
        </test-method> <!-- Passport_Login_ValidUserName_BlankPwd -->
        <test-method status="SKIP" signature="setUp()[pri:0, instance:Scripts.PassportLoginTestScript@1a968a59]" name="setUp" is-config="true" duration-ms="0" started-at="2019-02-20T17:44:00Z" finished-at="2019-02-20T17:44:00Z">
          <reporter-output>
          </reporter-output>
        </test-method> <!-- setUp -->
        <test-method status="SKIP" signature="Passport_Login_ValidUserName_InvalidPwd()[pri:0, instance:Scripts.PassportLoginTestScript@1a968a59]" name="Passport_Login_ValidUserName_InvalidPwd" duration-ms="1" started-at="2019-02-20T17:44:00Z" finished-at="2019-02-20T17:44:00Z">
          <reporter-output>
          </reporter-output>
        </test-method> <!-- Passport_Login_ValidUserName_InvalidPwd -->
        <test-method status="SKIP" signature="tearDown()[pri:0, instance:Scripts.PassportLoginTestScript@1a968a59]" name="tearDown" is-config="true" duration-ms="0" started-at="2019-02-20T17:44:00Z" finished-at="2019-02-20T17:44:00Z">
          <reporter-output>
          </reporter-output>
        </test-method> <!-- tearDown -->
        <test-method status="SKIP" signature="setUp()[pri:0, instance:Scripts.PassportLoginTestScript@1a968a59]" name="setUp" is-config="true" duration-ms="0" started-at="2019-02-20T17:44:00Z" finished-at="2019-02-20T17:44:00Z">
          <reporter-output>
          </reporter-output>
        </test-method> <!-- setUp -->
        <test-method status="SKIP" signature="setUp()[pri:0, instance:Scripts.PassportLoginTestScript@1a968a59]" name="setUp" is-config="true" duration-ms="0" started-at="2019-02-20T17:44:00Z" finished-at="2019-02-20T17:44:00Z">
          <reporter-output>
          </reporter-output>
        </test-method> <!-- setUp -->
        <test-method status="SKIP" signature="tearDown()[pri:0, instance:Scripts.PassportLoginTestScript@1a968a59]" name="tearDown" is-config="true" duration-ms="0" started-at="2019-02-20T17:44:00Z" finished-at="2019-02-20T17:44:00Z">
          <reporter-output>
          </reporter-output>
        </test-method> <!-- tearDown -->
        <test-method status="SKIP" signature="tearDown()[pri:0, instance:Scripts.PassportLoginTestScript@1a968a59]" name="tearDown" is-config="true" duration-ms="0" started-at="2019-02-20T17:44:00Z" finished-at="2019-02-20T17:44:00Z">
          <reporter-output>
          </reporter-output>
        </test-method> <!-- tearDown -->
        <test-method status="SKIP" signature="Passport_Login_ValidUserName_ValidPwd()[pri:0, instance:Scripts.PassportLoginTestScript@1a968a59]" name="Passport_Login_ValidUserName_ValidPwd" duration-ms="0" started-at="2019-02-20T17:44:00Z" finished-at="2019-02-20T17:44:00Z">
          <reporter-output>
          </reporter-output>
        </test-method> <!-- Passport_Login_ValidUserName_ValidPwd -->
        <test-method status="SKIP" signature="closingAllConnections()[pri:0, instance:Scripts.PassportLoginTestScript@1a968a59]" name="closingAllConnections" is-config="true" duration-ms="0" started-at="2019-02-20T17:44:00Z" finished-at="2019-02-20T17:44:00Z">
          <reporter-output>
          </reporter-output>
        </test-method> <!-- closingAllConnections -->
        <test-method status="SKIP" signature="closeBrowser()[pri:0, instance:Scripts.PassportLoginTestScript@1a968a59]" name="closeBrowser" is-config="true" duration-ms="0" started-at="2019-02-20T17:44:00Z" finished-at="2019-02-20T17:44:00Z">
          <reporter-output>
          </reporter-output>
        </test-method> <!-- closeBrowser -->
      </class> <!-- Scripts.PassportLoginTestScript -->
      <class name="Scripts.NSDLLoginTestScript">
        <test-method status="PASS" signature="init()[pri:0, instance:Scripts.NSDLLoginTestScript@3532ec19]" name="init" is-config="true" duration-ms="146" started-at="2019-02-20T17:38:23Z" finished-at="2019-02-20T17:38:23Z">
          <reporter-output>
          </reporter-output>
        </test-method> <!-- init -->
        <test-method status="PASS" signature="intializingConnections()[pri:0, instance:Scripts.NSDLLoginTestScript@3532ec19]" name="intializingConnections" is-config="true" duration-ms="75" started-at="2019-02-20T17:42:36Z" finished-at="2019-02-20T17:42:36Z">
          <reporter-output>
          </reporter-output>
        </test-method> <!-- intializingConnections -->
        <test-method status="PASS" signature="setUp()[pri:0, instance:Scripts.NSDLLoginTestScript@3532ec19]" name="setUp" is-config="true" duration-ms="5293" started-at="2019-02-20T17:42:36Z" finished-at="2019-02-20T17:42:41Z">
          <reporter-output>
          </reporter-output>
        </test-method> <!-- setUp -->
        <test-method status="PASS" signature="NSDL_Login_BlankUserName_BlankPwd()[pri:0, instance:Scripts.NSDLLoginTestScript@3532ec19]" name="NSDL_Login_BlankUserName_BlankPwd" duration-ms="6309" started-at="2019-02-20T17:42:41Z" finished-at="2019-02-20T17:42:47Z">
          <reporter-output>
          </reporter-output>
        </test-method> <!-- NSDL_Login_BlankUserName_BlankPwd -->
        <test-method status="PASS" signature="tearDown()[pri:0, instance:Scripts.NSDLLoginTestScript@3532ec19]" name="tearDown" is-config="true" duration-ms="885" started-at="2019-02-20T17:42:47Z" finished-at="2019-02-20T17:42:48Z">
          <reporter-output>
          </reporter-output>
        </test-method> <!-- tearDown -->
        <test-method status="PASS" signature="setUp()[pri:0, instance:Scripts.NSDLLoginTestScript@3532ec19]" name="setUp" is-config="true" duration-ms="6159" started-at="2019-02-20T17:42:48Z" finished-at="2019-02-20T17:42:54Z">
          <reporter-output>
          </reporter-output>
        </test-method> <!-- setUp -->
        <test-method status="PASS" signature="NSDL_Login_BlankUserName_ValidPwd()[pri:0, instance:Scripts.NSDLLoginTestScript@3532ec19]" name="NSDL_Login_BlankUserName_ValidPwd" duration-ms="6275" started-at="2019-02-20T17:42:54Z" finished-at="2019-02-20T17:43:01Z">
          <reporter-output>
          </reporter-output>
        </test-method> <!-- NSDL_Login_BlankUserName_ValidPwd -->
        <test-method status="PASS" signature="tearDown()[pri:0, instance:Scripts.NSDLLoginTestScript@3532ec19]" name="tearDown" is-config="true" duration-ms="830" started-at="2019-02-20T17:43:01Z" finished-at="2019-02-20T17:43:02Z">
          <reporter-output>
          </reporter-output>
        </test-method> <!-- tearDown -->
        <test-method status="PASS" signature="setUp()[pri:0, instance:Scripts.NSDLLoginTestScript@3532ec19]" name="setUp" is-config="true" duration-ms="5318" started-at="2019-02-20T17:43:02Z" finished-at="2019-02-20T17:43:07Z">
          <reporter-output>
          </reporter-output>
        </test-method> <!-- setUp -->
        <test-method status="PASS" signature="NSDL_Login_InvalidUserName()[pri:0, instance:Scripts.NSDLLoginTestScript@3532ec19]" name="NSDL_Login_InvalidUserName" duration-ms="6251" started-at="2019-02-20T17:43:07Z" finished-at="2019-02-20T17:43:13Z">
          <reporter-output>
          </reporter-output>
        </test-method> <!-- NSDL_Login_InvalidUserName -->
        <test-method status="PASS" signature="tearDown()[pri:0, instance:Scripts.NSDLLoginTestScript@3532ec19]" name="tearDown" is-config="true" duration-ms="833" started-at="2019-02-20T17:43:13Z" finished-at="2019-02-20T17:43:14Z">
          <reporter-output>
          </reporter-output>
        </test-method> <!-- tearDown -->
        <test-method status="PASS" signature="setUp()[pri:0, instance:Scripts.NSDLLoginTestScript@3532ec19]" name="setUp" is-config="true" duration-ms="4797" started-at="2019-02-20T17:43:14Z" finished-at="2019-02-20T17:43:19Z">
          <reporter-output>
          </reporter-output>
        </test-method> <!-- setUp -->
        <test-method status="PASS" signature="NSDL_Login_ValidUserName_BlankPwd()[pri:0, instance:Scripts.NSDLLoginTestScript@3532ec19]" name="NSDL_Login_ValidUserName_BlankPwd" duration-ms="6348" started-at="2019-02-20T17:43:19Z" finished-at="2019-02-20T17:43:25Z">
          <reporter-output>
          </reporter-output>
        </test-method> <!-- NSDL_Login_ValidUserName_BlankPwd -->
        <test-method status="PASS" signature="tearDown()[pri:0, instance:Scripts.NSDLLoginTestScript@3532ec19]" name="tearDown" is-config="true" duration-ms="824" started-at="2019-02-20T17:43:25Z" finished-at="2019-02-20T17:43:26Z">
          <reporter-output>
          </reporter-output>
        </test-method> <!-- tearDown -->
        <test-method status="PASS" signature="setUp()[pri:0, instance:Scripts.NSDLLoginTestScript@3532ec19]" name="setUp" is-config="true" duration-ms="5630" started-at="2019-02-20T17:43:26Z" finished-at="2019-02-20T17:43:32Z">
          <reporter-output>
          </reporter-output>
        </test-method> <!-- setUp -->
        <test-method status="PASS" signature="NSDL_Login_ValidUserName_InvalidPwd()[pri:0, instance:Scripts.NSDLLoginTestScript@3532ec19]" name="NSDL_Login_ValidUserName_InvalidPwd" duration-ms="6337" started-at="2019-02-20T17:43:32Z" finished-at="2019-02-20T17:43:38Z">
          <reporter-output>
          </reporter-output>
        </test-method> <!-- NSDL_Login_ValidUserName_InvalidPwd -->
        <test-method status="PASS" signature="tearDown()[pri:0, instance:Scripts.NSDLLoginTestScript@3532ec19]" name="tearDown" is-config="true" duration-ms="871" started-at="2019-02-20T17:43:38Z" finished-at="2019-02-20T17:43:39Z">
          <reporter-output>
          </reporter-output>
        </test-method> <!-- tearDown -->
        <test-method status="PASS" signature="setUp()[pri:0, instance:Scripts.NSDLLoginTestScript@3532ec19]" name="setUp" is-config="true" duration-ms="5926" started-at="2019-02-20T17:43:39Z" finished-at="2019-02-20T17:43:45Z">
          <reporter-output>
          </reporter-output>
        </test-method> <!-- setUp -->
        <test-method status="PASS" signature="NSDL_Login_ValidUserName_ValidPwd()[pri:0, instance:Scripts.NSDLLoginTestScript@3532ec19]" name="NSDL_Login_ValidUserName_ValidPwd" duration-ms="8392" started-at="2019-02-20T17:43:45Z" finished-at="2019-02-20T17:43:53Z">
          <reporter-output>
          </reporter-output>
        </test-method> <!-- NSDL_Login_ValidUserName_ValidPwd -->
        <test-method status="PASS" signature="tearDown()[pri:0, instance:Scripts.NSDLLoginTestScript@3532ec19]" name="tearDown" is-config="true" duration-ms="803" started-at="2019-02-20T17:43:53Z" finished-at="2019-02-20T17:43:54Z">
          <reporter-output>
          </reporter-output>
        </test-method> <!-- tearDown -->
        <test-method status="PASS" signature="closingAllConnections()[pri:0, instance:Scripts.NSDLLoginTestScript@3532ec19]" name="closingAllConnections" is-config="true" duration-ms="0" started-at="2019-02-20T17:43:54Z" finished-at="2019-02-20T17:43:54Z">
          <reporter-output>
          </reporter-output>
        </test-method> <!-- closingAllConnections -->
        <test-method status="PASS" signature="closeBrowser()[pri:0, instance:Scripts.NSDLLoginTestScript@3532ec19]" name="closeBrowser" is-config="true" duration-ms="0" started-at="2019-02-20T17:43:54Z" finished-at="2019-02-20T17:43:54Z">
          <reporter-output>
          </reporter-output>
        </test-method> <!-- closeBrowser -->
        <test-method status="SKIP" signature="endreport()[pri:0, instance:Scripts.NSDLLoginTestScript@3532ec19]" name="endreport" is-config="true" duration-ms="0" started-at="2019-02-20T17:44:00Z" finished-at="2019-02-20T17:44:00Z">
          <reporter-output>
          </reporter-output>
        </test-method> <!-- endreport -->
      </class> <!-- Scripts.NSDLLoginTestScript -->
      <class name="Scripts.LoginTestScript">
        <test-method status="PASS" signature="initializingConnections()[pri:0, instance:Scripts.LoginTestScript@5442a311]" name="initializingConnections" is-config="true" duration-ms="834" started-at="2019-02-20T17:38:23Z" finished-at="2019-02-20T17:38:24Z">
          <reporter-output>
          </reporter-output>
        </test-method> <!-- initializingConnections -->
        <test-method status="PASS" signature="setUp()[pri:0, instance:Scripts.LoginTestScript@5442a311]" name="setUp" is-config="true" duration-ms="6155" started-at="2019-02-20T17:38:24Z" finished-at="2019-02-20T17:38:30Z">
          <reporter-output>
          </reporter-output>
        </test-method> <!-- setUp -->
        <test-method status="PASS" signature="Home_Login_BlankUserName_BlankPwd()[pri:0, instance:Scripts.LoginTestScript@5442a311]" name="Home_Login_BlankUserName_BlankPwd" duration-ms="466" started-at="2019-02-20T17:38:30Z" finished-at="2019-02-20T17:38:31Z">
          <reporter-output>
          </reporter-output>
        </test-method> <!-- Home_Login_BlankUserName_BlankPwd -->
        <test-method status="PASS" signature="tearDown()[pri:0, instance:Scripts.LoginTestScript@5442a311]" name="tearDown" is-config="true" duration-ms="988" started-at="2019-02-20T17:38:31Z" finished-at="2019-02-20T17:38:32Z">
          <reporter-output>
          </reporter-output>
        </test-method> <!-- tearDown -->
        <test-method status="PASS" signature="setUp()[pri:0, instance:Scripts.LoginTestScript@5442a311]" name="setUp" is-config="true" duration-ms="4164" started-at="2019-02-20T17:38:32Z" finished-at="2019-02-20T17:38:36Z">
          <reporter-output>
          </reporter-output>
        </test-method> <!-- setUp -->
        <test-method status="PASS" signature="Home_Login_BlankUserName_ValidPwd()[pri:0, instance:Scripts.LoginTestScript@5442a311]" name="Home_Login_BlankUserName_ValidPwd" duration-ms="239" started-at="2019-02-20T17:38:36Z" finished-at="2019-02-20T17:38:36Z">
          <reporter-output>
          </reporter-output>
        </test-method> <!-- Home_Login_BlankUserName_ValidPwd -->
        <test-method status="PASS" signature="tearDown()[pri:0, instance:Scripts.LoginTestScript@5442a311]" name="tearDown" is-config="true" duration-ms="817" started-at="2019-02-20T17:38:36Z" finished-at="2019-02-20T17:38:37Z">
          <reporter-output>
          </reporter-output>
        </test-method> <!-- tearDown -->
        <test-method status="PASS" signature="setUp()[pri:0, instance:Scripts.LoginTestScript@5442a311]" name="setUp" is-config="true" duration-ms="3970" started-at="2019-02-20T17:38:37Z" finished-at="2019-02-20T17:38:41Z">
          <reporter-output>
          </reporter-output>
        </test-method> <!-- setUp -->
        <test-method status="PASS" signature="Home_Login_InvalidUserName()[pri:0, instance:Scripts.LoginTestScript@5442a311]" name="Home_Login_InvalidUserName" duration-ms="471" started-at="2019-02-20T17:38:41Z" finished-at="2019-02-20T17:38:41Z">
          <reporter-output>
          </reporter-output>
        </test-method> <!-- Home_Login_InvalidUserName -->
        <test-method status="PASS" signature="tearDown()[pri:0, instance:Scripts.LoginTestScript@5442a311]" name="tearDown" is-config="true" duration-ms="900" started-at="2019-02-20T17:38:41Z" finished-at="2019-02-20T17:38:42Z">
          <reporter-output>
          </reporter-output>
        </test-method> <!-- tearDown -->
        <test-method status="PASS" signature="setUp()[pri:0, instance:Scripts.LoginTestScript@5442a311]" name="setUp" is-config="true" duration-ms="4257" started-at="2019-02-20T17:38:42Z" finished-at="2019-02-20T17:38:46Z">
          <reporter-output>
          </reporter-output>
        </test-method> <!-- setUp -->
        <test-method status="PASS" signature="Home_Login_ValidUserName_BlankPwd()[pri:0, instance:Scripts.LoginTestScript@5442a311]" name="Home_Login_ValidUserName_BlankPwd" duration-ms="387" started-at="2019-02-20T17:38:46Z" finished-at="2019-02-20T17:38:47Z">
          <reporter-output>
          </reporter-output>
        </test-method> <!-- Home_Login_ValidUserName_BlankPwd -->
        <test-method status="PASS" signature="tearDown()[pri:0, instance:Scripts.LoginTestScript@5442a311]" name="tearDown" is-config="true" duration-ms="947" started-at="2019-02-20T17:38:47Z" finished-at="2019-02-20T17:38:48Z">
          <reporter-output>
          </reporter-output>
        </test-method> <!-- tearDown -->
        <test-method status="PASS" signature="setUp()[pri:0, instance:Scripts.LoginTestScript@5442a311]" name="setUp" is-config="true" duration-ms="4319" started-at="2019-02-20T17:38:48Z" finished-at="2019-02-20T17:38:52Z">
          <reporter-output>
          </reporter-output>
        </test-method> <!-- setUp -->
        <test-method status="PASS" signature="Home_Login_ValidUserName_InvalidPwd()[pri:0, instance:Scripts.LoginTestScript@5442a311]" name="Home_Login_ValidUserName_InvalidPwd" duration-ms="462" started-at="2019-02-20T17:38:52Z" finished-at="2019-02-20T17:38:53Z">
          <reporter-output>
          </reporter-output>
        </test-method> <!-- Home_Login_ValidUserName_InvalidPwd -->
        <test-method status="PASS" signature="tearDown()[pri:0, instance:Scripts.LoginTestScript@5442a311]" name="tearDown" is-config="true" duration-ms="907" started-at="2019-02-20T17:38:53Z" finished-at="2019-02-20T17:38:53Z">
          <reporter-output>
          </reporter-output>
        </test-method> <!-- tearDown -->
        <test-method status="PASS" signature="setUp()[pri:0, instance:Scripts.LoginTestScript@5442a311]" name="setUp" is-config="true" duration-ms="4354" started-at="2019-02-20T17:38:53Z" finished-at="2019-02-20T17:38:58Z">
          <reporter-output>
          </reporter-output>
        </test-method> <!-- setUp -->
        <test-method status="PASS" signature="Home_Login_ValidUserName_ValidPwd()[pri:0, instance:Scripts.LoginTestScript@5442a311]" name="Home_Login_ValidUserName_ValidPwd" duration-ms="925" started-at="2019-02-20T17:38:58Z" finished-at="2019-02-20T17:38:59Z">
          <reporter-output>
          </reporter-output>
        </test-method> <!-- Home_Login_ValidUserName_ValidPwd -->
        <test-method status="PASS" signature="tearDown()[pri:0, instance:Scripts.LoginTestScript@5442a311]" name="tearDown" is-config="true" duration-ms="842" started-at="2019-02-20T17:38:59Z" finished-at="2019-02-20T17:39:00Z">
          <reporter-output>
          </reporter-output>
        </test-method> <!-- tearDown -->
        <test-method status="PASS" signature="closingAllConnections()[pri:0, instance:Scripts.LoginTestScript@5442a311]" name="closingAllConnections" is-config="true" duration-ms="1" started-at="2019-02-20T17:39:00Z" finished-at="2019-02-20T17:39:00Z">
          <reporter-output>
          </reporter-output>
        </test-method> <!-- closingAllConnections -->
        <test-method status="PASS" signature="closeBrowser()[pri:0, instance:Scripts.LoginTestScript@5442a311]" name="closeBrowser" is-config="true" duration-ms="0" started-at="2019-02-20T17:39:00Z" finished-at="2019-02-20T17:39:00Z">
          <reporter-output>
          </reporter-output>
        </test-method> <!-- closeBrowser -->
      </class> <!-- Scripts.LoginTestScript -->
      <class name="Scripts.PassportVerificationTestScript">
        <test-method status="SKIP" signature="initializingConnections()[pri:0, instance:Scripts.PassportVerificationTestScript@6a41eaa2]" name="initializingConnections" is-config="true" duration-ms="0" started-at="2019-02-20T17:44:00Z" finished-at="2019-02-20T17:44:00Z">
          <reporter-output>
          </reporter-output>
        </test-method> <!-- initializingConnections -->
        <test-method status="SKIP" signature="setUp()[pri:0, instance:Scripts.PassportVerificationTestScript@6a41eaa2]" name="setUp" is-config="true" duration-ms="0" started-at="2019-02-20T17:44:00Z" finished-at="2019-02-20T17:44:00Z">
          <reporter-output>
          </reporter-output>
        </test-method> <!-- setUp -->
        <test-method status="SKIP" signature="blank_passport_number()[pri:0, instance:Scripts.PassportVerificationTestScript@6a41eaa2]" name="blank_passport_number" duration-ms="0" started-at="2019-02-20T17:44:00Z" finished-at="2019-02-20T17:44:00Z">
          <reporter-output>
          </reporter-output>
        </test-method> <!-- blank_passport_number -->
        <test-method status="SKIP" signature="tearDown()[pri:0, instance:Scripts.PassportVerificationTestScript@6a41eaa2]" name="tearDown" is-config="true" duration-ms="0" started-at="2019-02-20T17:44:00Z" finished-at="2019-02-20T17:44:00Z">
          <reporter-output>
          </reporter-output>
        </test-method> <!-- tearDown -->
        <test-method status="SKIP" signature="setUp()[pri:0, instance:Scripts.PassportVerificationTestScript@6a41eaa2]" name="setUp" is-config="true" duration-ms="0" started-at="2019-02-20T17:44:00Z" finished-at="2019-02-20T17:44:00Z">
          <reporter-output>
          </reporter-output>
        </test-method> <!-- setUp -->
        <test-method status="SKIP" signature="invalid_passport_number()[pri:0, instance:Scripts.PassportVerificationTestScript@6a41eaa2]" name="invalid_passport_number" duration-ms="0" started-at="2019-02-20T17:44:00Z" finished-at="2019-02-20T17:44:00Z">
          <reporter-output>
          </reporter-output>
        </test-method> <!-- invalid_passport_number -->
        <test-method status="SKIP" signature="tearDown()[pri:0, instance:Scripts.PassportVerificationTestScript@6a41eaa2]" name="tearDown" is-config="true" duration-ms="0" started-at="2019-02-20T17:44:00Z" finished-at="2019-02-20T17:44:00Z">
          <reporter-output>
          </reporter-output>
        </test-method> <!-- tearDown -->
        <test-method status="SKIP" signature="valid_passport_number()[pri:0, instance:Scripts.PassportVerificationTestScript@6a41eaa2]" name="valid_passport_number" duration-ms="0" started-at="2019-02-20T17:44:00Z" finished-at="2019-02-20T17:44:00Z">
          <reporter-output>
          </reporter-output>
        </test-method> <!-- valid_passport_number -->
        <test-method status="SKIP" signature="setUp()[pri:0, instance:Scripts.PassportVerificationTestScript@6a41eaa2]" name="setUp" is-config="true" duration-ms="0" started-at="2019-02-20T17:44:00Z" finished-at="2019-02-20T17:44:00Z">
          <reporter-output>
          </reporter-output>
        </test-method> <!-- setUp -->
        <test-method status="SKIP" signature="tearDown()[pri:0, instance:Scripts.PassportVerificationTestScript@6a41eaa2]" name="tearDown" is-config="true" duration-ms="0" started-at="2019-02-20T17:44:00Z" finished-at="2019-02-20T17:44:00Z">
          <reporter-output>
          </reporter-output>
        </test-method> <!-- tearDown -->
        <test-method status="SKIP" signature="closeBrowser()[pri:0, instance:Scripts.PassportVerificationTestScript@6a41eaa2]" name="closeBrowser" is-config="true" duration-ms="0" started-at="2019-02-20T17:44:00Z" finished-at="2019-02-20T17:44:00Z">
          <reporter-output>
          </reporter-output>
        </test-method> <!-- closeBrowser -->
        <test-method status="SKIP" signature="closingAllConnections()[pri:0, instance:Scripts.PassportVerificationTestScript@6a41eaa2]" name="closingAllConnections" is-config="true" duration-ms="0" started-at="2019-02-20T17:44:00Z" finished-at="2019-02-20T17:44:00Z">
          <reporter-output>
          </reporter-output>
        </test-method> <!-- closingAllConnections -->
      </class> <!-- Scripts.PassportVerificationTestScript -->
      <class name="Scripts.NSDLVerificationTestScript">
        <test-method status="PASS" signature="initializingConnections()[pri:0, instance:Scripts.NSDLVerificationTestScript@5622fdf]" name="initializingConnections" is-config="true" duration-ms="72" started-at="2019-02-20T17:43:54Z" finished-at="2019-02-20T17:43:54Z">
          <reporter-output>
          </reporter-output>
        </test-method> <!-- initializingConnections -->
        <test-method status="FAIL" signature="setUp()[pri:0, instance:Scripts.NSDLVerificationTestScript@5622fdf]" name="setUp" is-config="true" duration-ms="0" started-at="2019-02-20T17:43:54Z" finished-at="2019-02-20T17:43:54Z">
          <exception class="org.openqa.selenium.InvalidSelectorException">
            <message>
              <![CDATA[invalid selector: Unable to locate an element with the xpath expression //*[@id=\"recent\"]/ul/li[2]/a because of the following error:
SyntaxError: Failed to execute 'evaluate' on 'Document': The string '//*[@id=\"recent\"]/ul/li[2]/a' is not a valid XPath expression.
  (Session info: chrome=72.0.3626.81)
  (Driver info: chromedriver=2.42.591088 (7b2b2dca23cca0862f674758c9a3933e685c27d5),platform=Windows NT 10.0.14393 x86_64) (WARNING: The server did not provide any stacktrace information)
Command duration or timeout: 0 milliseconds
For documentation on this error, please visit: http://seleniumhq.org/exceptions/invalid_selector_exception.html
Build info: version: '3.14.0', revision: 'aacccce0', time: '2018-08-02T20:19:58.91Z'
System info: host: 'HDRRPA2', ip: '172.23.178.15', os.name: 'Windows 8.1', os.arch: 'amd64', os.version: '6.3', java.version: '1.8.0_45'
Driver info: org.openqa.selenium.chrome.ChromeDriver
Capabilities {acceptInsecureCerts: false, acceptSslCerts: false, applicationCacheEnabled: false, browserConnectionEnabled: false, browserName: chrome, chrome: {chromedriverVersion: 2.42.591088 (7b2b2dca23cca0..., userDataDir: C:\Users\NEHAKA~1\AppData\L...}, cssSelectorsEnabled: true, databaseEnabled: false, goog:chromeOptions: {debuggerAddress: localhost:51836}, handlesAlerts: true, hasTouchScreen: false, javascriptEnabled: true, locationContextEnabled: true, mobileEmulationEnabled: false, nativeEvents: true, networkConnectionEnabled: false, pageLoadStrategy: normal, platform: XP, platformName: XP, rotatable: false, setWindowRect: true, takesHeapSnapshot: true, takesScreenshot: true, unexpectedAlertBehaviour: , unhandledPromptBehavior: , version: 72.0.3626.81, webStorageEnabled: true}
Session ID: b6b4548b707cba9d8328da3e779eae49
*** Element info: {Using=xpath, value=//*[@id=\"recent\"]/ul/li[2]/a}]]>
            </message>
            <full-stacktrace>
              <![CDATA[org.openqa.selenium.InvalidSelectorException: invalid selector: Unable to locate an element with the xpath expression //*[@id=\"recent\"]/ul/li[2]/a because of the following error:
SyntaxError: Failed to execute 'evaluate' on 'Document': The string '//*[@id=\"recent\"]/ul/li[2]/a' is not a valid XPath expression.
  (Session info: chrome=72.0.3626.81)
  (Driver info: chromedriver=2.42.591088 (7b2b2dca23cca0862f674758c9a3933e685c27d5),platform=Windows NT 10.0.14393 x86_64) (WARNING: The server did not provide any stacktrace information)
Command duration or timeout: 0 milliseconds
For documentation on this error, please visit: http://seleniumhq.org/exceptions/invalid_selector_exception.html
Build info: version: '3.14.0', revision: 'aacccce0', time: '2018-08-02T20:19:58.91Z'
System info: host: 'HDRRPA2', ip: '172.23.178.15', os.name: 'Windows 8.1', os.arch: 'amd64', os.version: '6.3', java.version: '1.8.0_45'
Driver info: org.openqa.selenium.chrome.ChromeDriver
Capabilities {acceptInsecureCerts: false, acceptSslCerts: false, applicationCacheEnabled: false, browserConnectionEnabled: false, browserName: chrome, chrome: {chromedriverVersion: 2.42.591088 (7b2b2dca23cca0..., userDataDir: C:\Users\NEHAKA~1\AppData\L...}, cssSelectorsEnabled: true, databaseEnabled: false, goog:chromeOptions: {debuggerAddress: localhost:51836}, handlesAlerts: true, hasTouchScreen: false, javascriptEnabled: true, locationContextEnabled: true, mobileEmulationEnabled: false, nativeEvents: true, networkConnectionEnabled: false, pageLoadStrategy: normal, platform: XP, platformName: XP, rotatable: false, setWindowRect: true, takesHeapSnapshot: true, takesScreenshot: true, unexpectedAlertBehaviour: , unhandledPromptBehavior: , version: 72.0.3626.81, webStorageEnabled: true}
Session ID: b6b4548b707cba9d8328da3e779eae49
*** Element info: {Using=xpath, value=//*[@id=\"recent\"]/ul/li[2]/a}
	at sun.reflect.NativeConstructorAccessorImpl.newInstance0(Native Method)
	at sun.reflect.NativeConstructorAccessorImpl.newInstance(Unknown Source)
	at sun.reflect.DelegatingConstructorAccessorImpl.newInstance(Unknown Source)
	at java.lang.reflect.Constructor.newInstance(Unknown Source)
	at org.openqa.selenium.remote.ErrorHandler.createThrowable(ErrorHandler.java:214)
	at org.openqa.selenium.remote.ErrorHandler.throwIfResponseFailed(ErrorHandler.java:166)
	at org.openqa.selenium.remote.http.JsonHttpResponseCodec.reconstructValue(JsonHttpResponseCodec.java:40)
	at org.openqa.selenium.remote.http.AbstractHttpResponseCodec.decode(AbstractHttpResponseCodec.java:80)
	at org.openqa.selenium.remote.http.AbstractHttpResponseCodec.decode(AbstractHttpResponseCodec.java:44)
	at org.openqa.selenium.remote.HttpCommandExecutor.execute(HttpCommandExecutor.java:158)
	at org.openqa.selenium.remote.service.DriverCommandExecutor.execute(DriverCommandExecutor.java:83)
	at org.openqa.selenium.remote.RemoteWebDriver.execute(RemoteWebDriver.java:548)
	at org.openqa.selenium.remote.RemoteWebDriver.findElement(RemoteWebDriver.java:322)
	at org.openqa.selenium.remote.RemoteWebDriver.findElementByXPath(RemoteWebDriver.java:424)
	at org.openqa.selenium.By$ByXPath.findElement(By.java:353)
	at org.openqa.selenium.remote.RemoteWebDriver.findElement(RemoteWebDriver.java:314)
	at Scripts.NSDLVerificationTestScript.setUp(NSDLVerificationTestScript.java:84)
	at sun.reflect.NativeMethodAccessorImpl.invoke0(Native Method)
	at sun.reflect.NativeMethodAccessorImpl.invoke(Unknown Source)
	at sun.reflect.DelegatingMethodAccessorImpl.invoke(Unknown Source)
	at java.lang.reflect.Method.invoke(Unknown Source)
	at org.testng.internal.MethodInvocationHelper.invokeMethod(MethodInvocationHelper.java:80)
	at org.testng.internal.Invoker.invokeConfigurationMethod(Invoker.java:564)
	at org.testng.internal.Invoker.invokeConfigurations(Invoker.java:213)
	at org.testng.internal.Invoker.invokeMethod(Invoker.java:653)
	at org.testng.internal.Invoker.invokeTestMethod(Invoker.java:901)
	at org.testng.internal.Invoker.invokeTestMethods(Invoker.java:1231)
	at org.testng.internal.TestMethodWorker.invokeTestMethods(TestMethodWorker.java:127)
	at org.testng.internal.TestMethodWorker.run(TestMethodWorker.java:111)
	at org.testng.TestRunner.privateRun(TestRunner.java:767)
	at org.testng.TestRunner.run(TestRunner.java:617)
	at org.testng.SuiteRunner.runTest(SuiteRunner.java:334)
	at org.testng.SuiteRunner.runSequentially(SuiteRunner.java:329)
	at org.testng.SuiteRunner.privateRun(SuiteRunner.java:291)
	at org.testng.SuiteRunner.run(SuiteRunner.java:240)
	at org.testng.SuiteRunnerWorker.runSuite(SuiteRunnerWorker.java:52)
	at org.testng.SuiteRunnerWorker.run(SuiteRunnerWorker.java:86)
	at org.testng.TestNG.runSuitesSequentially(TestNG.java:1198)
	at org.testng.TestNG.runSuitesLocally(TestNG.java:1123)
	at org.testng.TestNG.run(TestNG.java:1031)
	at org.testng.remote.AbstractRemoteTestNG.run(AbstractRemoteTestNG.java:114)
	at org.testng.remote.RemoteTestNG.initAndRun(RemoteTestNG.java:251)
	at org.testng.remote.RemoteTestNG.main(RemoteTestNG.java:77)
]]>
            </full-stacktrace>
          </exception> <!-- org.openqa.selenium.InvalidSelectorException -->
          <reporter-output>
          </reporter-output>
        </test-method> <!-- setUp -->
        <test-method status="SKIP" signature="blank_pan_id()[pri:0, instance:Scripts.NSDLVerificationTestScript@5622fdf]" name="blank_pan_id" duration-ms="1" started-at="2019-02-20T17:44:00Z" finished-at="2019-02-20T17:44:00Z">
          <reporter-output>
          </reporter-output>
        </test-method> <!-- blank_pan_id -->
        <test-method status="SKIP" signature="tearDown()[pri:0, instance:Scripts.NSDLVerificationTestScript@5622fdf]" name="tearDown" is-config="true" duration-ms="0" started-at="2019-02-20T17:44:00Z" finished-at="2019-02-20T17:44:00Z">
          <reporter-output>
          </reporter-output>
        </test-method> <!-- tearDown -->
        <test-method status="SKIP" signature="setUp()[pri:0, instance:Scripts.NSDLVerificationTestScript@5622fdf]" name="setUp" is-config="true" duration-ms="0" started-at="2019-02-20T17:44:00Z" finished-at="2019-02-20T17:44:00Z">
          <reporter-output>
          </reporter-output>
        </test-method> <!-- setUp -->
        <test-method status="SKIP" signature="invalid_pan_id()[pri:0, instance:Scripts.NSDLVerificationTestScript@5622fdf]" name="invalid_pan_id" duration-ms="0" started-at="2019-02-20T17:44:00Z" finished-at="2019-02-20T17:44:00Z">
          <reporter-output>
          </reporter-output>
        </test-method> <!-- invalid_pan_id -->
        <test-method status="SKIP" signature="valid_pan_id()[pri:0, instance:Scripts.NSDLVerificationTestScript@5622fdf]" name="valid_pan_id" duration-ms="1" started-at="2019-02-20T17:44:00Z" finished-at="2019-02-20T17:44:00Z">
          <reporter-output>
          </reporter-output>
        </test-method> <!-- valid_pan_id -->
        <test-method status="SKIP" signature="setUp()[pri:0, instance:Scripts.NSDLVerificationTestScript@5622fdf]" name="setUp" is-config="true" duration-ms="0" started-at="2019-02-20T17:44:00Z" finished-at="2019-02-20T17:44:00Z">
          <reporter-output>
          </reporter-output>
        </test-method> <!-- setUp -->
        <test-method status="SKIP" signature="tearDown()[pri:0, instance:Scripts.NSDLVerificationTestScript@5622fdf]" name="tearDown" is-config="true" duration-ms="0" started-at="2019-02-20T17:44:00Z" finished-at="2019-02-20T17:44:00Z">
          <reporter-output>
          </reporter-output>
        </test-method> <!-- tearDown -->
        <test-method status="SKIP" signature="tearDown()[pri:0, instance:Scripts.NSDLVerificationTestScript@5622fdf]" name="tearDown" is-config="true" duration-ms="0" started-at="2019-02-20T17:44:00Z" finished-at="2019-02-20T17:44:00Z">
          <reporter-output>
          </reporter-output>
        </test-method> <!-- tearDown -->
        <test-method status="SKIP" signature="closingAllConnections()[pri:0, instance:Scripts.NSDLVerificationTestScript@5622fdf]" name="closingAllConnections" is-config="true" duration-ms="0" started-at="2019-02-20T17:44:00Z" finished-at="2019-02-20T17:44:00Z">
          <reporter-output>
          </reporter-output>
        </test-method> <!-- closingAllConnections -->
        <test-method status="SKIP" signature="closeBrowser()[pri:0, instance:Scripts.NSDLVerificationTestScript@5622fdf]" name="closeBrowser" is-config="true" duration-ms="0" started-at="2019-02-20T17:44:00Z" finished-at="2019-02-20T17:44:00Z">
          <reporter-output>
          </reporter-output>
        </test-method> <!-- closeBrowser -->
      </class> <!-- Scripts.NSDLVerificationTestScript -->
      <class name="Scripts.UpdateTestScript">
        <test-method status="SKIP" signature="intializingConnections()[pri:0, instance:Scripts.UpdateTestScript@6a4f787b]" name="intializingConnections" is-config="true" duration-ms="0" started-at="2019-02-20T17:44:00Z" finished-at="2019-02-20T17:44:00Z">
          <reporter-output>
          </reporter-output>
        </test-method> <!-- intializingConnections -->
        <test-method status="SKIP" signature="Update_FileUpload()[pri:0, instance:Scripts.UpdateTestScript@6a4f787b]" name="Update_FileUpload" duration-ms="0" started-at="2019-02-20T17:44:00Z" finished-at="2019-02-20T17:44:00Z">
          <reporter-output>
          </reporter-output>
        </test-method> <!-- Update_FileUpload -->
        <test-method status="SKIP" signature="tearDown()[pri:0, instance:Scripts.UpdateTestScript@6a4f787b]" name="tearDown" is-config="true" duration-ms="0" started-at="2019-02-20T17:44:00Z" finished-at="2019-02-20T17:44:00Z">
          <reporter-output>
          </reporter-output>
        </test-method> <!-- tearDown -->
        <test-method status="SKIP" signature="setUp()[pri:0, instance:Scripts.UpdateTestScript@6a4f787b]" name="setUp" is-config="true" duration-ms="0" started-at="2019-02-20T17:44:00Z" finished-at="2019-02-20T17:44:00Z">
          <reporter-output>
          </reporter-output>
        </test-method> <!-- setUp -->
        <test-method status="SKIP" signature="closeBrowser()[pri:0, instance:Scripts.UpdateTestScript@6a4f787b]" name="closeBrowser" is-config="true" duration-ms="0" started-at="2019-02-20T17:44:00Z" finished-at="2019-02-20T17:44:00Z">
          <reporter-output>
          </reporter-output>
        </test-method> <!-- closeBrowser -->
        <test-method status="SKIP" signature="closingAllConnections()[pri:0, instance:Scripts.UpdateTestScript@6a4f787b]" name="closingAllConnections" is-config="true" duration-ms="0" started-at="2019-02-20T17:44:00Z" finished-at="2019-02-20T17:44:00Z">
          <reporter-output>
          </reporter-output>
        </test-method> <!-- closingAllConnections -->
      </class> <!-- Scripts.UpdateTestScript -->
      <class name="Scripts.AadharLoginTestScript">
        <test-method status="PASS" signature="intializingConnections()[pri:0, instance:Scripts.AadharLoginTestScript@91161c7]" name="intializingConnections" is-config="true" duration-ms="78" started-at="2019-02-20T17:40:27Z" finished-at="2019-02-20T17:40:27Z">
          <reporter-output>
          </reporter-output>
        </test-method> <!-- intializingConnections -->
        <test-method status="PASS" signature="setUp()[pri:0, instance:Scripts.AadharLoginTestScript@91161c7]" name="setUp" is-config="true" duration-ms="8264" started-at="2019-02-20T17:40:27Z" finished-at="2019-02-20T17:40:36Z">
          <reporter-output>
          </reporter-output>
        </test-method> <!-- setUp -->
        <test-method status="PASS" signature="Aadhar_Login_BlankUserName_BlankPwd()[pri:0, instance:Scripts.AadharLoginTestScript@91161c7]" name="Aadhar_Login_BlankUserName_BlankPwd" duration-ms="4342" started-at="2019-02-20T17:40:36Z" finished-at="2019-02-20T17:40:40Z">
          <reporter-output>
          </reporter-output>
        </test-method> <!-- Aadhar_Login_BlankUserName_BlankPwd -->
        <test-method status="PASS" signature="tearDown()[pri:0, instance:Scripts.AadharLoginTestScript@91161c7]" name="tearDown" is-config="true" duration-ms="848" started-at="2019-02-20T17:40:40Z" finished-at="2019-02-20T17:40:41Z">
          <reporter-output>
          </reporter-output>
        </test-method> <!-- tearDown -->
        <test-method status="PASS" signature="setUp()[pri:0, instance:Scripts.AadharLoginTestScript@91161c7]" name="setUp" is-config="true" duration-ms="8394" started-at="2019-02-20T17:40:41Z" finished-at="2019-02-20T17:40:49Z">
          <reporter-output>
          </reporter-output>
        </test-method> <!-- setUp -->
        <test-method status="PASS" signature="Aadhar_Login_BlankUserName_ValidPwd()[pri:0, instance:Scripts.AadharLoginTestScript@91161c7]" name="Aadhar_Login_BlankUserName_ValidPwd" duration-ms="4366" started-at="2019-02-20T17:40:49Z" finished-at="2019-02-20T17:40:54Z">
          <reporter-output>
          </reporter-output>
        </test-method> <!-- Aadhar_Login_BlankUserName_ValidPwd -->
        <test-method status="PASS" signature="tearDown()[pri:0, instance:Scripts.AadharLoginTestScript@91161c7]" name="tearDown" is-config="true" duration-ms="809" started-at="2019-02-20T17:40:54Z" finished-at="2019-02-20T17:40:54Z">
          <reporter-output>
          </reporter-output>
        </test-method> <!-- tearDown -->
        <test-method status="PASS" signature="setUp()[pri:0, instance:Scripts.AadharLoginTestScript@91161c7]" name="setUp" is-config="true" duration-ms="8092" started-at="2019-02-20T17:40:54Z" finished-at="2019-02-20T17:41:02Z">
          <reporter-output>
          </reporter-output>
        </test-method> <!-- setUp -->
        <test-method status="PASS" signature="Aadhar_Login_InvalidUserName()[pri:0, instance:Scripts.AadharLoginTestScript@91161c7]" name="Aadhar_Login_InvalidUserName" duration-ms="4334" started-at="2019-02-20T17:41:02Z" finished-at="2019-02-20T17:41:07Z">
          <reporter-output>
          </reporter-output>
        </test-method> <!-- Aadhar_Login_InvalidUserName -->
        <test-method status="PASS" signature="tearDown()[pri:0, instance:Scripts.AadharLoginTestScript@91161c7]" name="tearDown" is-config="true" duration-ms="802" started-at="2019-02-20T17:41:07Z" finished-at="2019-02-20T17:41:08Z">
          <reporter-output>
          </reporter-output>
        </test-method> <!-- tearDown -->
        <test-method status="PASS" signature="setUp()[pri:0, instance:Scripts.AadharLoginTestScript@91161c7]" name="setUp" is-config="true" duration-ms="7896" started-at="2019-02-20T17:41:08Z" finished-at="2019-02-20T17:41:16Z">
          <reporter-output>
          </reporter-output>
        </test-method> <!-- setUp -->
        <test-method status="PASS" signature="Aadhar_Login_ValidUserName_BlankPwd()[pri:0, instance:Scripts.AadharLoginTestScript@91161c7]" name="Aadhar_Login_ValidUserName_BlankPwd" duration-ms="4417" started-at="2019-02-20T17:41:16Z" finished-at="2019-02-20T17:41:20Z">
          <reporter-output>
          </reporter-output>
        </test-method> <!-- Aadhar_Login_ValidUserName_BlankPwd -->
        <test-method status="PASS" signature="tearDown()[pri:0, instance:Scripts.AadharLoginTestScript@91161c7]" name="tearDown" is-config="true" duration-ms="815" started-at="2019-02-20T17:41:20Z" finished-at="2019-02-20T17:41:21Z">
          <reporter-output>
          </reporter-output>
        </test-method> <!-- tearDown -->
        <test-method status="PASS" signature="setUp()[pri:0, instance:Scripts.AadharLoginTestScript@91161c7]" name="setUp" is-config="true" duration-ms="8042" started-at="2019-02-20T17:41:21Z" finished-at="2019-02-20T17:41:29Z">
          <reporter-output>
          </reporter-output>
        </test-method> <!-- setUp -->
        <test-method status="PASS" signature="Aadhar_Login_ValidUserName_InvalidPwd()[pri:0, instance:Scripts.AadharLoginTestScript@91161c7]" name="Aadhar_Login_ValidUserName_InvalidPwd" duration-ms="4402" started-at="2019-02-20T17:41:29Z" finished-at="2019-02-20T17:41:33Z">
          <reporter-output>
          </reporter-output>
        </test-method> <!-- Aadhar_Login_ValidUserName_InvalidPwd -->
        <test-method status="PASS" signature="tearDown()[pri:0, instance:Scripts.AadharLoginTestScript@91161c7]" name="tearDown" is-config="true" duration-ms="874" started-at="2019-02-20T17:41:33Z" finished-at="2019-02-20T17:41:34Z">
          <reporter-output>
          </reporter-output>
        </test-method> <!-- tearDown -->
        <test-method status="PASS" signature="setUp()[pri:0, instance:Scripts.AadharLoginTestScript@91161c7]" name="setUp" is-config="true" duration-ms="7898" started-at="2019-02-20T17:41:34Z" finished-at="2019-02-20T17:41:42Z">
          <reporter-output>
          </reporter-output>
        </test-method> <!-- setUp -->
        <test-method status="PASS" signature="Aadhar_Login_ValidUserName_ValidPwd()[pri:0, instance:Scripts.AadharLoginTestScript@91161c7]" name="Aadhar_Login_ValidUserName_ValidPwd" duration-ms="5410" started-at="2019-02-20T17:41:42Z" finished-at="2019-02-20T17:41:47Z">
          <reporter-output>
          </reporter-output>
        </test-method> <!-- Aadhar_Login_ValidUserName_ValidPwd -->
        <test-method status="PASS" signature="tearDown()[pri:0, instance:Scripts.AadharLoginTestScript@91161c7]" name="tearDown" is-config="true" duration-ms="811" started-at="2019-02-20T17:41:47Z" finished-at="2019-02-20T17:41:48Z">
          <reporter-output>
          </reporter-output>
        </test-method> <!-- tearDown -->
        <test-method status="PASS" signature="closingAllConnections()[pri:0, instance:Scripts.AadharLoginTestScript@91161c7]" name="closingAllConnections" is-config="true" duration-ms="0" started-at="2019-02-20T17:41:48Z" finished-at="2019-02-20T17:41:48Z">
          <reporter-output>
          </reporter-output>
        </test-method> <!-- closingAllConnections -->
        <test-method status="PASS" signature="closeBrowser()[pri:0, instance:Scripts.AadharLoginTestScript@91161c7]" name="closeBrowser" is-config="true" duration-ms="0" started-at="2019-02-20T17:41:48Z" finished-at="2019-02-20T17:41:48Z">
          <reporter-output>
          </reporter-output>
        </test-method> <!-- closeBrowser -->
      </class> <!-- Scripts.AadharLoginTestScript -->
      <class name="Scripts.AadharVerificationTestScript">
        <test-method status="PASS" signature="initializingConnections()[pri:0, instance:Scripts.AadharVerificationTestScript@343f4d3d]" name="initializingConnections" is-config="true" duration-ms="76" started-at="2019-02-20T17:41:48Z" finished-at="2019-02-20T17:41:48Z">
          <reporter-output>
          </reporter-output>
        </test-method> <!-- initializingConnections -->
        <test-method status="PASS" signature="setUp()[pri:0, instance:Scripts.AadharVerificationTestScript@343f4d3d]" name="setUp" is-config="true" duration-ms="9227" started-at="2019-02-20T17:41:48Z" finished-at="2019-02-20T17:41:57Z">
          <reporter-output>
          </reporter-output>
        </test-method> <!-- setUp -->
        <test-method status="PASS" signature="blank_aadhar_id()[pri:0, instance:Scripts.AadharVerificationTestScript@343f4d3d]" name="blank_aadhar_id" duration-ms="5241" started-at="2019-02-20T17:41:57Z" finished-at="2019-02-20T17:42:03Z">
          <reporter-output>
          </reporter-output>
        </test-method> <!-- blank_aadhar_id -->
        <test-method status="PASS" signature="tearDown()[pri:0, instance:Scripts.AadharVerificationTestScript@343f4d3d]" name="tearDown" is-config="true" duration-ms="864" started-at="2019-02-20T17:42:03Z" finished-at="2019-02-20T17:42:04Z">
          <reporter-output>
          </reporter-output>
        </test-method> <!-- tearDown -->
        <test-method status="PASS" signature="setUp()[pri:0, instance:Scripts.AadharVerificationTestScript@343f4d3d]" name="setUp" is-config="true" duration-ms="10031" started-at="2019-02-20T17:42:04Z" finished-at="2019-02-20T17:42:14Z">
          <reporter-output>
          </reporter-output>
        </test-method> <!-- setUp -->
        <test-method status="PASS" signature="invalid_aadhar_id()[pri:0, instance:Scripts.AadharVerificationTestScript@343f4d3d]" name="invalid_aadhar_id" duration-ms="5237" started-at="2019-02-20T17:42:14Z" finished-at="2019-02-20T17:42:19Z">
          <reporter-output>
          </reporter-output>
        </test-method> <!-- invalid_aadhar_id -->
        <test-method status="PASS" signature="tearDown()[pri:0, instance:Scripts.AadharVerificationTestScript@343f4d3d]" name="tearDown" is-config="true" duration-ms="818" started-at="2019-02-20T17:42:19Z" finished-at="2019-02-20T17:42:20Z">
          <reporter-output>
          </reporter-output>
        </test-method> <!-- tearDown -->
        <test-method status="PASS" signature="setUp()[pri:0, instance:Scripts.AadharVerificationTestScript@343f4d3d]" name="setUp" is-config="true" duration-ms="9901" started-at="2019-02-20T17:42:20Z" finished-at="2019-02-20T17:42:30Z">
          <reporter-output>
          </reporter-output>
        </test-method> <!-- setUp -->
        <test-method status="PASS" signature="valid_aadhar_id()[pri:0, instance:Scripts.AadharVerificationTestScript@343f4d3d]" name="valid_aadhar_id" duration-ms="5366" started-at="2019-02-20T17:42:30Z" finished-at="2019-02-20T17:42:35Z">
          <reporter-output>
          </reporter-output>
        </test-method> <!-- valid_aadhar_id -->
        <test-method status="PASS" signature="tearDown()[pri:0, instance:Scripts.AadharVerificationTestScript@343f4d3d]" name="tearDown" is-config="true" duration-ms="833" started-at="2019-02-20T17:42:35Z" finished-at="2019-02-20T17:42:36Z">
          <reporter-output>
          </reporter-output>
        </test-method> <!-- tearDown -->
        <test-method status="PASS" signature="closeBrowser()[pri:0, instance:Scripts.AadharVerificationTestScript@343f4d3d]" name="closeBrowser" is-config="true" duration-ms="0" started-at="2019-02-20T17:42:36Z" finished-at="2019-02-20T17:42:36Z">
          <reporter-output>
          </reporter-output>
        </test-method> <!-- closeBrowser -->
        <test-method status="PASS" signature="closingAllConnections()[pri:0, instance:Scripts.AadharVerificationTestScript@343f4d3d]" name="closingAllConnections" is-config="true" duration-ms="0" started-at="2019-02-20T17:42:36Z" finished-at="2019-02-20T17:42:36Z">
          <reporter-output>
          </reporter-output>
        </test-method> <!-- closingAllConnections -->
      </class> <!-- Scripts.AadharVerificationTestScript -->
      <class name="Scripts.UserTestScript">
        <test-method status="PASS" signature="initializingConnections()[pri:0, instance:Scripts.UserTestScript@7d9d1a19]" name="initializingConnections" is-config="true" duration-ms="229" started-at="2019-02-20T17:39:00Z" finished-at="2019-02-20T17:39:00Z">
          <reporter-output>
          </reporter-output>
        </test-method> <!-- initializingConnections -->
        <test-method status="PASS" signature="setUp()[pri:0, instance:Scripts.UserTestScript@7d9d1a19]" name="setUp" is-config="true" duration-ms="5156" started-at="2019-02-20T17:39:00Z" finished-at="2019-02-20T17:39:05Z">
          <reporter-output>
          </reporter-output>
        </test-method> <!-- setUp -->
        <test-method status="PASS" signature="RegistrationFormTest_EmptyAadharNumber()[pri:0, instance:Scripts.UserTestScript@7d9d1a19]" name="RegistrationFormTest_EmptyAadharNumber" duration-ms="2213" started-at="2019-02-20T17:39:05Z" finished-at="2019-02-20T17:39:07Z">
          <reporter-output>
          </reporter-output>
        </test-method> <!-- RegistrationFormTest_EmptyAadharNumber -->
        <test-method status="PASS" signature="tearDown()[pri:0, instance:Scripts.UserTestScript@7d9d1a19]" name="tearDown" is-config="true" duration-ms="864" started-at="2019-02-20T17:39:07Z" finished-at="2019-02-20T17:39:08Z">
          <reporter-output>
          </reporter-output>
        </test-method> <!-- tearDown -->
        <test-method status="PASS" signature="getTestResult(org.testng.ITestResult)[pri:0, instance:Scripts.UserTestScript@7d9d1a19]" name="getTestResult" is-config="true" duration-ms="1" started-at="2019-02-20T17:39:08Z" finished-at="2019-02-20T17:39:08Z">
          <params>
            <param index="0">
              <value>
                <![CDATA[[TestResult name=RegistrationFormTest_EmptyAadharNumber status=SUCCESS method=UserTestScript.RegistrationFormTest_EmptyAadharNumber()[pri:0, instance:Scripts.UserTestScript@7d9d1a19] output={null}]]]>
              </value>
            </param>
          </params>
          <reporter-output>
          </reporter-output>
        </test-method> <!-- getTestResult -->
        <test-method status="PASS" signature="setUp()[pri:0, instance:Scripts.UserTestScript@7d9d1a19]" name="setUp" is-config="true" duration-ms="5754" started-at="2019-02-20T17:39:08Z" finished-at="2019-02-20T17:39:14Z">
          <reporter-output>
          </reporter-output>
        </test-method> <!-- setUp -->
        <test-method status="PASS" signature="RegistrationFormTest_EmptyCity()[pri:0, instance:Scripts.UserTestScript@7d9d1a19]" name="RegistrationFormTest_EmptyCity" duration-ms="2023" started-at="2019-02-20T17:39:14Z" finished-at="2019-02-20T17:39:16Z">
          <reporter-output>
          </reporter-output>
        </test-method> <!-- RegistrationFormTest_EmptyCity -->
        <test-method status="PASS" signature="tearDown()[pri:0, instance:Scripts.UserTestScript@7d9d1a19]" name="tearDown" is-config="true" duration-ms="906" started-at="2019-02-20T17:39:16Z" finished-at="2019-02-20T17:39:17Z">
          <reporter-output>
          </reporter-output>
        </test-method> <!-- tearDown -->
        <test-method status="PASS" signature="getTestResult(org.testng.ITestResult)[pri:0, instance:Scripts.UserTestScript@7d9d1a19]" name="getTestResult" is-config="true" duration-ms="0" started-at="2019-02-20T17:39:17Z" finished-at="2019-02-20T17:39:17Z">
          <params>
            <param index="0">
              <value>
                <![CDATA[[TestResult name=RegistrationFormTest_EmptyCity status=SUCCESS method=UserTestScript.RegistrationFormTest_EmptyCity()[pri:0, instance:Scripts.UserTestScript@7d9d1a19] output={null}]]]>
              </value>
            </param>
          </params>
          <reporter-output>
          </reporter-output>
        </test-method> <!-- getTestResult -->
        <test-method status="PASS" signature="setUp()[pri:0, instance:Scripts.UserTestScript@7d9d1a19]" name="setUp" is-config="true" duration-ms="5498" started-at="2019-02-20T17:39:17Z" finished-at="2019-02-20T17:39:22Z">
          <reporter-output>
          </reporter-output>
        </test-method> <!-- setUp -->
        <test-method status="PASS" signature="RegistrationFormTest_EmptyEmailId()[pri:0, instance:Scripts.UserTestScript@7d9d1a19]" name="RegistrationFormTest_EmptyEmailId" duration-ms="2118" started-at="2019-02-20T17:39:22Z" finished-at="2019-02-20T17:39:24Z">
          <reporter-output>
          </reporter-output>
        </test-method> <!-- RegistrationFormTest_EmptyEmailId -->
        <test-method status="PASS" signature="tearDown()[pri:0, instance:Scripts.UserTestScript@7d9d1a19]" name="tearDown" is-config="true" duration-ms="1072" started-at="2019-02-20T17:39:24Z" finished-at="2019-02-20T17:39:25Z">
          <reporter-output>
          </reporter-output>
        </test-method> <!-- tearDown -->
        <test-method status="PASS" signature="getTestResult(org.testng.ITestResult)[pri:0, instance:Scripts.UserTestScript@7d9d1a19]" name="getTestResult" is-config="true" duration-ms="1" started-at="2019-02-20T17:39:25Z" finished-at="2019-02-20T17:39:25Z">
          <params>
            <param index="0">
              <value>
                <![CDATA[[TestResult name=RegistrationFormTest_EmptyEmailId status=SUCCESS method=UserTestScript.RegistrationFormTest_EmptyEmailId()[pri:0, instance:Scripts.UserTestScript@7d9d1a19] output={null}]]]>
              </value>
            </param>
          </params>
          <reporter-output>
          </reporter-output>
        </test-method> <!-- getTestResult -->
        <test-method status="PASS" signature="setUp()[pri:0, instance:Scripts.UserTestScript@7d9d1a19]" name="setUp" is-config="true" duration-ms="5361" started-at="2019-02-20T17:39:25Z" finished-at="2019-02-20T17:39:31Z">
          <reporter-output>
          </reporter-output>
        </test-method> <!-- setUp -->
        <test-method status="PASS" signature="RegistrationFormTest_EmptyFirstName()[pri:0, instance:Scripts.UserTestScript@7d9d1a19]" name="RegistrationFormTest_EmptyFirstName" duration-ms="3387" started-at="2019-02-20T17:39:31Z" finished-at="2019-02-20T17:39:34Z">
          <reporter-output>
          </reporter-output>
        </test-method> <!-- RegistrationFormTest_EmptyFirstName -->
        <test-method status="PASS" signature="tearDown()[pri:0, instance:Scripts.UserTestScript@7d9d1a19]" name="tearDown" is-config="true" duration-ms="853" started-at="2019-02-20T17:39:34Z" finished-at="2019-02-20T17:39:35Z">
          <reporter-output>
          </reporter-output>
        </test-method> <!-- tearDown -->
        <test-method status="PASS" signature="getTestResult(org.testng.ITestResult)[pri:0, instance:Scripts.UserTestScript@7d9d1a19]" name="getTestResult" is-config="true" duration-ms="0" started-at="2019-02-20T17:39:35Z" finished-at="2019-02-20T17:39:35Z">
          <params>
            <param index="0">
              <value>
                <![CDATA[[TestResult name=RegistrationFormTest_EmptyFirstName status=SUCCESS method=UserTestScript.RegistrationFormTest_EmptyFirstName()[pri:0, instance:Scripts.UserTestScript@7d9d1a19] output={null}]]]>
              </value>
            </param>
          </params>
          <reporter-output>
          </reporter-output>
        </test-method> <!-- getTestResult -->
        <test-method status="PASS" signature="setUp()[pri:0, instance:Scripts.UserTestScript@7d9d1a19]" name="setUp" is-config="true" duration-ms="6242" started-at="2019-02-20T17:39:35Z" finished-at="2019-02-20T17:39:41Z">
          <reporter-output>
          </reporter-output>
        </test-method> <!-- setUp -->
        <test-method status="PASS" signature="RegistrationFormTest_EmptyFlatNoOrBuildingName()[pri:0, instance:Scripts.UserTestScript@7d9d1a19]" name="RegistrationFormTest_EmptyFlatNoOrBuildingName" duration-ms="2903" started-at="2019-02-20T17:39:41Z" finished-at="2019-02-20T17:39:44Z">
          <reporter-output>
          </reporter-output>
        </test-method> <!-- RegistrationFormTest_EmptyFlatNoOrBuildingName -->
        <test-method status="PASS" signature="tearDown()[pri:0, instance:Scripts.UserTestScript@7d9d1a19]" name="tearDown" is-config="true" duration-ms="941" started-at="2019-02-20T17:39:44Z" finished-at="2019-02-20T17:39:45Z">
          <reporter-output>
          </reporter-output>
        </test-method> <!-- tearDown -->
        <test-method status="PASS" signature="getTestResult(org.testng.ITestResult)[pri:0, instance:Scripts.UserTestScript@7d9d1a19]" name="getTestResult" is-config="true" duration-ms="0" started-at="2019-02-20T17:39:45Z" finished-at="2019-02-20T17:39:45Z">
          <params>
            <param index="0">
              <value>
                <![CDATA[[TestResult name=RegistrationFormTest_EmptyFlatNoOrBuildingName status=SUCCESS method=UserTestScript.RegistrationFormTest_EmptyFlatNoOrBuildingName()[pri:0, instance:Scripts.UserTestScript@7d9d1a19] output={null}]]]>
              </value>
            </param>
          </params>
          <reporter-output>
          </reporter-output>
        </test-method> <!-- getTestResult -->
        <test-method status="PASS" signature="setUp()[pri:0, instance:Scripts.UserTestScript@7d9d1a19]" name="setUp" is-config="true" duration-ms="5088" started-at="2019-02-20T17:39:45Z" finished-at="2019-02-20T17:39:50Z">
          <reporter-output>
          </reporter-output>
        </test-method> <!-- setUp -->
        <test-method status="PASS" signature="RegistrationFormTest_EmptyLastName()[pri:0, instance:Scripts.UserTestScript@7d9d1a19]" name="RegistrationFormTest_EmptyLastName" duration-ms="2122" started-at="2019-02-20T17:39:50Z" finished-at="2019-02-20T17:39:52Z">
          <reporter-output>
          </reporter-output>
        </test-method> <!-- RegistrationFormTest_EmptyLastName -->
        <test-method status="PASS" signature="tearDown()[pri:0, instance:Scripts.UserTestScript@7d9d1a19]" name="tearDown" is-config="true" duration-ms="952" started-at="2019-02-20T17:39:52Z" finished-at="2019-02-20T17:39:53Z">
          <reporter-output>
          </reporter-output>
        </test-method> <!-- tearDown -->
        <test-method status="PASS" signature="setUp()[pri:0, instance:Scripts.UserTestScript@7d9d1a19]" name="setUp" is-config="true" duration-ms="5901" started-at="2019-02-20T17:39:53Z" finished-at="2019-02-20T17:39:59Z">
          <reporter-output>
          </reporter-output>
        </test-method> <!-- setUp -->
        <test-method status="PASS" signature="getTestResult(org.testng.ITestResult)[pri:0, instance:Scripts.UserTestScript@7d9d1a19]" name="getTestResult" is-config="true" duration-ms="0" started-at="2019-02-20T17:39:53Z" finished-at="2019-02-20T17:39:53Z">
          <params>
            <param index="0">
              <value>
                <![CDATA[[TestResult name=RegistrationFormTest_EmptyLastName status=SUCCESS method=UserTestScript.RegistrationFormTest_EmptyLastName()[pri:0, instance:Scripts.UserTestScript@7d9d1a19] output={null}]]]>
              </value>
            </param>
          </params>
          <reporter-output>
          </reporter-output>
        </test-method> <!-- getTestResult -->
        <test-method status="PASS" signature="RegistrationFormTest_EmptyMiddleName()[pri:0, instance:Scripts.UserTestScript@7d9d1a19]" name="RegistrationFormTest_EmptyMiddleName" duration-ms="2319" started-at="2019-02-20T17:39:59Z" finished-at="2019-02-20T17:40:02Z">
          <reporter-output>
          </reporter-output>
        </test-method> <!-- RegistrationFormTest_EmptyMiddleName -->
        <test-method status="PASS" signature="tearDown()[pri:0, instance:Scripts.UserTestScript@7d9d1a19]" name="tearDown" is-config="true" duration-ms="825" started-at="2019-02-20T17:40:02Z" finished-at="2019-02-20T17:40:02Z">
          <reporter-output>
          </reporter-output>
        </test-method> <!-- tearDown -->
        <test-method status="PASS" signature="getTestResult(org.testng.ITestResult)[pri:0, instance:Scripts.UserTestScript@7d9d1a19]" name="getTestResult" is-config="true" duration-ms="0" started-at="2019-02-20T17:40:02Z" finished-at="2019-02-20T17:40:02Z">
          <params>
            <param index="0">
              <value>
                <![CDATA[[TestResult name=RegistrationFormTest_EmptyMiddleName status=SUCCESS method=UserTestScript.RegistrationFormTest_EmptyMiddleName()[pri:0, instance:Scripts.UserTestScript@7d9d1a19] output={null}]]]>
              </value>
            </param>
          </params>
          <reporter-output>
          </reporter-output>
        </test-method> <!-- getTestResult -->
        <test-method status="PASS" signature="setUp()[pri:0, instance:Scripts.UserTestScript@7d9d1a19]" name="setUp" is-config="true" duration-ms="5777" started-at="2019-02-20T17:40:02Z" finished-at="2019-02-20T17:40:08Z">
          <reporter-output>
          </reporter-output>
        </test-method> <!-- setUp -->
        <test-method status="PASS" signature="RegistrationFormTest_EmptyMobileNumber()[pri:0, instance:Scripts.UserTestScript@7d9d1a19]" name="RegistrationFormTest_EmptyMobileNumber" duration-ms="1910" started-at="2019-02-20T17:40:08Z" finished-at="2019-02-20T17:40:10Z">
          <reporter-output>
          </reporter-output>
        </test-method> <!-- RegistrationFormTest_EmptyMobileNumber -->
        <test-method status="PASS" signature="tearDown()[pri:0, instance:Scripts.UserTestScript@7d9d1a19]" name="tearDown" is-config="true" duration-ms="871" started-at="2019-02-20T17:40:10Z" finished-at="2019-02-20T17:40:11Z">
          <reporter-output>
          </reporter-output>
        </test-method> <!-- tearDown -->
        <test-method status="PASS" signature="getTestResult(org.testng.ITestResult)[pri:0, instance:Scripts.UserTestScript@7d9d1a19]" name="getTestResult" is-config="true" duration-ms="0" started-at="2019-02-20T17:40:11Z" finished-at="2019-02-20T17:40:11Z">
          <params>
            <param index="0">
              <value>
                <![CDATA[[TestResult name=RegistrationFormTest_EmptyMobileNumber status=SUCCESS method=UserTestScript.RegistrationFormTest_EmptyMobileNumber()[pri:0, instance:Scripts.UserTestScript@7d9d1a19] output={null}]]]>
              </value>
            </param>
          </params>
          <reporter-output>
          </reporter-output>
        </test-method> <!-- getTestResult -->
        <test-method status="PASS" signature="setUp()[pri:0, instance:Scripts.UserTestScript@7d9d1a19]" name="setUp" is-config="true" duration-ms="5163" started-at="2019-02-20T17:40:11Z" finished-at="2019-02-20T17:40:16Z">
          <reporter-output>
          </reporter-output>
        </test-method> <!-- setUp -->
        <test-method status="PASS" signature="RegistrationFormTest_EmptyPanNumber()[pri:0, instance:Scripts.UserTestScript@7d9d1a19]" name="RegistrationFormTest_EmptyPanNumber" duration-ms="1990" started-at="2019-02-20T17:40:16Z" finished-at="2019-02-20T17:40:18Z">
          <reporter-output>
          </reporter-output>
        </test-method> <!-- RegistrationFormTest_EmptyPanNumber -->
        <test-method status="PASS" signature="tearDown()[pri:0, instance:Scripts.UserTestScript@7d9d1a19]" name="tearDown" is-config="true" duration-ms="891" started-at="2019-02-20T17:40:18Z" finished-at="2019-02-20T17:40:19Z">
          <reporter-output>
          </reporter-output>
        </test-method> <!-- tearDown -->
        <test-method status="PASS" signature="getTestResult(org.testng.ITestResult)[pri:0, instance:Scripts.UserTestScript@7d9d1a19]" name="getTestResult" is-config="true" duration-ms="0" started-at="2019-02-20T17:40:19Z" finished-at="2019-02-20T17:40:19Z">
          <params>
            <param index="0">
              <value>
                <![CDATA[[TestResult name=RegistrationFormTest_EmptyPanNumber status=SUCCESS method=UserTestScript.RegistrationFormTest_EmptyPanNumber()[pri:0, instance:Scripts.UserTestScript@7d9d1a19] output={null}]]]>
              </value>
            </param>
          </params>
          <reporter-output>
          </reporter-output>
        </test-method> <!-- getTestResult -->
        <test-method status="PASS" signature="setUp()[pri:0, instance:Scripts.UserTestScript@7d9d1a19]" name="setUp" is-config="true" duration-ms="5349" started-at="2019-02-20T17:40:19Z" finished-at="2019-02-20T17:40:24Z">
          <reporter-output>
          </reporter-output>
        </test-method> <!-- setUp -->
        <test-method status="PASS" signature="RegistrationFormTest_EmptySourceOfFunds()[pri:0, instance:Scripts.UserTestScript@7d9d1a19]" name="RegistrationFormTest_EmptySourceOfFunds" duration-ms="2071" started-at="2019-02-20T17:40:24Z" finished-at="2019-02-20T17:40:26Z">
          <reporter-output>
          </reporter-output>
        </test-method> <!-- RegistrationFormTest_EmptySourceOfFunds -->
        <test-method status="PASS" signature="tearDown()[pri:0, instance:Scripts.UserTestScript@7d9d1a19]" name="tearDown" is-config="true" duration-ms="889" started-at="2019-02-20T17:40:26Z" finished-at="2019-02-20T17:40:27Z">
          <reporter-output>
          </reporter-output>
        </test-method> <!-- tearDown -->
        <test-method status="PASS" signature="getTestResult(org.testng.ITestResult)[pri:0, instance:Scripts.UserTestScript@7d9d1a19]" name="getTestResult" is-config="true" duration-ms="0" started-at="2019-02-20T17:40:27Z" finished-at="2019-02-20T17:40:27Z">
          <params>
            <param index="0">
              <value>
                <![CDATA[[TestResult name=RegistrationFormTest_EmptySourceOfFunds status=SUCCESS method=UserTestScript.RegistrationFormTest_EmptySourceOfFunds()[pri:0, instance:Scripts.UserTestScript@7d9d1a19] output={null}]]]>
              </value>
            </param>
          </params>
          <reporter-output>
          </reporter-output>
        </test-method> <!-- getTestResult -->
        <test-method status="PASS" signature="closingAllConnections()[pri:0, instance:Scripts.UserTestScript@7d9d1a19]" name="closingAllConnections" is-config="true" duration-ms="1" started-at="2019-02-20T17:40:27Z" finished-at="2019-02-20T17:40:27Z">
          <reporter-output>
          </reporter-output>
        </test-method> <!-- closingAllConnections -->
        <test-method status="PASS" signature="closeBrowser()[pri:0, instance:Scripts.UserTestScript@7d9d1a19]" name="closeBrowser" is-config="true" duration-ms="0" started-at="2019-02-20T17:40:27Z" finished-at="2019-02-20T17:40:27Z">
          <reporter-output>
          </reporter-output>
        </test-method> <!-- closeBrowser -->
      </class> <!-- Scripts.UserTestScript -->
    </test> <!-- Testscriptsexecution -->
  </suite> <!-- Maven project -->
</testng-results>
