<?xml version="1.0" encoding="UTF-8"?>
<testng-results skipped="49" failed="0" total="49" passed="0">
  <reporter-output>
  </reporter-output>
  <suite name="Maven project" duration-ms="26401" started-at="2019-02-18T13:08:17Z" finished-at="2019-02-18T13:08:44Z">
    <groups>
    </groups>
    <test name="Testscriptsexecution" duration-ms="26401" started-at="2019-02-18T13:08:17Z" finished-at="2019-02-18T13:08:44Z">
      <class name="Scripts.PassportLoginTestScript">
        <test-method status="SKIP" signature="setUp()[pri:0, instance:Scripts.PassportLoginTestScript@1a968a59]" name="setUp" is-config="true" duration-ms="0" started-at="2019-02-18T18:38:44Z" finished-at="2019-02-18T18:38:44Z">
          <reporter-output>
          </reporter-output>
        </test-method> <!-- setUp -->
        <test-method status="SKIP" signature="intializingConnections()[pri:0, instance:Scripts.PassportLoginTestScript@1a968a59]" name="intializingConnections" is-config="true" duration-ms="0" started-at="2019-02-18T18:38:44Z" finished-at="2019-02-18T18:38:44Z">
          <reporter-output>
          </reporter-output>
        </test-method> <!-- intializingConnections -->
        <test-method status="SKIP" signature="Passport_Login_BlankUserName_BlankPwd()[pri:0, instance:Scripts.PassportLoginTestScript@1a968a59]" name="Passport_Login_BlankUserName_BlankPwd" duration-ms="0" started-at="2019-02-18T18:38:44Z" finished-at="2019-02-18T18:38:44Z">
          <reporter-output>
          </reporter-output>
        </test-method> <!-- Passport_Login_BlankUserName_BlankPwd -->
        <test-method status="SKIP" signature="tearDown()[pri:0, instance:Scripts.PassportLoginTestScript@1a968a59]" name="tearDown" is-config="true" duration-ms="0" started-at="2019-02-18T18:38:44Z" finished-at="2019-02-18T18:38:44Z">
          <reporter-output>
          </reporter-output>
        </test-method> <!-- tearDown -->
        <test-method status="SKIP" signature="setUp()[pri:0, instance:Scripts.PassportLoginTestScript@1a968a59]" name="setUp" is-config="true" duration-ms="0" started-at="2019-02-18T18:38:44Z" finished-at="2019-02-18T18:38:44Z">
          <reporter-output>
          </reporter-output>
        </test-method> <!-- setUp -->
        <test-method status="SKIP" signature="Passport_Login_BlankUserName_ValidPwd()[pri:0, instance:Scripts.PassportLoginTestScript@1a968a59]" name="Passport_Login_BlankUserName_ValidPwd" duration-ms="0" started-at="2019-02-18T18:38:44Z" finished-at="2019-02-18T18:38:44Z">
          <reporter-output>
          </reporter-output>
        </test-method> <!-- Passport_Login_BlankUserName_ValidPwd -->
        <test-method status="SKIP" signature="tearDown()[pri:0, instance:Scripts.PassportLoginTestScript@1a968a59]" name="tearDown" is-config="true" duration-ms="0" started-at="2019-02-18T18:38:44Z" finished-at="2019-02-18T18:38:44Z">
          <reporter-output>
          </reporter-output>
        </test-method> <!-- tearDown -->
        <test-method status="SKIP" signature="setUp()[pri:0, instance:Scripts.PassportLoginTestScript@1a968a59]" name="setUp" is-config="true" duration-ms="0" started-at="2019-02-18T18:38:44Z" finished-at="2019-02-18T18:38:44Z">
          <reporter-output>
          </reporter-output>
        </test-method> <!-- setUp -->
        <test-method status="SKIP" signature="Passport_Login_InvalidUserName()[pri:0, instance:Scripts.PassportLoginTestScript@1a968a59]" name="Passport_Login_InvalidUserName" duration-ms="0" started-at="2019-02-18T18:38:44Z" finished-at="2019-02-18T18:38:44Z">
          <reporter-output>
          </reporter-output>
        </test-method> <!-- Passport_Login_InvalidUserName -->
        <test-method status="SKIP" signature="tearDown()[pri:0, instance:Scripts.PassportLoginTestScript@1a968a59]" name="tearDown" is-config="true" duration-ms="0" started-at="2019-02-18T18:38:44Z" finished-at="2019-02-18T18:38:44Z">
          <reporter-output>
          </reporter-output>
        </test-method> <!-- tearDown -->
        <test-method status="SKIP" signature="Passport_Login_ValidUserName_BlankPwd()[pri:0, instance:Scripts.PassportLoginTestScript@1a968a59]" name="Passport_Login_ValidUserName_BlankPwd" duration-ms="1" started-at="2019-02-18T18:38:44Z" finished-at="2019-02-18T18:38:44Z">
          <reporter-output>
          </reporter-output>
        </test-method> <!-- Passport_Login_ValidUserName_BlankPwd -->
        <test-method status="SKIP" signature="setUp()[pri:0, instance:Scripts.PassportLoginTestScript@1a968a59]" name="setUp" is-config="true" duration-ms="0" started-at="2019-02-18T18:38:44Z" finished-at="2019-02-18T18:38:44Z">
          <reporter-output>
          </reporter-output>
        </test-method> <!-- setUp -->
        <test-method status="SKIP" signature="tearDown()[pri:0, instance:Scripts.PassportLoginTestScript@1a968a59]" name="tearDown" is-config="true" duration-ms="0" started-at="2019-02-18T18:38:44Z" finished-at="2019-02-18T18:38:44Z">
          <reporter-output>
          </reporter-output>
        </test-method> <!-- tearDown -->
        <test-method status="SKIP" signature="setUp()[pri:0, instance:Scripts.PassportLoginTestScript@1a968a59]" name="setUp" is-config="true" duration-ms="0" started-at="2019-02-18T18:38:44Z" finished-at="2019-02-18T18:38:44Z">
          <reporter-output>
          </reporter-output>
        </test-method> <!-- setUp -->
        <test-method status="SKIP" signature="Passport_Login_ValidUserName_InvalidPwd()[pri:0, instance:Scripts.PassportLoginTestScript@1a968a59]" name="Passport_Login_ValidUserName_InvalidPwd" duration-ms="0" started-at="2019-02-18T18:38:44Z" finished-at="2019-02-18T18:38:44Z">
          <reporter-output>
          </reporter-output>
        </test-method> <!-- Passport_Login_ValidUserName_InvalidPwd -->
        <test-method status="SKIP" signature="setUp()[pri:0, instance:Scripts.PassportLoginTestScript@1a968a59]" name="setUp" is-config="true" duration-ms="0" started-at="2019-02-18T18:38:44Z" finished-at="2019-02-18T18:38:44Z">
          <reporter-output>
          </reporter-output>
        </test-method> <!-- setUp -->
        <test-method status="SKIP" signature="tearDown()[pri:0, instance:Scripts.PassportLoginTestScript@1a968a59]" name="tearDown" is-config="true" duration-ms="0" started-at="2019-02-18T18:38:44Z" finished-at="2019-02-18T18:38:44Z">
          <reporter-output>
          </reporter-output>
        </test-method> <!-- tearDown -->
        <test-method status="SKIP" signature="tearDown()[pri:0, instance:Scripts.PassportLoginTestScript@1a968a59]" name="tearDown" is-config="true" duration-ms="0" started-at="2019-02-18T18:38:44Z" finished-at="2019-02-18T18:38:44Z">
          <reporter-output>
          </reporter-output>
        </test-method> <!-- tearDown -->
        <test-method status="SKIP" signature="Passport_Login_ValidUserName_ValidPwd()[pri:0, instance:Scripts.PassportLoginTestScript@1a968a59]" name="Passport_Login_ValidUserName_ValidPwd" duration-ms="0" started-at="2019-02-18T18:38:44Z" finished-at="2019-02-18T18:38:44Z">
          <reporter-output>
          </reporter-output>
        </test-method> <!-- Passport_Login_ValidUserName_ValidPwd -->
        <test-method status="SKIP" signature="closingAllConnections()[pri:0, instance:Scripts.PassportLoginTestScript@1a968a59]" name="closingAllConnections" is-config="true" duration-ms="0" started-at="2019-02-18T18:38:44Z" finished-at="2019-02-18T18:38:44Z">
          <reporter-output>
          </reporter-output>
        </test-method> <!-- closingAllConnections -->
        <test-method status="SKIP" signature="closeBrowser()[pri:0, instance:Scripts.PassportLoginTestScript@1a968a59]" name="closeBrowser" is-config="true" duration-ms="0" started-at="2019-02-18T18:38:44Z" finished-at="2019-02-18T18:38:44Z">
          <reporter-output>
          </reporter-output>
        </test-method> <!-- closeBrowser -->
      </class> <!-- Scripts.PassportLoginTestScript -->
      <class name="Scripts.NSDLLoginTestScript">
        <test-method status="PASS" signature="init()[pri:0, instance:Scripts.NSDLLoginTestScript@3532ec19]" name="init" is-config="true" duration-ms="158" started-at="2019-02-18T18:38:17Z" finished-at="2019-02-18T18:38:17Z">
          <reporter-output>
          </reporter-output>
        </test-method> <!-- init -->
        <test-method status="SKIP" signature="intializingConnections()[pri:0, instance:Scripts.NSDLLoginTestScript@3532ec19]" name="intializingConnections" is-config="true" duration-ms="0" started-at="2019-02-18T18:38:44Z" finished-at="2019-02-18T18:38:44Z">
          <reporter-output>
          </reporter-output>
        </test-method> <!-- intializingConnections -->
        <test-method status="SKIP" signature="NSDL_Login_BlankUserName_BlankPwd()[pri:0, instance:Scripts.NSDLLoginTestScript@3532ec19]" name="NSDL_Login_BlankUserName_BlankPwd" duration-ms="1" started-at="2019-02-18T18:38:44Z" finished-at="2019-02-18T18:38:44Z">
          <reporter-output>
          </reporter-output>
        </test-method> <!-- NSDL_Login_BlankUserName_BlankPwd -->
        <test-method status="SKIP" signature="setUp()[pri:0, instance:Scripts.NSDLLoginTestScript@3532ec19]" name="setUp" is-config="true" duration-ms="0" started-at="2019-02-18T18:38:44Z" finished-at="2019-02-18T18:38:44Z">
          <reporter-output>
          </reporter-output>
        </test-method> <!-- setUp -->
        <test-method status="SKIP" signature="tearDown()[pri:0, instance:Scripts.NSDLLoginTestScript@3532ec19]" name="tearDown" is-config="true" duration-ms="0" started-at="2019-02-18T18:38:44Z" finished-at="2019-02-18T18:38:44Z">
          <reporter-output>
          </reporter-output>
        </test-method> <!-- tearDown -->
        <test-method status="SKIP" signature="NSDL_Login_BlankUserName_ValidPwd()[pri:0, instance:Scripts.NSDLLoginTestScript@3532ec19]" name="NSDL_Login_BlankUserName_ValidPwd" duration-ms="1" started-at="2019-02-18T18:38:44Z" finished-at="2019-02-18T18:38:44Z">
          <reporter-output>
          </reporter-output>
        </test-method> <!-- NSDL_Login_BlankUserName_ValidPwd -->
        <test-method status="SKIP" signature="setUp()[pri:0, instance:Scripts.NSDLLoginTestScript@3532ec19]" name="setUp" is-config="true" duration-ms="0" started-at="2019-02-18T18:38:44Z" finished-at="2019-02-18T18:38:44Z">
          <reporter-output>
          </reporter-output>
        </test-method> <!-- setUp -->
        <test-method status="SKIP" signature="tearDown()[pri:0, instance:Scripts.NSDLLoginTestScript@3532ec19]" name="tearDown" is-config="true" duration-ms="0" started-at="2019-02-18T18:38:44Z" finished-at="2019-02-18T18:38:44Z">
          <reporter-output>
          </reporter-output>
        </test-method> <!-- tearDown -->
        <test-method status="SKIP" signature="setUp()[pri:0, instance:Scripts.NSDLLoginTestScript@3532ec19]" name="setUp" is-config="true" duration-ms="0" started-at="2019-02-18T18:38:44Z" finished-at="2019-02-18T18:38:44Z">
          <reporter-output>
          </reporter-output>
        </test-method> <!-- setUp -->
        <test-method status="SKIP" signature="NSDL_Login_InvalidUserName()[pri:0, instance:Scripts.NSDLLoginTestScript@3532ec19]" name="NSDL_Login_InvalidUserName" duration-ms="0" started-at="2019-02-18T18:38:44Z" finished-at="2019-02-18T18:38:44Z">
          <reporter-output>
          </reporter-output>
        </test-method> <!-- NSDL_Login_InvalidUserName -->
        <test-method status="SKIP" signature="NSDL_Login_ValidUserName_BlankPwd()[pri:0, instance:Scripts.NSDLLoginTestScript@3532ec19]" name="NSDL_Login_ValidUserName_BlankPwd" duration-ms="1" started-at="2019-02-18T18:38:44Z" finished-at="2019-02-18T18:38:44Z">
          <reporter-output>
          </reporter-output>
        </test-method> <!-- NSDL_Login_ValidUserName_BlankPwd -->
        <test-method status="SKIP" signature="setUp()[pri:0, instance:Scripts.NSDLLoginTestScript@3532ec19]" name="setUp" is-config="true" duration-ms="0" started-at="2019-02-18T18:38:44Z" finished-at="2019-02-18T18:38:44Z">
          <reporter-output>
          </reporter-output>
        </test-method> <!-- setUp -->
        <test-method status="SKIP" signature="tearDown()[pri:0, instance:Scripts.NSDLLoginTestScript@3532ec19]" name="tearDown" is-config="true" duration-ms="0" started-at="2019-02-18T18:38:44Z" finished-at="2019-02-18T18:38:44Z">
          <reporter-output>
          </reporter-output>
        </test-method> <!-- tearDown -->
        <test-method status="SKIP" signature="tearDown()[pri:0, instance:Scripts.NSDLLoginTestScript@3532ec19]" name="tearDown" is-config="true" duration-ms="0" started-at="2019-02-18T18:38:44Z" finished-at="2019-02-18T18:38:44Z">
          <reporter-output>
          </reporter-output>
        </test-method> <!-- tearDown -->
        <test-method status="SKIP" signature="setUp()[pri:0, instance:Scripts.NSDLLoginTestScript@3532ec19]" name="setUp" is-config="true" duration-ms="0" started-at="2019-02-18T18:38:44Z" finished-at="2019-02-18T18:38:44Z">
          <reporter-output>
          </reporter-output>
        </test-method> <!-- setUp -->
        <test-method status="SKIP" signature="tearDown()[pri:0, instance:Scripts.NSDLLoginTestScript@3532ec19]" name="tearDown" is-config="true" duration-ms="0" started-at="2019-02-18T18:38:44Z" finished-at="2019-02-18T18:38:44Z">
          <reporter-output>
          </reporter-output>
        </test-method> <!-- tearDown -->
        <test-method status="SKIP" signature="NSDL_Login_ValidUserName_InvalidPwd()[pri:0, instance:Scripts.NSDLLoginTestScript@3532ec19]" name="NSDL_Login_ValidUserName_InvalidPwd" duration-ms="0" started-at="2019-02-18T18:38:44Z" finished-at="2019-02-18T18:38:44Z">
          <reporter-output>
          </reporter-output>
        </test-method> <!-- NSDL_Login_ValidUserName_InvalidPwd -->
        <test-method status="SKIP" signature="setUp()[pri:0, instance:Scripts.NSDLLoginTestScript@3532ec19]" name="setUp" is-config="true" duration-ms="0" started-at="2019-02-18T18:38:44Z" finished-at="2019-02-18T18:38:44Z">
          <reporter-output>
          </reporter-output>
        </test-method> <!-- setUp -->
        <test-method status="SKIP" signature="NSDL_Login_ValidUserName_ValidPwd()[pri:0, instance:Scripts.NSDLLoginTestScript@3532ec19]" name="NSDL_Login_ValidUserName_ValidPwd" duration-ms="0" started-at="2019-02-18T18:38:44Z" finished-at="2019-02-18T18:38:44Z">
          <reporter-output>
          </reporter-output>
        </test-method> <!-- NSDL_Login_ValidUserName_ValidPwd -->
        <test-method status="SKIP" signature="tearDown()[pri:0, instance:Scripts.NSDLLoginTestScript@3532ec19]" name="tearDown" is-config="true" duration-ms="0" started-at="2019-02-18T18:38:44Z" finished-at="2019-02-18T18:38:44Z">
          <reporter-output>
          </reporter-output>
        </test-method> <!-- tearDown -->
        <test-method status="SKIP" signature="closingAllConnections()[pri:0, instance:Scripts.NSDLLoginTestScript@3532ec19]" name="closingAllConnections" is-config="true" duration-ms="0" started-at="2019-02-18T18:38:44Z" finished-at="2019-02-18T18:38:44Z">
          <reporter-output>
          </reporter-output>
        </test-method> <!-- closingAllConnections -->
        <test-method status="SKIP" signature="closeBrowser()[pri:0, instance:Scripts.NSDLLoginTestScript@3532ec19]" name="closeBrowser" is-config="true" duration-ms="0" started-at="2019-02-18T18:38:44Z" finished-at="2019-02-18T18:38:44Z">
          <reporter-output>
          </reporter-output>
        </test-method> <!-- closeBrowser -->
        <test-method status="SKIP" signature="endreport()[pri:0, instance:Scripts.NSDLLoginTestScript@3532ec19]" name="endreport" is-config="true" duration-ms="0" started-at="2019-02-18T18:38:44Z" finished-at="2019-02-18T18:38:44Z">
          <reporter-output>
          </reporter-output>
        </test-method> <!-- endreport -->
      </class> <!-- Scripts.NSDLLoginTestScript -->
      <class name="Scripts.LoginTestScript">
        <test-method status="PASS" signature="initializingConnections()[pri:0, instance:Scripts.LoginTestScript@5442a311]" name="initializingConnections" is-config="true" duration-ms="823" started-at="2019-02-18T18:38:17Z" finished-at="2019-02-18T18:38:18Z">
          <reporter-output>
          </reporter-output>
        </test-method> <!-- initializingConnections -->
        <test-method status="FAIL" signature="setUp()[pri:0, instance:Scripts.LoginTestScript@5442a311]" name="setUp" is-config="true" duration-ms="0" started-at="2019-02-18T18:38:18Z" finished-at="2019-02-18T18:38:18Z">
          <exception class="org.openqa.selenium.NoSuchElementException">
            <message>
              <![CDATA[no such element: Unable to locate element: {"method":"xpath","selector":"//*[@id="intro"]/div/div/div/h1"}
  (Session info: chrome=72.0.3626.81)
  (Driver info: chromedriver=2.42.591088 (7b2b2dca23cca0862f674758c9a3933e685c27d5),platform=Windows NT 10.0.14393 x86_64) (WARNING: The server did not provide any stacktrace information)
Command duration or timeout: 0 milliseconds
For documentation on this error, please visit: http://seleniumhq.org/exceptions/no_such_element.html
Build info: version: '3.14.0', revision: 'aacccce0', time: '2018-08-02T20:19:58.91Z'
System info: host: 'HDRRPA2', ip: '172.23.178.15', os.name: 'Windows 8.1', os.arch: 'amd64', os.version: '6.3', java.version: '1.8.0_45'
Driver info: org.openqa.selenium.chrome.ChromeDriver
Capabilities {acceptInsecureCerts: false, acceptSslCerts: false, applicationCacheEnabled: false, browserConnectionEnabled: false, browserName: chrome, chrome: {chromedriverVersion: 2.42.591088 (7b2b2dca23cca0..., userDataDir: C:\Users\NEHAKA~1\AppData\L...}, cssSelectorsEnabled: true, databaseEnabled: false, goog:chromeOptions: {debuggerAddress: localhost:58290}, handlesAlerts: true, hasTouchScreen: false, javascriptEnabled: true, locationContextEnabled: true, mobileEmulationEnabled: false, nativeEvents: true, networkConnectionEnabled: false, pageLoadStrategy: normal, platform: XP, platformName: XP, rotatable: false, setWindowRect: true, takesHeapSnapshot: true, takesScreenshot: true, unexpectedAlertBehaviour: , unhandledPromptBehavior: , version: 72.0.3626.81, webStorageEnabled: true}
Session ID: 4dfebe0f099713da2b802de36d193222
*** Element info: {Using=xpath, value=//*[@id="intro"]/div/div/div/h1}]]>
            </message>
            <full-stacktrace>
              <![CDATA[org.openqa.selenium.NoSuchElementException: no such element: Unable to locate element: {"method":"xpath","selector":"//*[@id="intro"]/div/div/div/h1"}
  (Session info: chrome=72.0.3626.81)
  (Driver info: chromedriver=2.42.591088 (7b2b2dca23cca0862f674758c9a3933e685c27d5),platform=Windows NT 10.0.14393 x86_64) (WARNING: The server did not provide any stacktrace information)
Command duration or timeout: 0 milliseconds
For documentation on this error, please visit: http://seleniumhq.org/exceptions/no_such_element.html
Build info: version: '3.14.0', revision: 'aacccce0', time: '2018-08-02T20:19:58.91Z'
System info: host: 'HDRRPA2', ip: '172.23.178.15', os.name: 'Windows 8.1', os.arch: 'amd64', os.version: '6.3', java.version: '1.8.0_45'
Driver info: org.openqa.selenium.chrome.ChromeDriver
Capabilities {acceptInsecureCerts: false, acceptSslCerts: false, applicationCacheEnabled: false, browserConnectionEnabled: false, browserName: chrome, chrome: {chromedriverVersion: 2.42.591088 (7b2b2dca23cca0..., userDataDir: C:\Users\NEHAKA~1\AppData\L...}, cssSelectorsEnabled: true, databaseEnabled: false, goog:chromeOptions: {debuggerAddress: localhost:58290}, handlesAlerts: true, hasTouchScreen: false, javascriptEnabled: true, locationContextEnabled: true, mobileEmulationEnabled: false, nativeEvents: true, networkConnectionEnabled: false, pageLoadStrategy: normal, platform: XP, platformName: XP, rotatable: false, setWindowRect: true, takesHeapSnapshot: true, takesScreenshot: true, unexpectedAlertBehaviour: , unhandledPromptBehavior: , version: 72.0.3626.81, webStorageEnabled: true}
Session ID: 4dfebe0f099713da2b802de36d193222
*** Element info: {Using=xpath, value=//*[@id="intro"]/div/div/div/h1}
	at sun.reflect.NativeConstructorAccessorImpl.newInstance0(Native Method)
	at sun.reflect.NativeConstructorAccessorImpl.newInstance(Unknown Source)
	at sun.reflect.DelegatingConstructorAccessorImpl.newInstance(Unknown Source)
	at java.lang.reflect.Constructor.newInstance(Unknown Source)
	at org.openqa.selenium.remote.ErrorHandler.createThrowable(ErrorHandler.java:214)
	at org.openqa.selenium.remote.ErrorHandler.throwIfResponseFailed(ErrorHandler.java:166)
	at org.openqa.selenium.remote.http.JsonHttpResponseCodec.reconstructValue(JsonHttpResponseCodec.java:40)
	at org.openqa.selenium.remote.http.AbstractHttpResponseCodec.decode(AbstractHttpResponseCodec.java:80)
	at org.openqa.selenium.remote.http.AbstractHttpResponseCodec.decode(AbstractHttpResponseCodec.java:44)
	at org.openqa.selenium.remote.HttpCommandExecutor.execute(HttpCommandExecutor.java:158)
	at org.openqa.selenium.remote.service.DriverCommandExecutor.execute(DriverCommandExecutor.java:83)
	at org.openqa.selenium.remote.RemoteWebDriver.execute(RemoteWebDriver.java:548)
	at org.openqa.selenium.remote.RemoteWebDriver.findElement(RemoteWebDriver.java:322)
	at org.openqa.selenium.remote.RemoteWebDriver.findElementByXPath(RemoteWebDriver.java:424)
	at org.openqa.selenium.By$ByXPath.findElement(By.java:353)
	at org.openqa.selenium.remote.RemoteWebDriver.findElement(RemoteWebDriver.java:314)
	at Scripts.LoginTestScript.setUp(LoginTestScript.java:76)
	at sun.reflect.NativeMethodAccessorImpl.invoke0(Native Method)
	at sun.reflect.NativeMethodAccessorImpl.invoke(Unknown Source)
	at sun.reflect.DelegatingMethodAccessorImpl.invoke(Unknown Source)
	at java.lang.reflect.Method.invoke(Unknown Source)
	at org.testng.internal.MethodInvocationHelper.invokeMethod(MethodInvocationHelper.java:80)
	at org.testng.internal.Invoker.invokeConfigurationMethod(Invoker.java:564)
	at org.testng.internal.Invoker.invokeConfigurations(Invoker.java:213)
	at org.testng.internal.Invoker.invokeMethod(Invoker.java:653)
	at org.testng.internal.Invoker.invokeTestMethod(Invoker.java:901)
	at org.testng.internal.Invoker.invokeTestMethods(Invoker.java:1231)
	at org.testng.internal.TestMethodWorker.invokeTestMethods(TestMethodWorker.java:127)
	at org.testng.internal.TestMethodWorker.run(TestMethodWorker.java:111)
	at org.testng.TestRunner.privateRun(TestRunner.java:767)
	at org.testng.TestRunner.run(TestRunner.java:617)
	at org.testng.SuiteRunner.runTest(SuiteRunner.java:334)
	at org.testng.SuiteRunner.runSequentially(SuiteRunner.java:329)
	at org.testng.SuiteRunner.privateRun(SuiteRunner.java:291)
	at org.testng.SuiteRunner.run(SuiteRunner.java:240)
	at org.testng.SuiteRunnerWorker.runSuite(SuiteRunnerWorker.java:52)
	at org.testng.SuiteRunnerWorker.run(SuiteRunnerWorker.java:86)
	at org.testng.TestNG.runSuitesSequentially(TestNG.java:1198)
	at org.testng.TestNG.runSuitesLocally(TestNG.java:1123)
	at org.testng.TestNG.run(TestNG.java:1031)
	at org.testng.remote.AbstractRemoteTestNG.run(AbstractRemoteTestNG.java:114)
	at org.testng.remote.RemoteTestNG.initAndRun(RemoteTestNG.java:251)
	at org.testng.remote.RemoteTestNG.main(RemoteTestNG.java:77)
]]>
            </full-stacktrace>
          </exception> <!-- org.openqa.selenium.NoSuchElementException -->
          <reporter-output>
          </reporter-output>
        </test-method> <!-- setUp -->
        <test-method status="SKIP" signature="Home_Login_BlankUserName_BlankPwd()[pri:0, instance:Scripts.LoginTestScript@5442a311]" name="Home_Login_BlankUserName_BlankPwd" duration-ms="3" started-at="2019-02-18T18:38:43Z" finished-at="2019-02-18T18:38:43Z">
          <reporter-output>
          </reporter-output>
        </test-method> <!-- Home_Login_BlankUserName_BlankPwd -->
        <test-method status="SKIP" signature="tearDown()[pri:0, instance:Scripts.LoginTestScript@5442a311]" name="tearDown" is-config="true" duration-ms="0" started-at="2019-02-18T18:38:43Z" finished-at="2019-02-18T18:38:43Z">
          <reporter-output>
          </reporter-output>
        </test-method> <!-- tearDown -->
        <test-method status="SKIP" signature="setUp()[pri:0, instance:Scripts.LoginTestScript@5442a311]" name="setUp" is-config="true" duration-ms="0" started-at="2019-02-18T18:38:43Z" finished-at="2019-02-18T18:38:43Z">
          <reporter-output>
          </reporter-output>
        </test-method> <!-- setUp -->
        <test-method status="SKIP" signature="Home_Login_BlankUserName_ValidPwd()[pri:0, instance:Scripts.LoginTestScript@5442a311]" name="Home_Login_BlankUserName_ValidPwd" duration-ms="2" started-at="2019-02-18T18:38:43Z" finished-at="2019-02-18T18:38:43Z">
          <reporter-output>
          </reporter-output>
        </test-method> <!-- Home_Login_BlankUserName_ValidPwd -->
        <test-method status="SKIP" signature="tearDown()[pri:0, instance:Scripts.LoginTestScript@5442a311]" name="tearDown" is-config="true" duration-ms="0" started-at="2019-02-18T18:38:43Z" finished-at="2019-02-18T18:38:43Z">
          <reporter-output>
          </reporter-output>
        </test-method> <!-- tearDown -->
        <test-method status="SKIP" signature="Home_Login_InvalidUserName()[pri:0, instance:Scripts.LoginTestScript@5442a311]" name="Home_Login_InvalidUserName" duration-ms="2" started-at="2019-02-18T18:38:43Z" finished-at="2019-02-18T18:38:43Z">
          <reporter-output>
          </reporter-output>
        </test-method> <!-- Home_Login_InvalidUserName -->
        <test-method status="SKIP" signature="setUp()[pri:0, instance:Scripts.LoginTestScript@5442a311]" name="setUp" is-config="true" duration-ms="0" started-at="2019-02-18T18:38:43Z" finished-at="2019-02-18T18:38:43Z">
          <reporter-output>
          </reporter-output>
        </test-method> <!-- setUp -->
        <test-method status="SKIP" signature="tearDown()[pri:0, instance:Scripts.LoginTestScript@5442a311]" name="tearDown" is-config="true" duration-ms="0" started-at="2019-02-18T18:38:43Z" finished-at="2019-02-18T18:38:43Z">
          <reporter-output>
          </reporter-output>
        </test-method> <!-- tearDown -->
        <test-method status="SKIP" signature="setUp()[pri:0, instance:Scripts.LoginTestScript@5442a311]" name="setUp" is-config="true" duration-ms="0" started-at="2019-02-18T18:38:43Z" finished-at="2019-02-18T18:38:43Z">
          <reporter-output>
          </reporter-output>
        </test-method> <!-- setUp -->
        <test-method status="SKIP" signature="Home_Login_ValidUserName_BlankPwd()[pri:0, instance:Scripts.LoginTestScript@5442a311]" name="Home_Login_ValidUserName_BlankPwd" duration-ms="4" started-at="2019-02-18T18:38:43Z" finished-at="2019-02-18T18:38:43Z">
          <reporter-output>
          </reporter-output>
        </test-method> <!-- Home_Login_ValidUserName_BlankPwd -->
        <test-method status="SKIP" signature="tearDown()[pri:0, instance:Scripts.LoginTestScript@5442a311]" name="tearDown" is-config="true" duration-ms="0" started-at="2019-02-18T18:38:43Z" finished-at="2019-02-18T18:38:43Z">
          <reporter-output>
          </reporter-output>
        </test-method> <!-- tearDown -->
        <test-method status="SKIP" signature="setUp()[pri:0, instance:Scripts.LoginTestScript@5442a311]" name="setUp" is-config="true" duration-ms="0" started-at="2019-02-18T18:38:43Z" finished-at="2019-02-18T18:38:43Z">
          <reporter-output>
          </reporter-output>
        </test-method> <!-- setUp -->
        <test-method status="SKIP" signature="Home_Login_ValidUserName_InvalidPwd()[pri:0, instance:Scripts.LoginTestScript@5442a311]" name="Home_Login_ValidUserName_InvalidPwd" duration-ms="2" started-at="2019-02-18T18:38:43Z" finished-at="2019-02-18T18:38:43Z">
          <reporter-output>
          </reporter-output>
        </test-method> <!-- Home_Login_ValidUserName_InvalidPwd -->
        <test-method status="SKIP" signature="tearDown()[pri:0, instance:Scripts.LoginTestScript@5442a311]" name="tearDown" is-config="true" duration-ms="0" started-at="2019-02-18T18:38:43Z" finished-at="2019-02-18T18:38:43Z">
          <reporter-output>
          </reporter-output>
        </test-method> <!-- tearDown -->
        <test-method status="SKIP" signature="setUp()[pri:0, instance:Scripts.LoginTestScript@5442a311]" name="setUp" is-config="true" duration-ms="0" started-at="2019-02-18T18:38:43Z" finished-at="2019-02-18T18:38:43Z">
          <reporter-output>
          </reporter-output>
        </test-method> <!-- setUp -->
        <test-method status="SKIP" signature="Home_Login_ValidUserName_ValidPwd()[pri:0, instance:Scripts.LoginTestScript@5442a311]" name="Home_Login_ValidUserName_ValidPwd" duration-ms="1" started-at="2019-02-18T18:38:43Z" finished-at="2019-02-18T18:38:43Z">
          <reporter-output>
          </reporter-output>
        </test-method> <!-- Home_Login_ValidUserName_ValidPwd -->
        <test-method status="SKIP" signature="tearDown()[pri:0, instance:Scripts.LoginTestScript@5442a311]" name="tearDown" is-config="true" duration-ms="0" started-at="2019-02-18T18:38:43Z" finished-at="2019-02-18T18:38:43Z">
          <reporter-output>
          </reporter-output>
        </test-method> <!-- tearDown -->
        <test-method status="SKIP" signature="closeBrowser()[pri:0, instance:Scripts.LoginTestScript@5442a311]" name="closeBrowser" is-config="true" duration-ms="0" started-at="2019-02-18T18:38:43Z" finished-at="2019-02-18T18:38:43Z">
          <reporter-output>
          </reporter-output>
        </test-method> <!-- closeBrowser -->
        <test-method status="SKIP" signature="closingAllConnections()[pri:0, instance:Scripts.LoginTestScript@5442a311]" name="closingAllConnections" is-config="true" duration-ms="0" started-at="2019-02-18T18:38:43Z" finished-at="2019-02-18T18:38:43Z">
          <reporter-output>
          </reporter-output>
        </test-method> <!-- closingAllConnections -->
      </class> <!-- Scripts.LoginTestScript -->
      <class name="Scripts.NSDLVerificationTestScript">
        <test-method status="SKIP" signature="initializingConnections()[pri:0, instance:Scripts.NSDLVerificationTestScript@5622fdf]" name="initializingConnections" is-config="true" duration-ms="0" started-at="2019-02-18T18:38:44Z" finished-at="2019-02-18T18:38:44Z">
          <reporter-output>
          </reporter-output>
        </test-method> <!-- initializingConnections -->
        <test-method status="SKIP" signature="setUp()[pri:0, instance:Scripts.NSDLVerificationTestScript@5622fdf]" name="setUp" is-config="true" duration-ms="0" started-at="2019-02-18T18:38:44Z" finished-at="2019-02-18T18:38:44Z">
          <reporter-output>
          </reporter-output>
        </test-method> <!-- setUp -->
        <test-method status="SKIP" signature="blank_pan_id()[pri:0, instance:Scripts.NSDLVerificationTestScript@5622fdf]" name="blank_pan_id" duration-ms="1" started-at="2019-02-18T18:38:44Z" finished-at="2019-02-18T18:38:44Z">
          <reporter-output>
          </reporter-output>
        </test-method> <!-- blank_pan_id -->
        <test-method status="SKIP" signature="tearDown()[pri:0, instance:Scripts.NSDLVerificationTestScript@5622fdf]" name="tearDown" is-config="true" duration-ms="0" started-at="2019-02-18T18:38:44Z" finished-at="2019-02-18T18:38:44Z">
          <reporter-output>
          </reporter-output>
        </test-method> <!-- tearDown -->
        <test-method status="SKIP" signature="setUp()[pri:0, instance:Scripts.NSDLVerificationTestScript@5622fdf]" name="setUp" is-config="true" duration-ms="0" started-at="2019-02-18T18:38:44Z" finished-at="2019-02-18T18:38:44Z">
          <reporter-output>
          </reporter-output>
        </test-method> <!-- setUp -->
        <test-method status="SKIP" signature="tearDown()[pri:0, instance:Scripts.NSDLVerificationTestScript@5622fdf]" name="tearDown" is-config="true" duration-ms="0" started-at="2019-02-18T18:38:44Z" finished-at="2019-02-18T18:38:44Z">
          <reporter-output>
          </reporter-output>
        </test-method> <!-- tearDown -->
        <test-method status="SKIP" signature="valid_pan_id()[pri:0, instance:Scripts.NSDLVerificationTestScript@5622fdf]" name="valid_pan_id" duration-ms="1" started-at="2019-02-18T18:38:44Z" finished-at="2019-02-18T18:38:44Z">
          <reporter-output>
          </reporter-output>
        </test-method> <!-- valid_pan_id -->
        <test-method status="SKIP" signature="invalid_pan_id()[pri:0, instance:Scripts.NSDLVerificationTestScript@5622fdf]" name="invalid_pan_id" duration-ms="0" started-at="2019-02-18T18:38:44Z" finished-at="2019-02-18T18:38:44Z">
          <reporter-output>
          </reporter-output>
        </test-method> <!-- invalid_pan_id -->
        <test-method status="SKIP" signature="setUp()[pri:0, instance:Scripts.NSDLVerificationTestScript@5622fdf]" name="setUp" is-config="true" duration-ms="0" started-at="2019-02-18T18:38:44Z" finished-at="2019-02-18T18:38:44Z">
          <reporter-output>
          </reporter-output>
        </test-method> <!-- setUp -->
        <test-method status="SKIP" signature="tearDown()[pri:0, instance:Scripts.NSDLVerificationTestScript@5622fdf]" name="tearDown" is-config="true" duration-ms="0" started-at="2019-02-18T18:38:44Z" finished-at="2019-02-18T18:38:44Z">
          <reporter-output>
          </reporter-output>
        </test-method> <!-- tearDown -->
        <test-method status="SKIP" signature="closingAllConnections()[pri:0, instance:Scripts.NSDLVerificationTestScript@5622fdf]" name="closingAllConnections" is-config="true" duration-ms="0" started-at="2019-02-18T18:38:44Z" finished-at="2019-02-18T18:38:44Z">
          <reporter-output>
          </reporter-output>
        </test-method> <!-- closingAllConnections -->
        <test-method status="SKIP" signature="closeBrowser()[pri:0, instance:Scripts.NSDLVerificationTestScript@5622fdf]" name="closeBrowser" is-config="true" duration-ms="0" started-at="2019-02-18T18:38:44Z" finished-at="2019-02-18T18:38:44Z">
          <reporter-output>
          </reporter-output>
        </test-method> <!-- closeBrowser -->
      </class> <!-- Scripts.NSDLVerificationTestScript -->
      <class name="Scripts.PassportVerificationTestScript">
        <test-method status="SKIP" signature="initializingConnections()[pri:0, instance:Scripts.PassportVerificationTestScript@6a41eaa2]" name="initializingConnections" is-config="true" duration-ms="0" started-at="2019-02-18T18:38:44Z" finished-at="2019-02-18T18:38:44Z">
          <reporter-output>
          </reporter-output>
        </test-method> <!-- initializingConnections -->
        <test-method status="SKIP" signature="setUp()[pri:0, instance:Scripts.PassportVerificationTestScript@6a41eaa2]" name="setUp" is-config="true" duration-ms="0" started-at="2019-02-18T18:38:44Z" finished-at="2019-02-18T18:38:44Z">
          <reporter-output>
          </reporter-output>
        </test-method> <!-- setUp -->
        <test-method status="SKIP" signature="blank_passport_number()[pri:0, instance:Scripts.PassportVerificationTestScript@6a41eaa2]" name="blank_passport_number" duration-ms="1" started-at="2019-02-18T18:38:44Z" finished-at="2019-02-18T18:38:44Z">
          <reporter-output>
          </reporter-output>
        </test-method> <!-- blank_passport_number -->
        <test-method status="SKIP" signature="tearDown()[pri:0, instance:Scripts.PassportVerificationTestScript@6a41eaa2]" name="tearDown" is-config="true" duration-ms="0" started-at="2019-02-18T18:38:44Z" finished-at="2019-02-18T18:38:44Z">
          <reporter-output>
          </reporter-output>
        </test-method> <!-- tearDown -->
        <test-method status="SKIP" signature="setUp()[pri:0, instance:Scripts.PassportVerificationTestScript@6a41eaa2]" name="setUp" is-config="true" duration-ms="0" started-at="2019-02-18T18:38:44Z" finished-at="2019-02-18T18:38:44Z">
          <reporter-output>
          </reporter-output>
        </test-method> <!-- setUp -->
        <test-method status="SKIP" signature="invalid_passport_number()[pri:0, instance:Scripts.PassportVerificationTestScript@6a41eaa2]" name="invalid_passport_number" duration-ms="1" started-at="2019-02-18T18:38:44Z" finished-at="2019-02-18T18:38:44Z">
          <reporter-output>
          </reporter-output>
        </test-method> <!-- invalid_passport_number -->
        <test-method status="SKIP" signature="tearDown()[pri:0, instance:Scripts.PassportVerificationTestScript@6a41eaa2]" name="tearDown" is-config="true" duration-ms="0" started-at="2019-02-18T18:38:44Z" finished-at="2019-02-18T18:38:44Z">
          <reporter-output>
          </reporter-output>
        </test-method> <!-- tearDown -->
        <test-method status="SKIP" signature="setUp()[pri:0, instance:Scripts.PassportVerificationTestScript@6a41eaa2]" name="setUp" is-config="true" duration-ms="0" started-at="2019-02-18T18:38:44Z" finished-at="2019-02-18T18:38:44Z">
          <reporter-output>
          </reporter-output>
        </test-method> <!-- setUp -->
        <test-method status="SKIP" signature="valid_passport_number()[pri:0, instance:Scripts.PassportVerificationTestScript@6a41eaa2]" name="valid_passport_number" duration-ms="0" started-at="2019-02-18T18:38:44Z" finished-at="2019-02-18T18:38:44Z">
          <reporter-output>
          </reporter-output>
        </test-method> <!-- valid_passport_number -->
        <test-method status="SKIP" signature="tearDown()[pri:0, instance:Scripts.PassportVerificationTestScript@6a41eaa2]" name="tearDown" is-config="true" duration-ms="0" started-at="2019-02-18T18:38:44Z" finished-at="2019-02-18T18:38:44Z">
          <reporter-output>
          </reporter-output>
        </test-method> <!-- tearDown -->
        <test-method status="SKIP" signature="closingAllConnections()[pri:0, instance:Scripts.PassportVerificationTestScript@6a41eaa2]" name="closingAllConnections" is-config="true" duration-ms="0" started-at="2019-02-18T18:38:44Z" finished-at="2019-02-18T18:38:44Z">
          <reporter-output>
          </reporter-output>
        </test-method> <!-- closingAllConnections -->
        <test-method status="SKIP" signature="closeBrowser()[pri:0, instance:Scripts.PassportVerificationTestScript@6a41eaa2]" name="closeBrowser" is-config="true" duration-ms="0" started-at="2019-02-18T18:38:44Z" finished-at="2019-02-18T18:38:44Z">
          <reporter-output>
          </reporter-output>
        </test-method> <!-- closeBrowser -->
      </class> <!-- Scripts.PassportVerificationTestScript -->
      <class name="Scripts.UpdateTestScript">
        <test-method status="SKIP" signature="intializingConnections()[pri:0, instance:Scripts.UpdateTestScript@6a4f787b]" name="intializingConnections" is-config="true" duration-ms="0" started-at="2019-02-18T18:38:44Z" finished-at="2019-02-18T18:38:44Z">
          <reporter-output>
          </reporter-output>
        </test-method> <!-- intializingConnections -->
        <test-method status="SKIP" signature="Update_EmptyAadharNumber()[pri:0, instance:Scripts.UpdateTestScript@6a4f787b]" name="Update_EmptyAadharNumber" duration-ms="0" started-at="2019-02-18T18:38:44Z" finished-at="2019-02-18T18:38:44Z">
          <reporter-output>
          </reporter-output>
        </test-method> <!-- Update_EmptyAadharNumber -->
        <test-method status="SKIP" signature="setUp()[pri:0, instance:Scripts.UpdateTestScript@6a4f787b]" name="setUp" is-config="true" duration-ms="0" started-at="2019-02-18T18:38:44Z" finished-at="2019-02-18T18:38:44Z">
          <reporter-output>
          </reporter-output>
        </test-method> <!-- setUp -->
        <test-method status="SKIP" signature="tearDown()[pri:0, instance:Scripts.UpdateTestScript@6a4f787b]" name="tearDown" is-config="true" duration-ms="0" started-at="2019-02-18T18:38:44Z" finished-at="2019-02-18T18:38:44Z">
          <reporter-output>
          </reporter-output>
        </test-method> <!-- tearDown -->
        <test-method status="SKIP" signature="setUp()[pri:0, instance:Scripts.UpdateTestScript@6a4f787b]" name="setUp" is-config="true" duration-ms="0" started-at="2019-02-18T18:38:44Z" finished-at="2019-02-18T18:38:44Z">
          <reporter-output>
          </reporter-output>
        </test-method> <!-- setUp -->
        <test-method status="SKIP" signature="Update_EmptyApplicantID()[pri:0, instance:Scripts.UpdateTestScript@6a4f787b]" name="Update_EmptyApplicantID" duration-ms="0" started-at="2019-02-18T18:38:44Z" finished-at="2019-02-18T18:38:44Z">
          <reporter-output>
          </reporter-output>
        </test-method> <!-- Update_EmptyApplicantID -->
        <test-method status="SKIP" signature="setUp()[pri:0, instance:Scripts.UpdateTestScript@6a4f787b]" name="setUp" is-config="true" duration-ms="0" started-at="2019-02-18T18:38:44Z" finished-at="2019-02-18T18:38:44Z">
          <reporter-output>
          </reporter-output>
        </test-method> <!-- setUp -->
        <test-method status="SKIP" signature="tearDown()[pri:0, instance:Scripts.UpdateTestScript@6a4f787b]" name="tearDown" is-config="true" duration-ms="0" started-at="2019-02-18T18:38:44Z" finished-at="2019-02-18T18:38:44Z">
          <reporter-output>
          </reporter-output>
        </test-method> <!-- tearDown -->
        <test-method status="SKIP" signature="setUp()[pri:0, instance:Scripts.UpdateTestScript@6a4f787b]" name="setUp" is-config="true" duration-ms="0" started-at="2019-02-18T18:38:44Z" finished-at="2019-02-18T18:38:44Z">
          <reporter-output>
          </reporter-output>
        </test-method> <!-- setUp -->
        <test-method status="SKIP" signature="Update_EmptyFirstName()[pri:0, instance:Scripts.UpdateTestScript@6a4f787b]" name="Update_EmptyFirstName" duration-ms="0" started-at="2019-02-18T18:38:44Z" finished-at="2019-02-18T18:38:44Z">
          <reporter-output>
          </reporter-output>
        </test-method> <!-- Update_EmptyFirstName -->
        <test-method status="SKIP" signature="tearDown()[pri:0, instance:Scripts.UpdateTestScript@6a4f787b]" name="tearDown" is-config="true" duration-ms="0" started-at="2019-02-18T18:38:44Z" finished-at="2019-02-18T18:38:44Z">
          <reporter-output>
          </reporter-output>
        </test-method> <!-- tearDown -->
        <test-method status="SKIP" signature="tearDown()[pri:0, instance:Scripts.UpdateTestScript@6a4f787b]" name="tearDown" is-config="true" duration-ms="0" started-at="2019-02-18T18:38:44Z" finished-at="2019-02-18T18:38:44Z">
          <reporter-output>
          </reporter-output>
        </test-method> <!-- tearDown -->
        <test-method status="SKIP" signature="Update_EmptyGender()[pri:0, instance:Scripts.UpdateTestScript@6a4f787b]" name="Update_EmptyGender" duration-ms="0" started-at="2019-02-18T18:38:44Z" finished-at="2019-02-18T18:38:44Z">
          <reporter-output>
          </reporter-output>
        </test-method> <!-- Update_EmptyGender -->
        <test-method status="SKIP" signature="setUp()[pri:0, instance:Scripts.UpdateTestScript@6a4f787b]" name="setUp" is-config="true" duration-ms="0" started-at="2019-02-18T18:38:44Z" finished-at="2019-02-18T18:38:44Z">
          <reporter-output>
          </reporter-output>
        </test-method> <!-- setUp -->
        <test-method status="SKIP" signature="Update_EmptyPanNumber()[pri:0, instance:Scripts.UpdateTestScript@6a4f787b]" name="Update_EmptyPanNumber" duration-ms="1" started-at="2019-02-18T18:38:44Z" finished-at="2019-02-18T18:38:44Z">
          <reporter-output>
          </reporter-output>
        </test-method> <!-- Update_EmptyPanNumber -->
        <test-method status="SKIP" signature="setUp()[pri:0, instance:Scripts.UpdateTestScript@6a4f787b]" name="setUp" is-config="true" duration-ms="0" started-at="2019-02-18T18:38:44Z" finished-at="2019-02-18T18:38:44Z">
          <reporter-output>
          </reporter-output>
        </test-method> <!-- setUp -->
        <test-method status="SKIP" signature="tearDown()[pri:0, instance:Scripts.UpdateTestScript@6a4f787b]" name="tearDown" is-config="true" duration-ms="0" started-at="2019-02-18T18:38:44Z" finished-at="2019-02-18T18:38:44Z">
          <reporter-output>
          </reporter-output>
        </test-method> <!-- tearDown -->
        <test-method status="SKIP" signature="Update_FileUpload()[pri:0, instance:Scripts.UpdateTestScript@6a4f787b]" name="Update_FileUpload" duration-ms="0" started-at="2019-02-18T18:38:44Z" finished-at="2019-02-18T18:38:44Z">
          <reporter-output>
          </reporter-output>
        </test-method> <!-- Update_FileUpload -->
        <test-method status="SKIP" signature="tearDown()[pri:0, instance:Scripts.UpdateTestScript@6a4f787b]" name="tearDown" is-config="true" duration-ms="0" started-at="2019-02-18T18:38:44Z" finished-at="2019-02-18T18:38:44Z">
          <reporter-output>
          </reporter-output>
        </test-method> <!-- tearDown -->
        <test-method status="SKIP" signature="closeBrowser()[pri:0, instance:Scripts.UpdateTestScript@6a4f787b]" name="closeBrowser" is-config="true" duration-ms="0" started-at="2019-02-18T18:38:44Z" finished-at="2019-02-18T18:38:44Z">
          <reporter-output>
          </reporter-output>
        </test-method> <!-- closeBrowser -->
        <test-method status="SKIP" signature="closingAllConnections()[pri:0, instance:Scripts.UpdateTestScript@6a4f787b]" name="closingAllConnections" is-config="true" duration-ms="0" started-at="2019-02-18T18:38:44Z" finished-at="2019-02-18T18:38:44Z">
          <reporter-output>
          </reporter-output>
        </test-method> <!-- closingAllConnections -->
      </class> <!-- Scripts.UpdateTestScript -->
      <class name="Scripts.AadharLoginTestScript">
        <test-method status="SKIP" signature="intializingConnections()[pri:0, instance:Scripts.AadharLoginTestScript@91161c7]" name="intializingConnections" is-config="true" duration-ms="0" started-at="2019-02-18T18:38:44Z" finished-at="2019-02-18T18:38:44Z">
          <reporter-output>
          </reporter-output>
        </test-method> <!-- intializingConnections -->
        <test-method status="SKIP" signature="setUp()[pri:0, instance:Scripts.AadharLoginTestScript@91161c7]" name="setUp" is-config="true" duration-ms="0" started-at="2019-02-18T18:38:44Z" finished-at="2019-02-18T18:38:44Z">
          <reporter-output>
          </reporter-output>
        </test-method> <!-- setUp -->
        <test-method status="SKIP" signature="Aadhar_Login_BlankUserName_BlankPwd()[pri:0, instance:Scripts.AadharLoginTestScript@91161c7]" name="Aadhar_Login_BlankUserName_BlankPwd" duration-ms="1" started-at="2019-02-18T18:38:44Z" finished-at="2019-02-18T18:38:44Z">
          <reporter-output>
          </reporter-output>
        </test-method> <!-- Aadhar_Login_BlankUserName_BlankPwd -->
        <test-method status="SKIP" signature="tearDown()[pri:0, instance:Scripts.AadharLoginTestScript@91161c7]" name="tearDown" is-config="true" duration-ms="0" started-at="2019-02-18T18:38:44Z" finished-at="2019-02-18T18:38:44Z">
          <reporter-output>
          </reporter-output>
        </test-method> <!-- tearDown -->
        <test-method status="SKIP" signature="setUp()[pri:0, instance:Scripts.AadharLoginTestScript@91161c7]" name="setUp" is-config="true" duration-ms="0" started-at="2019-02-18T18:38:44Z" finished-at="2019-02-18T18:38:44Z">
          <reporter-output>
          </reporter-output>
        </test-method> <!-- setUp -->
        <test-method status="SKIP" signature="Aadhar_Login_BlankUserName_ValidPwd()[pri:0, instance:Scripts.AadharLoginTestScript@91161c7]" name="Aadhar_Login_BlankUserName_ValidPwd" duration-ms="3" started-at="2019-02-18T18:38:44Z" finished-at="2019-02-18T18:38:44Z">
          <reporter-output>
          </reporter-output>
        </test-method> <!-- Aadhar_Login_BlankUserName_ValidPwd -->
        <test-method status="SKIP" signature="tearDown()[pri:0, instance:Scripts.AadharLoginTestScript@91161c7]" name="tearDown" is-config="true" duration-ms="0" started-at="2019-02-18T18:38:44Z" finished-at="2019-02-18T18:38:44Z">
          <reporter-output>
          </reporter-output>
        </test-method> <!-- tearDown -->
        <test-method status="SKIP" signature="Aadhar_Login_InvalidUserName()[pri:0, instance:Scripts.AadharLoginTestScript@91161c7]" name="Aadhar_Login_InvalidUserName" duration-ms="1" started-at="2019-02-18T18:38:44Z" finished-at="2019-02-18T18:38:44Z">
          <reporter-output>
          </reporter-output>
        </test-method> <!-- Aadhar_Login_InvalidUserName -->
        <test-method status="SKIP" signature="setUp()[pri:0, instance:Scripts.AadharLoginTestScript@91161c7]" name="setUp" is-config="true" duration-ms="0" started-at="2019-02-18T18:38:44Z" finished-at="2019-02-18T18:38:44Z">
          <reporter-output>
          </reporter-output>
        </test-method> <!-- setUp -->
        <test-method status="SKIP" signature="tearDown()[pri:0, instance:Scripts.AadharLoginTestScript@91161c7]" name="tearDown" is-config="true" duration-ms="0" started-at="2019-02-18T18:38:44Z" finished-at="2019-02-18T18:38:44Z">
          <reporter-output>
          </reporter-output>
        </test-method> <!-- tearDown -->
        <test-method status="SKIP" signature="setUp()[pri:0, instance:Scripts.AadharLoginTestScript@91161c7]" name="setUp" is-config="true" duration-ms="0" started-at="2019-02-18T18:38:44Z" finished-at="2019-02-18T18:38:44Z">
          <reporter-output>
          </reporter-output>
        </test-method> <!-- setUp -->
        <test-method status="SKIP" signature="Aadhar_Login_ValidUserName_BlankPwd()[pri:0, instance:Scripts.AadharLoginTestScript@91161c7]" name="Aadhar_Login_ValidUserName_BlankPwd" duration-ms="0" started-at="2019-02-18T18:38:44Z" finished-at="2019-02-18T18:38:44Z">
          <reporter-output>
          </reporter-output>
        </test-method> <!-- Aadhar_Login_ValidUserName_BlankPwd -->
        <test-method status="SKIP" signature="setUp()[pri:0, instance:Scripts.AadharLoginTestScript@91161c7]" name="setUp" is-config="true" duration-ms="0" started-at="2019-02-18T18:38:44Z" finished-at="2019-02-18T18:38:44Z">
          <reporter-output>
          </reporter-output>
        </test-method> <!-- setUp -->
        <test-method status="SKIP" signature="tearDown()[pri:0, instance:Scripts.AadharLoginTestScript@91161c7]" name="tearDown" is-config="true" duration-ms="0" started-at="2019-02-18T18:38:44Z" finished-at="2019-02-18T18:38:44Z">
          <reporter-output>
          </reporter-output>
        </test-method> <!-- tearDown -->
        <test-method status="SKIP" signature="Aadhar_Login_ValidUserName_InvalidPwd()[pri:0, instance:Scripts.AadharLoginTestScript@91161c7]" name="Aadhar_Login_ValidUserName_InvalidPwd" duration-ms="1" started-at="2019-02-18T18:38:44Z" finished-at="2019-02-18T18:38:44Z">
          <reporter-output>
          </reporter-output>
        </test-method> <!-- Aadhar_Login_ValidUserName_InvalidPwd -->
        <test-method status="SKIP" signature="tearDown()[pri:0, instance:Scripts.AadharLoginTestScript@91161c7]" name="tearDown" is-config="true" duration-ms="0" started-at="2019-02-18T18:38:44Z" finished-at="2019-02-18T18:38:44Z">
          <reporter-output>
          </reporter-output>
        </test-method> <!-- tearDown -->
        <test-method status="SKIP" signature="setUp()[pri:0, instance:Scripts.AadharLoginTestScript@91161c7]" name="setUp" is-config="true" duration-ms="0" started-at="2019-02-18T18:38:44Z" finished-at="2019-02-18T18:38:44Z">
          <reporter-output>
          </reporter-output>
        </test-method> <!-- setUp -->
        <test-method status="SKIP" signature="Aadhar_Login_ValidUserName_ValidPwd()[pri:0, instance:Scripts.AadharLoginTestScript@91161c7]" name="Aadhar_Login_ValidUserName_ValidPwd" duration-ms="4" started-at="2019-02-18T18:38:44Z" finished-at="2019-02-18T18:38:44Z">
          <reporter-output>
          </reporter-output>
        </test-method> <!-- Aadhar_Login_ValidUserName_ValidPwd -->
        <test-method status="SKIP" signature="tearDown()[pri:0, instance:Scripts.AadharLoginTestScript@91161c7]" name="tearDown" is-config="true" duration-ms="0" started-at="2019-02-18T18:38:44Z" finished-at="2019-02-18T18:38:44Z">
          <reporter-output>
          </reporter-output>
        </test-method> <!-- tearDown -->
        <test-method status="SKIP" signature="closingAllConnections()[pri:0, instance:Scripts.AadharLoginTestScript@91161c7]" name="closingAllConnections" is-config="true" duration-ms="0" started-at="2019-02-18T18:38:44Z" finished-at="2019-02-18T18:38:44Z">
          <reporter-output>
          </reporter-output>
        </test-method> <!-- closingAllConnections -->
        <test-method status="SKIP" signature="closeBrowser()[pri:0, instance:Scripts.AadharLoginTestScript@91161c7]" name="closeBrowser" is-config="true" duration-ms="0" started-at="2019-02-18T18:38:44Z" finished-at="2019-02-18T18:38:44Z">
          <reporter-output>
          </reporter-output>
        </test-method> <!-- closeBrowser -->
      </class> <!-- Scripts.AadharLoginTestScript -->
      <class name="Scripts.AadharVerificationTestScript">
        <test-method status="SKIP" signature="initializingConnections()[pri:0, instance:Scripts.AadharVerificationTestScript@343f4d3d]" name="initializingConnections" is-config="true" duration-ms="0" started-at="2019-02-18T18:38:44Z" finished-at="2019-02-18T18:38:44Z">
          <reporter-output>
          </reporter-output>
        </test-method> <!-- initializingConnections -->
        <test-method status="SKIP" signature="setUp()[pri:0, instance:Scripts.AadharVerificationTestScript@343f4d3d]" name="setUp" is-config="true" duration-ms="0" started-at="2019-02-18T18:38:44Z" finished-at="2019-02-18T18:38:44Z">
          <reporter-output>
          </reporter-output>
        </test-method> <!-- setUp -->
        <test-method status="SKIP" signature="blank_aadhar_id()[pri:0, instance:Scripts.AadharVerificationTestScript@343f4d3d]" name="blank_aadhar_id" duration-ms="1" started-at="2019-02-18T18:38:44Z" finished-at="2019-02-18T18:38:44Z">
          <reporter-output>
          </reporter-output>
        </test-method> <!-- blank_aadhar_id -->
        <test-method status="SKIP" signature="tearDown()[pri:0, instance:Scripts.AadharVerificationTestScript@343f4d3d]" name="tearDown" is-config="true" duration-ms="0" started-at="2019-02-18T18:38:44Z" finished-at="2019-02-18T18:38:44Z">
          <reporter-output>
          </reporter-output>
        </test-method> <!-- tearDown -->
        <test-method status="SKIP" signature="setUp()[pri:0, instance:Scripts.AadharVerificationTestScript@343f4d3d]" name="setUp" is-config="true" duration-ms="0" started-at="2019-02-18T18:38:44Z" finished-at="2019-02-18T18:38:44Z">
          <reporter-output>
          </reporter-output>
        </test-method> <!-- setUp -->
        <test-method status="SKIP" signature="tearDown()[pri:0, instance:Scripts.AadharVerificationTestScript@343f4d3d]" name="tearDown" is-config="true" duration-ms="0" started-at="2019-02-18T18:38:44Z" finished-at="2019-02-18T18:38:44Z">
          <reporter-output>
          </reporter-output>
        </test-method> <!-- tearDown -->
        <test-method status="SKIP" signature="invalid_aadhar_id()[pri:0, instance:Scripts.AadharVerificationTestScript@343f4d3d]" name="invalid_aadhar_id" duration-ms="0" started-at="2019-02-18T18:38:44Z" finished-at="2019-02-18T18:38:44Z">
          <reporter-output>
          </reporter-output>
        </test-method> <!-- invalid_aadhar_id -->
        <test-method status="SKIP" signature="setUp()[pri:0, instance:Scripts.AadharVerificationTestScript@343f4d3d]" name="setUp" is-config="true" duration-ms="0" started-at="2019-02-18T18:38:44Z" finished-at="2019-02-18T18:38:44Z">
          <reporter-output>
          </reporter-output>
        </test-method> <!-- setUp -->
        <test-method status="SKIP" signature="valid_aadhar_id()[pri:0, instance:Scripts.AadharVerificationTestScript@343f4d3d]" name="valid_aadhar_id" duration-ms="9" started-at="2019-02-18T18:38:44Z" finished-at="2019-02-18T18:38:44Z">
          <reporter-output>
          </reporter-output>
        </test-method> <!-- valid_aadhar_id -->
        <test-method status="SKIP" signature="tearDown()[pri:0, instance:Scripts.AadharVerificationTestScript@343f4d3d]" name="tearDown" is-config="true" duration-ms="0" started-at="2019-02-18T18:38:44Z" finished-at="2019-02-18T18:38:44Z">
          <reporter-output>
          </reporter-output>
        </test-method> <!-- tearDown -->
        <test-method status="SKIP" signature="closingAllConnections()[pri:0, instance:Scripts.AadharVerificationTestScript@343f4d3d]" name="closingAllConnections" is-config="true" duration-ms="0" started-at="2019-02-18T18:38:44Z" finished-at="2019-02-18T18:38:44Z">
          <reporter-output>
          </reporter-output>
        </test-method> <!-- closingAllConnections -->
        <test-method status="SKIP" signature="closeBrowser()[pri:0, instance:Scripts.AadharVerificationTestScript@343f4d3d]" name="closeBrowser" is-config="true" duration-ms="0" started-at="2019-02-18T18:38:44Z" finished-at="2019-02-18T18:38:44Z">
          <reporter-output>
          </reporter-output>
        </test-method> <!-- closeBrowser -->
      </class> <!-- Scripts.AadharVerificationTestScript -->
      <class name="Scripts.UserTestScript">
        <test-method status="SKIP" signature="initializingConnections()[pri:0, instance:Scripts.UserTestScript@7d9d1a19]" name="initializingConnections" is-config="true" duration-ms="0" started-at="2019-02-18T18:38:43Z" finished-at="2019-02-18T18:38:43Z">
          <reporter-output>
          </reporter-output>
        </test-method> <!-- initializingConnections -->
        <test-method status="SKIP" signature="RegistrationFormTest_EmptyAadharNumber()[pri:0, instance:Scripts.UserTestScript@7d9d1a19]" name="RegistrationFormTest_EmptyAadharNumber" duration-ms="2" started-at="2019-02-18T18:38:43Z" finished-at="2019-02-18T18:38:43Z">
          <reporter-output>
          </reporter-output>
        </test-method> <!-- RegistrationFormTest_EmptyAadharNumber -->
        <test-method status="SKIP" signature="setUp()[pri:0, instance:Scripts.UserTestScript@7d9d1a19]" name="setUp" is-config="true" duration-ms="0" started-at="2019-02-18T18:38:43Z" finished-at="2019-02-18T18:38:43Z">
          <reporter-output>
          </reporter-output>
        </test-method> <!-- setUp -->
        <test-method status="SKIP" signature="getTestResult(org.testng.ITestResult)[pri:0, instance:Scripts.UserTestScript@7d9d1a19]" name="getTestResult" is-config="true" duration-ms="0" started-at="2019-02-18T18:38:43Z" finished-at="2019-02-18T18:38:43Z">
          <reporter-output>
          </reporter-output>
        </test-method> <!-- getTestResult -->
        <test-method status="SKIP" signature="tearDown()[pri:0, instance:Scripts.UserTestScript@7d9d1a19]" name="tearDown" is-config="true" duration-ms="0" started-at="2019-02-18T18:38:43Z" finished-at="2019-02-18T18:38:43Z">
          <reporter-output>
          </reporter-output>
        </test-method> <!-- tearDown -->
        <test-method status="SKIP" signature="setUp()[pri:0, instance:Scripts.UserTestScript@7d9d1a19]" name="setUp" is-config="true" duration-ms="0" started-at="2019-02-18T18:38:43Z" finished-at="2019-02-18T18:38:43Z">
          <reporter-output>
          </reporter-output>
        </test-method> <!-- setUp -->
        <test-method status="SKIP" signature="RegistrationFormTest_EmptyCity()[pri:0, instance:Scripts.UserTestScript@7d9d1a19]" name="RegistrationFormTest_EmptyCity" duration-ms="1" started-at="2019-02-18T18:38:43Z" finished-at="2019-02-18T18:38:43Z">
          <reporter-output>
          </reporter-output>
        </test-method> <!-- RegistrationFormTest_EmptyCity -->
        <test-method status="SKIP" signature="getTestResult(org.testng.ITestResult)[pri:0, instance:Scripts.UserTestScript@7d9d1a19]" name="getTestResult" is-config="true" duration-ms="0" started-at="2019-02-18T18:38:43Z" finished-at="2019-02-18T18:38:43Z">
          <reporter-output>
          </reporter-output>
        </test-method> <!-- getTestResult -->
        <test-method status="SKIP" signature="tearDown()[pri:0, instance:Scripts.UserTestScript@7d9d1a19]" name="tearDown" is-config="true" duration-ms="0" started-at="2019-02-18T18:38:43Z" finished-at="2019-02-18T18:38:43Z">
          <reporter-output>
          </reporter-output>
        </test-method> <!-- tearDown -->
        <test-method status="SKIP" signature="setUp()[pri:0, instance:Scripts.UserTestScript@7d9d1a19]" name="setUp" is-config="true" duration-ms="0" started-at="2019-02-18T18:38:43Z" finished-at="2019-02-18T18:38:43Z">
          <reporter-output>
          </reporter-output>
        </test-method> <!-- setUp -->
        <test-method status="SKIP" signature="RegistrationFormTest_EmptyEmailId()[pri:0, instance:Scripts.UserTestScript@7d9d1a19]" name="RegistrationFormTest_EmptyEmailId" duration-ms="0" started-at="2019-02-18T18:38:43Z" finished-at="2019-02-18T18:38:43Z">
          <reporter-output>
          </reporter-output>
        </test-method> <!-- RegistrationFormTest_EmptyEmailId -->
        <test-method status="SKIP" signature="tearDown()[pri:0, instance:Scripts.UserTestScript@7d9d1a19]" name="tearDown" is-config="true" duration-ms="0" started-at="2019-02-18T18:38:43Z" finished-at="2019-02-18T18:38:43Z">
          <reporter-output>
          </reporter-output>
        </test-method> <!-- tearDown -->
        <test-method status="SKIP" signature="getTestResult(org.testng.ITestResult)[pri:0, instance:Scripts.UserTestScript@7d9d1a19]" name="getTestResult" is-config="true" duration-ms="0" started-at="2019-02-18T18:38:43Z" finished-at="2019-02-18T18:38:43Z">
          <reporter-output>
          </reporter-output>
        </test-method> <!-- getTestResult -->
        <test-method status="SKIP" signature="setUp()[pri:0, instance:Scripts.UserTestScript@7d9d1a19]" name="setUp" is-config="true" duration-ms="0" started-at="2019-02-18T18:38:43Z" finished-at="2019-02-18T18:38:43Z">
          <reporter-output>
          </reporter-output>
        </test-method> <!-- setUp -->
        <test-method status="SKIP" signature="RegistrationFormTest_EmptyFirstName()[pri:0, instance:Scripts.UserTestScript@7d9d1a19]" name="RegistrationFormTest_EmptyFirstName" duration-ms="0" started-at="2019-02-18T18:38:43Z" finished-at="2019-02-18T18:38:43Z">
          <reporter-output>
          </reporter-output>
        </test-method> <!-- RegistrationFormTest_EmptyFirstName -->
        <test-method status="SKIP" signature="tearDown()[pri:0, instance:Scripts.UserTestScript@7d9d1a19]" name="tearDown" is-config="true" duration-ms="0" started-at="2019-02-18T18:38:43Z" finished-at="2019-02-18T18:38:43Z">
          <reporter-output>
          </reporter-output>
        </test-method> <!-- tearDown -->
        <test-method status="SKIP" signature="getTestResult(org.testng.ITestResult)[pri:0, instance:Scripts.UserTestScript@7d9d1a19]" name="getTestResult" is-config="true" duration-ms="0" started-at="2019-02-18T18:38:43Z" finished-at="2019-02-18T18:38:43Z">
          <reporter-output>
          </reporter-output>
        </test-method> <!-- getTestResult -->
        <test-method status="SKIP" signature="setUp()[pri:0, instance:Scripts.UserTestScript@7d9d1a19]" name="setUp" is-config="true" duration-ms="0" started-at="2019-02-18T18:38:43Z" finished-at="2019-02-18T18:38:43Z">
          <reporter-output>
          </reporter-output>
        </test-method> <!-- setUp -->
        <test-method status="SKIP" signature="RegistrationFormTest_EmptyFlatNoOrBuildingName()[pri:0, instance:Scripts.UserTestScript@7d9d1a19]" name="RegistrationFormTest_EmptyFlatNoOrBuildingName" duration-ms="0" started-at="2019-02-18T18:38:43Z" finished-at="2019-02-18T18:38:43Z">
          <reporter-output>
          </reporter-output>
        </test-method> <!-- RegistrationFormTest_EmptyFlatNoOrBuildingName -->
        <test-method status="SKIP" signature="tearDown()[pri:0, instance:Scripts.UserTestScript@7d9d1a19]" name="tearDown" is-config="true" duration-ms="0" started-at="2019-02-18T18:38:43Z" finished-at="2019-02-18T18:38:43Z">
          <reporter-output>
          </reporter-output>
        </test-method> <!-- tearDown -->
        <test-method status="SKIP" signature="getTestResult(org.testng.ITestResult)[pri:0, instance:Scripts.UserTestScript@7d9d1a19]" name="getTestResult" is-config="true" duration-ms="0" started-at="2019-02-18T18:38:43Z" finished-at="2019-02-18T18:38:43Z">
          <reporter-output>
          </reporter-output>
        </test-method> <!-- getTestResult -->
        <test-method status="SKIP" signature="setUp()[pri:0, instance:Scripts.UserTestScript@7d9d1a19]" name="setUp" is-config="true" duration-ms="0" started-at="2019-02-18T18:38:43Z" finished-at="2019-02-18T18:38:43Z">
          <reporter-output>
          </reporter-output>
        </test-method> <!-- setUp -->
        <test-method status="SKIP" signature="RegistrationFormTest_EmptyLastName()[pri:0, instance:Scripts.UserTestScript@7d9d1a19]" name="RegistrationFormTest_EmptyLastName" duration-ms="1" started-at="2019-02-18T18:38:43Z" finished-at="2019-02-18T18:38:43Z">
          <reporter-output>
          </reporter-output>
        </test-method> <!-- RegistrationFormTest_EmptyLastName -->
        <test-method status="SKIP" signature="tearDown()[pri:0, instance:Scripts.UserTestScript@7d9d1a19]" name="tearDown" is-config="true" duration-ms="0" started-at="2019-02-18T18:38:43Z" finished-at="2019-02-18T18:38:43Z">
          <reporter-output>
          </reporter-output>
        </test-method> <!-- tearDown -->
        <test-method status="SKIP" signature="getTestResult(org.testng.ITestResult)[pri:0, instance:Scripts.UserTestScript@7d9d1a19]" name="getTestResult" is-config="true" duration-ms="0" started-at="2019-02-18T18:38:43Z" finished-at="2019-02-18T18:38:43Z">
          <reporter-output>
          </reporter-output>
        </test-method> <!-- getTestResult -->
        <test-method status="SKIP" signature="setUp()[pri:0, instance:Scripts.UserTestScript@7d9d1a19]" name="setUp" is-config="true" duration-ms="0" started-at="2019-02-18T18:38:43Z" finished-at="2019-02-18T18:38:43Z">
          <reporter-output>
          </reporter-output>
        </test-method> <!-- setUp -->
        <test-method status="SKIP" signature="RegistrationFormTest_EmptyMiddleName()[pri:0, instance:Scripts.UserTestScript@7d9d1a19]" name="RegistrationFormTest_EmptyMiddleName" duration-ms="0" started-at="2019-02-18T18:38:43Z" finished-at="2019-02-18T18:38:43Z">
          <reporter-output>
          </reporter-output>
        </test-method> <!-- RegistrationFormTest_EmptyMiddleName -->
        <test-method status="SKIP" signature="getTestResult(org.testng.ITestResult)[pri:0, instance:Scripts.UserTestScript@7d9d1a19]" name="getTestResult" is-config="true" duration-ms="0" started-at="2019-02-18T18:38:43Z" finished-at="2019-02-18T18:38:43Z">
          <reporter-output>
          </reporter-output>
        </test-method> <!-- getTestResult -->
        <test-method status="SKIP" signature="tearDown()[pri:0, instance:Scripts.UserTestScript@7d9d1a19]" name="tearDown" is-config="true" duration-ms="0" started-at="2019-02-18T18:38:43Z" finished-at="2019-02-18T18:38:43Z">
          <reporter-output>
          </reporter-output>
        </test-method> <!-- tearDown -->
        <test-method status="SKIP" signature="setUp()[pri:0, instance:Scripts.UserTestScript@7d9d1a19]" name="setUp" is-config="true" duration-ms="0" started-at="2019-02-18T18:38:43Z" finished-at="2019-02-18T18:38:43Z">
          <reporter-output>
          </reporter-output>
        </test-method> <!-- setUp -->
        <test-method status="SKIP" signature="RegistrationFormTest_EmptyMobileNumber()[pri:0, instance:Scripts.UserTestScript@7d9d1a19]" name="RegistrationFormTest_EmptyMobileNumber" duration-ms="1" started-at="2019-02-18T18:38:43Z" finished-at="2019-02-18T18:38:44Z">
          <reporter-output>
          </reporter-output>
        </test-method> <!-- RegistrationFormTest_EmptyMobileNumber -->
        <test-method status="SKIP" signature="tearDown()[pri:0, instance:Scripts.UserTestScript@7d9d1a19]" name="tearDown" is-config="true" duration-ms="0" started-at="2019-02-18T18:38:44Z" finished-at="2019-02-18T18:38:44Z">
          <reporter-output>
          </reporter-output>
        </test-method> <!-- tearDown -->
        <test-method status="SKIP" signature="getTestResult(org.testng.ITestResult)[pri:0, instance:Scripts.UserTestScript@7d9d1a19]" name="getTestResult" is-config="true" duration-ms="0" started-at="2019-02-18T18:38:44Z" finished-at="2019-02-18T18:38:44Z">
          <reporter-output>
          </reporter-output>
        </test-method> <!-- getTestResult -->
        <test-method status="SKIP" signature="setUp()[pri:0, instance:Scripts.UserTestScript@7d9d1a19]" name="setUp" is-config="true" duration-ms="0" started-at="2019-02-18T18:38:44Z" finished-at="2019-02-18T18:38:44Z">
          <reporter-output>
          </reporter-output>
        </test-method> <!-- setUp -->
        <test-method status="SKIP" signature="RegistrationFormTest_EmptyPanNumber()[pri:0, instance:Scripts.UserTestScript@7d9d1a19]" name="RegistrationFormTest_EmptyPanNumber" duration-ms="0" started-at="2019-02-18T18:38:44Z" finished-at="2019-02-18T18:38:44Z">
          <reporter-output>
          </reporter-output>
        </test-method> <!-- RegistrationFormTest_EmptyPanNumber -->
        <test-method status="SKIP" signature="tearDown()[pri:0, instance:Scripts.UserTestScript@7d9d1a19]" name="tearDown" is-config="true" duration-ms="0" started-at="2019-02-18T18:38:44Z" finished-at="2019-02-18T18:38:44Z">
          <reporter-output>
          </reporter-output>
        </test-method> <!-- tearDown -->
        <test-method status="SKIP" signature="getTestResult(org.testng.ITestResult)[pri:0, instance:Scripts.UserTestScript@7d9d1a19]" name="getTestResult" is-config="true" duration-ms="0" started-at="2019-02-18T18:38:44Z" finished-at="2019-02-18T18:38:44Z">
          <reporter-output>
          </reporter-output>
        </test-method> <!-- getTestResult -->
        <test-method status="SKIP" signature="setUp()[pri:0, instance:Scripts.UserTestScript@7d9d1a19]" name="setUp" is-config="true" duration-ms="0" started-at="2019-02-18T18:38:44Z" finished-at="2019-02-18T18:38:44Z">
          <reporter-output>
          </reporter-output>
        </test-method> <!-- setUp -->
        <test-method status="SKIP" signature="RegistrationFormTest_EmptySourceOfFunds()[pri:0, instance:Scripts.UserTestScript@7d9d1a19]" name="RegistrationFormTest_EmptySourceOfFunds" duration-ms="1" started-at="2019-02-18T18:38:44Z" finished-at="2019-02-18T18:38:44Z">
          <reporter-output>
          </reporter-output>
        </test-method> <!-- RegistrationFormTest_EmptySourceOfFunds -->
        <test-method status="SKIP" signature="tearDown()[pri:0, instance:Scripts.UserTestScript@7d9d1a19]" name="tearDown" is-config="true" duration-ms="0" started-at="2019-02-18T18:38:44Z" finished-at="2019-02-18T18:38:44Z">
          <reporter-output>
          </reporter-output>
        </test-method> <!-- tearDown -->
        <test-method status="SKIP" signature="getTestResult(org.testng.ITestResult)[pri:0, instance:Scripts.UserTestScript@7d9d1a19]" name="getTestResult" is-config="true" duration-ms="0" started-at="2019-02-18T18:38:44Z" finished-at="2019-02-18T18:38:44Z">
          <reporter-output>
          </reporter-output>
        </test-method> <!-- getTestResult -->
        <test-method status="SKIP" signature="closingAllConnections()[pri:0, instance:Scripts.UserTestScript@7d9d1a19]" name="closingAllConnections" is-config="true" duration-ms="0" started-at="2019-02-18T18:38:44Z" finished-at="2019-02-18T18:38:44Z">
          <reporter-output>
          </reporter-output>
        </test-method> <!-- closingAllConnections -->
        <test-method status="SKIP" signature="closeBrowser()[pri:0, instance:Scripts.UserTestScript@7d9d1a19]" name="closeBrowser" is-config="true" duration-ms="0" started-at="2019-02-18T18:38:44Z" finished-at="2019-02-18T18:38:44Z">
          <reporter-output>
          </reporter-output>
        </test-method> <!-- closeBrowser -->
      </class> <!-- Scripts.UserTestScript -->
    </test> <!-- Testscriptsexecution -->
  </suite> <!-- Maven project -->
</testng-results>
