<?xml version="1.0" encoding="UTF-8"?>
<testng-results skipped="0" failed="0" total="10" passed="10">
  <reporter-output>
  </reporter-output>
  <suite name="Maven project" duration-ms="113094" started-at="2019-02-20T11:55:23Z" finished-at="2019-02-20T11:57:16Z">
    <groups>
    </groups>
    <test name="Testscriptsexecution" duration-ms="113094" started-at="2019-02-20T11:55:23Z" finished-at="2019-02-20T11:57:16Z">
      <class name="Scripts.PassportLoginTestScript">
        <test-method status="PASS" signature="intializingConnections()[pri:0, instance:Scripts.PassportLoginTestScript@3bfdc050]" name="intializingConnections" is-config="true" duration-ms="833" started-at="2019-02-20T17:25:23Z" finished-at="2019-02-20T17:25:24Z">
          <reporter-output>
          </reporter-output>
        </test-method> <!-- intializingConnections -->
        <test-method status="PASS" signature="setUp()[pri:0, instance:Scripts.PassportLoginTestScript@3bfdc050]" name="setUp" is-config="true" duration-ms="6850" started-at="2019-02-20T17:25:24Z" finished-at="2019-02-20T17:25:31Z">
          <reporter-output>
          </reporter-output>
        </test-method> <!-- setUp -->
        <test-method status="PASS" signature="Passport_Login_BlankUserName_BlankPwd()[pri:0, instance:Scripts.PassportLoginTestScript@3bfdc050]" name="Passport_Login_BlankUserName_BlankPwd" duration-ms="2438" started-at="2019-02-20T17:25:31Z" finished-at="2019-02-20T17:25:33Z">
          <reporter-output>
          </reporter-output>
        </test-method> <!-- Passport_Login_BlankUserName_BlankPwd -->
        <test-method status="PASS" signature="tearDown()[pri:0, instance:Scripts.PassportLoginTestScript@3bfdc050]" name="tearDown" is-config="true" duration-ms="1012" started-at="2019-02-20T17:25:33Z" finished-at="2019-02-20T17:25:34Z">
          <reporter-output>
          </reporter-output>
        </test-method> <!-- tearDown -->
        <test-method status="PASS" signature="setUp()[pri:0, instance:Scripts.PassportLoginTestScript@3bfdc050]" name="setUp" is-config="true" duration-ms="6351" started-at="2019-02-20T17:25:34Z" finished-at="2019-02-20T17:25:41Z">
          <reporter-output>
          </reporter-output>
        </test-method> <!-- setUp -->
        <test-method status="PASS" signature="Passport_Login_BlankUserName_ValidPwd()[pri:0, instance:Scripts.PassportLoginTestScript@3bfdc050]" name="Passport_Login_BlankUserName_ValidPwd" duration-ms="2361" started-at="2019-02-20T17:25:41Z" finished-at="2019-02-20T17:25:43Z">
          <reporter-output>
          </reporter-output>
        </test-method> <!-- Passport_Login_BlankUserName_ValidPwd -->
        <test-method status="PASS" signature="tearDown()[pri:0, instance:Scripts.PassportLoginTestScript@3bfdc050]" name="tearDown" is-config="true" duration-ms="968" started-at="2019-02-20T17:25:43Z" finished-at="2019-02-20T17:25:44Z">
          <reporter-output>
          </reporter-output>
        </test-method> <!-- tearDown -->
        <test-method status="PASS" signature="setUp()[pri:0, instance:Scripts.PassportLoginTestScript@3bfdc050]" name="setUp" is-config="true" duration-ms="7198" started-at="2019-02-20T17:25:44Z" finished-at="2019-02-20T17:25:51Z">
          <reporter-output>
          </reporter-output>
        </test-method> <!-- setUp -->
        <test-method status="PASS" signature="Passport_Login_InvalidUserName()[pri:0, instance:Scripts.PassportLoginTestScript@3bfdc050]" name="Passport_Login_InvalidUserName" duration-ms="2265" started-at="2019-02-20T17:25:51Z" finished-at="2019-02-20T17:25:54Z">
          <reporter-output>
          </reporter-output>
        </test-method> <!-- Passport_Login_InvalidUserName -->
        <test-method status="PASS" signature="tearDown()[pri:0, instance:Scripts.PassportLoginTestScript@3bfdc050]" name="tearDown" is-config="true" duration-ms="788" started-at="2019-02-20T17:25:54Z" finished-at="2019-02-20T17:25:54Z">
          <reporter-output>
          </reporter-output>
        </test-method> <!-- tearDown -->
        <test-method status="PASS" signature="setUp()[pri:0, instance:Scripts.PassportLoginTestScript@3bfdc050]" name="setUp" is-config="true" duration-ms="7103" started-at="2019-02-20T17:25:54Z" finished-at="2019-02-20T17:26:02Z">
          <reporter-output>
          </reporter-output>
        </test-method> <!-- setUp -->
        <test-method status="PASS" signature="Passport_Login_ValidUserName_BlankPwd()[pri:0, instance:Scripts.PassportLoginTestScript@3bfdc050]" name="Passport_Login_ValidUserName_BlankPwd" duration-ms="2372" started-at="2019-02-20T17:26:02Z" finished-at="2019-02-20T17:26:04Z">
          <reporter-output>
          </reporter-output>
        </test-method> <!-- Passport_Login_ValidUserName_BlankPwd -->
        <test-method status="PASS" signature="tearDown()[pri:0, instance:Scripts.PassportLoginTestScript@3bfdc050]" name="tearDown" is-config="true" duration-ms="869" started-at="2019-02-20T17:26:04Z" finished-at="2019-02-20T17:26:05Z">
          <reporter-output>
          </reporter-output>
        </test-method> <!-- tearDown -->
        <test-method status="PASS" signature="setUp()[pri:0, instance:Scripts.PassportLoginTestScript@3bfdc050]" name="setUp" is-config="true" duration-ms="6720" started-at="2019-02-20T17:26:05Z" finished-at="2019-02-20T17:26:11Z">
          <reporter-output>
          </reporter-output>
        </test-method> <!-- setUp -->
        <test-method status="PASS" signature="Passport_Login_ValidUserName_InvalidPwd()[pri:0, instance:Scripts.PassportLoginTestScript@3bfdc050]" name="Passport_Login_ValidUserName_InvalidPwd" duration-ms="2402" started-at="2019-02-20T17:26:11Z" finished-at="2019-02-20T17:26:14Z">
          <reporter-output>
          </reporter-output>
        </test-method> <!-- Passport_Login_ValidUserName_InvalidPwd -->
        <test-method status="PASS" signature="tearDown()[pri:0, instance:Scripts.PassportLoginTestScript@3bfdc050]" name="tearDown" is-config="true" duration-ms="911" started-at="2019-02-20T17:26:14Z" finished-at="2019-02-20T17:26:15Z">
          <reporter-output>
          </reporter-output>
        </test-method> <!-- tearDown -->
        <test-method status="PASS" signature="setUp()[pri:0, instance:Scripts.PassportLoginTestScript@3bfdc050]" name="setUp" is-config="true" duration-ms="7103" started-at="2019-02-20T17:26:15Z" finished-at="2019-02-20T17:26:22Z">
          <reporter-output>
          </reporter-output>
        </test-method> <!-- setUp -->
        <test-method status="PASS" signature="Passport_Login_ValidUserName_ValidPwd()[pri:0, instance:Scripts.PassportLoginTestScript@3bfdc050]" name="Passport_Login_ValidUserName_ValidPwd" duration-ms="3427" started-at="2019-02-20T17:26:22Z" finished-at="2019-02-20T17:26:25Z">
          <reporter-output>
          </reporter-output>
        </test-method> <!-- Passport_Login_ValidUserName_ValidPwd -->
        <test-method status="PASS" signature="tearDown()[pri:0, instance:Scripts.PassportLoginTestScript@3bfdc050]" name="tearDown" is-config="true" duration-ms="888" started-at="2019-02-20T17:26:25Z" finished-at="2019-02-20T17:26:26Z">
          <reporter-output>
          </reporter-output>
        </test-method> <!-- tearDown -->
        <test-method status="PASS" signature="closingAllConnections()[pri:0, instance:Scripts.PassportLoginTestScript@3bfdc050]" name="closingAllConnections" is-config="true" duration-ms="0" started-at="2019-02-20T17:26:26Z" finished-at="2019-02-20T17:26:26Z">
          <reporter-output>
          </reporter-output>
        </test-method> <!-- closingAllConnections -->
        <test-method status="PASS" signature="closeBrowser()[pri:0, instance:Scripts.PassportLoginTestScript@3bfdc050]" name="closeBrowser" is-config="true" duration-ms="0" started-at="2019-02-20T17:26:26Z" finished-at="2019-02-20T17:26:26Z">
          <reporter-output>
          </reporter-output>
        </test-method> <!-- closeBrowser -->
      </class> <!-- Scripts.PassportLoginTestScript -->
      <class name="Scripts.PassportVerificationTestScript">
        <test-method status="PASS" signature="initializingConnections()[pri:0, instance:Scripts.PassportVerificationTestScript@77caeb3e]" name="initializingConnections" is-config="true" duration-ms="104" started-at="2019-02-20T17:26:26Z" finished-at="2019-02-20T17:26:26Z">
          <reporter-output>
          </reporter-output>
        </test-method> <!-- initializingConnections -->
        <test-method status="PASS" signature="setUp()[pri:0, instance:Scripts.PassportVerificationTestScript@77caeb3e]" name="setUp" is-config="true" duration-ms="7931" started-at="2019-02-20T17:26:26Z" finished-at="2019-02-20T17:26:34Z">
          <reporter-output>
          </reporter-output>
        </test-method> <!-- setUp -->
        <test-method status="PASS" signature="blank_passport_number()[pri:0, instance:Scripts.PassportVerificationTestScript@77caeb3e]" name="blank_passport_number" duration-ms="5252" started-at="2019-02-20T17:26:34Z" finished-at="2019-02-20T17:26:39Z">
          <reporter-output>
          </reporter-output>
        </test-method> <!-- blank_passport_number -->
        <test-method status="PASS" signature="tearDown()[pri:0, instance:Scripts.PassportVerificationTestScript@77caeb3e]" name="tearDown" is-config="true" duration-ms="813" started-at="2019-02-20T17:26:39Z" finished-at="2019-02-20T17:26:40Z">
          <reporter-output>
          </reporter-output>
        </test-method> <!-- tearDown -->
        <test-method status="PASS" signature="setUp()[pri:0, instance:Scripts.PassportVerificationTestScript@77caeb3e]" name="setUp" is-config="true" duration-ms="7307" started-at="2019-02-20T17:26:40Z" finished-at="2019-02-20T17:26:48Z">
          <reporter-output>
          </reporter-output>
        </test-method> <!-- setUp -->
        <test-method status="PASS" signature="invalid_passport_number()[pri:0, instance:Scripts.PassportVerificationTestScript@77caeb3e]" name="invalid_passport_number" duration-ms="5287" started-at="2019-02-20T17:26:48Z" finished-at="2019-02-20T17:26:53Z">
          <reporter-output>
          </reporter-output>
        </test-method> <!-- invalid_passport_number -->
        <test-method status="PASS" signature="tearDown()[pri:0, instance:Scripts.PassportVerificationTestScript@77caeb3e]" name="tearDown" is-config="true" duration-ms="915" started-at="2019-02-20T17:26:53Z" finished-at="2019-02-20T17:26:54Z">
          <reporter-output>
          </reporter-output>
        </test-method> <!-- tearDown -->
        <test-method status="PASS" signature="setUp()[pri:0, instance:Scripts.PassportVerificationTestScript@77caeb3e]" name="setUp" is-config="true" duration-ms="7852" started-at="2019-02-20T17:26:54Z" finished-at="2019-02-20T17:27:02Z">
          <reporter-output>
          </reporter-output>
        </test-method> <!-- setUp -->
        <test-method status="PASS" signature="valid_passport_number()[pri:0, instance:Scripts.PassportVerificationTestScript@77caeb3e]" name="valid_passport_number" duration-ms="5382" started-at="2019-02-20T17:27:02Z" finished-at="2019-02-20T17:27:07Z">
          <reporter-output>
          </reporter-output>
        </test-method> <!-- valid_passport_number -->
        <test-method status="PASS" signature="tearDown()[pri:0, instance:Scripts.PassportVerificationTestScript@77caeb3e]" name="tearDown" is-config="true" duration-ms="847" started-at="2019-02-20T17:27:07Z" finished-at="2019-02-20T17:27:08Z">
          <reporter-output>
          </reporter-output>
        </test-method> <!-- tearDown -->
        <test-method status="PASS" signature="closeBrowser()[pri:0, instance:Scripts.PassportVerificationTestScript@77caeb3e]" name="closeBrowser" is-config="true" duration-ms="0" started-at="2019-02-20T17:27:08Z" finished-at="2019-02-20T17:27:08Z">
          <reporter-output>
          </reporter-output>
        </test-method> <!-- closeBrowser -->
        <test-method status="PASS" signature="closingAllConnections()[pri:0, instance:Scripts.PassportVerificationTestScript@77caeb3e]" name="closingAllConnections" is-config="true" duration-ms="0" started-at="2019-02-20T17:27:08Z" finished-at="2019-02-20T17:27:08Z">
          <reporter-output>
          </reporter-output>
        </test-method> <!-- closingAllConnections -->
      </class> <!-- Scripts.PassportVerificationTestScript -->
      <class name="Scripts.UpdateTestScript">
        <test-method status="PASS" signature="init()[pri:0, instance:Scripts.UpdateTestScript@523884b2]" name="init" is-config="true" duration-ms="168" started-at="2019-02-20T17:25:23Z" finished-at="2019-02-20T17:25:23Z">
          <reporter-output>
          </reporter-output>
        </test-method> <!-- init -->
        <test-method status="PASS" signature="intializingConnections()[pri:0, instance:Scripts.UpdateTestScript@523884b2]" name="intializingConnections" is-config="true" duration-ms="89" started-at="2019-02-20T17:27:08Z" finished-at="2019-02-20T17:27:08Z">
          <reporter-output>
          </reporter-output>
        </test-method> <!-- intializingConnections -->
        <test-method status="PASS" signature="setUp()[pri:0, instance:Scripts.UpdateTestScript@523884b2]" name="setUp" is-config="true" duration-ms="6181" started-at="2019-02-20T17:27:08Z" finished-at="2019-02-20T17:27:14Z">
          <reporter-output>
          </reporter-output>
        </test-method> <!-- setUp -->
        <test-method status="PASS" signature="Update_FileUpload()[pri:0, instance:Scripts.UpdateTestScript@523884b2]" name="Update_FileUpload" duration-ms="1141" started-at="2019-02-20T17:27:14Z" finished-at="2019-02-20T17:27:15Z">
          <reporter-output>
          </reporter-output>
        </test-method> <!-- Update_FileUpload -->
        <test-method status="PASS" signature="tearDown()[pri:0, instance:Scripts.UpdateTestScript@523884b2]" name="tearDown" is-config="true" duration-ms="865" started-at="2019-02-20T17:27:15Z" finished-at="2019-02-20T17:27:16Z">
          <reporter-output>
          </reporter-output>
        </test-method> <!-- tearDown -->
        <test-method status="PASS" signature="closingAllConnections()[pri:0, instance:Scripts.UpdateTestScript@523884b2]" name="closingAllConnections" is-config="true" duration-ms="1" started-at="2019-02-20T17:27:16Z" finished-at="2019-02-20T17:27:16Z">
          <reporter-output>
          </reporter-output>
        </test-method> <!-- closingAllConnections -->
        <test-method status="PASS" signature="endreport()[pri:0, instance:Scripts.UpdateTestScript@523884b2]" name="endreport" is-config="true" duration-ms="235" started-at="2019-02-20T17:27:16Z" finished-at="2019-02-20T17:27:16Z">
          <reporter-output>
          </reporter-output>
        </test-method> <!-- endreport -->
        <test-method status="PASS" signature="closeBrowser()[pri:0, instance:Scripts.UpdateTestScript@523884b2]" name="closeBrowser" is-config="true" duration-ms="0" started-at="2019-02-20T17:27:16Z" finished-at="2019-02-20T17:27:16Z">
          <reporter-output>
          </reporter-output>
        </test-method> <!-- closeBrowser -->
      </class> <!-- Scripts.UpdateTestScript -->
    </test> <!-- Testscriptsexecution -->
  </suite> <!-- Maven project -->
</testng-results>
