<?xml version="1.0" encoding="UTF-8"?>
<testng-results skipped="9" failed="0" total="44" passed="35">
  <reporter-output>
  </reporter-output>
  <suite name="Maven project" duration-ms="387135" started-at="2019-02-20T12:54:36Z" finished-at="2019-02-20T13:01:03Z">
    <groups>
    </groups>
    <test name="Testscriptsexecution" duration-ms="387135" started-at="2019-02-20T12:54:36Z" finished-at="2019-02-20T13:01:03Z">
      <class name="Scripts.PassportLoginTestScript">
        <test-method status="PASS" signature="intializingConnections()[pri:0, instance:Scripts.PassportLoginTestScript@5442a311]" name="intializingConnections" is-config="true" duration-ms="824" started-at="2019-02-20T18:24:36Z" finished-at="2019-02-20T18:24:37Z">
          <reporter-output>
          </reporter-output>
        </test-method> <!-- intializingConnections -->
        <test-method status="PASS" signature="setUp()[pri:0, instance:Scripts.PassportLoginTestScript@5442a311]" name="setUp" is-config="true" duration-ms="7059" started-at="2019-02-20T18:24:37Z" finished-at="2019-02-20T18:24:44Z">
          <reporter-output>
          </reporter-output>
        </test-method> <!-- setUp -->
        <test-method status="PASS" signature="Passport_Login_BlankUserName_BlankPwd()[pri:0, instance:Scripts.PassportLoginTestScript@5442a311]" name="Passport_Login_BlankUserName_BlankPwd" duration-ms="2445" started-at="2019-02-20T18:24:44Z" finished-at="2019-02-20T18:24:46Z">
          <reporter-output>
          </reporter-output>
        </test-method> <!-- Passport_Login_BlankUserName_BlankPwd -->
        <test-method status="PASS" signature="tearDown()[pri:0, instance:Scripts.PassportLoginTestScript@5442a311]" name="tearDown" is-config="true" duration-ms="923" started-at="2019-02-20T18:24:46Z" finished-at="2019-02-20T18:24:47Z">
          <reporter-output>
          </reporter-output>
        </test-method> <!-- tearDown -->
        <test-method status="PASS" signature="setUp()[pri:0, instance:Scripts.PassportLoginTestScript@5442a311]" name="setUp" is-config="true" duration-ms="7043" started-at="2019-02-20T18:24:47Z" finished-at="2019-02-20T18:24:54Z">
          <reporter-output>
          </reporter-output>
        </test-method> <!-- setUp -->
        <test-method status="PASS" signature="Passport_Login_BlankUserName_ValidPwd()[pri:0, instance:Scripts.PassportLoginTestScript@5442a311]" name="Passport_Login_BlankUserName_ValidPwd" duration-ms="2468" started-at="2019-02-20T18:24:54Z" finished-at="2019-02-20T18:24:57Z">
          <reporter-output>
          </reporter-output>
        </test-method> <!-- Passport_Login_BlankUserName_ValidPwd -->
        <test-method status="PASS" signature="tearDown()[pri:0, instance:Scripts.PassportLoginTestScript@5442a311]" name="tearDown" is-config="true" duration-ms="967" started-at="2019-02-20T18:24:57Z" finished-at="2019-02-20T18:24:57Z">
          <reporter-output>
          </reporter-output>
        </test-method> <!-- tearDown -->
        <test-method status="PASS" signature="setUp()[pri:0, instance:Scripts.PassportLoginTestScript@5442a311]" name="setUp" is-config="true" duration-ms="11852" started-at="2019-02-20T18:24:57Z" finished-at="2019-02-20T18:25:09Z">
          <reporter-output>
          </reporter-output>
        </test-method> <!-- setUp -->
        <test-method status="PASS" signature="Passport_Login_InvalidUserName()[pri:0, instance:Scripts.PassportLoginTestScript@5442a311]" name="Passport_Login_InvalidUserName" duration-ms="2311" started-at="2019-02-20T18:25:09Z" finished-at="2019-02-20T18:25:12Z">
          <reporter-output>
          </reporter-output>
        </test-method> <!-- Passport_Login_InvalidUserName -->
        <test-method status="PASS" signature="tearDown()[pri:0, instance:Scripts.PassportLoginTestScript@5442a311]" name="tearDown" is-config="true" duration-ms="874" started-at="2019-02-20T18:25:12Z" finished-at="2019-02-20T18:25:13Z">
          <reporter-output>
          </reporter-output>
        </test-method> <!-- tearDown -->
        <test-method status="PASS" signature="setUp()[pri:0, instance:Scripts.PassportLoginTestScript@5442a311]" name="setUp" is-config="true" duration-ms="11375" started-at="2019-02-20T18:25:13Z" finished-at="2019-02-20T18:25:24Z">
          <reporter-output>
          </reporter-output>
        </test-method> <!-- setUp -->
        <test-method status="PASS" signature="Passport_Login_ValidUserName_BlankPwd()[pri:0, instance:Scripts.PassportLoginTestScript@5442a311]" name="Passport_Login_ValidUserName_BlankPwd" duration-ms="2425" started-at="2019-02-20T18:25:24Z" finished-at="2019-02-20T18:25:26Z">
          <reporter-output>
          </reporter-output>
        </test-method> <!-- Passport_Login_ValidUserName_BlankPwd -->
        <test-method status="PASS" signature="tearDown()[pri:0, instance:Scripts.PassportLoginTestScript@5442a311]" name="tearDown" is-config="true" duration-ms="878" started-at="2019-02-20T18:25:26Z" finished-at="2019-02-20T18:25:27Z">
          <reporter-output>
          </reporter-output>
        </test-method> <!-- tearDown -->
        <test-method status="PASS" signature="setUp()[pri:0, instance:Scripts.PassportLoginTestScript@5442a311]" name="setUp" is-config="true" duration-ms="6905" started-at="2019-02-20T18:25:27Z" finished-at="2019-02-20T18:25:34Z">
          <reporter-output>
          </reporter-output>
        </test-method> <!-- setUp -->
        <test-method status="PASS" signature="Passport_Login_ValidUserName_InvalidPwd()[pri:0, instance:Scripts.PassportLoginTestScript@5442a311]" name="Passport_Login_ValidUserName_InvalidPwd" duration-ms="2408" started-at="2019-02-20T18:25:34Z" finished-at="2019-02-20T18:25:37Z">
          <reporter-output>
          </reporter-output>
        </test-method> <!-- Passport_Login_ValidUserName_InvalidPwd -->
        <test-method status="PASS" signature="tearDown()[pri:0, instance:Scripts.PassportLoginTestScript@5442a311]" name="tearDown" is-config="true" duration-ms="895" started-at="2019-02-20T18:25:37Z" finished-at="2019-02-20T18:25:37Z">
          <reporter-output>
          </reporter-output>
        </test-method> <!-- tearDown -->
        <test-method status="PASS" signature="setUp()[pri:0, instance:Scripts.PassportLoginTestScript@5442a311]" name="setUp" is-config="true" duration-ms="6764" started-at="2019-02-20T18:25:37Z" finished-at="2019-02-20T18:25:44Z">
          <reporter-output>
          </reporter-output>
        </test-method> <!-- setUp -->
        <test-method status="PASS" signature="Passport_Login_ValidUserName_ValidPwd()[pri:0, instance:Scripts.PassportLoginTestScript@5442a311]" name="Passport_Login_ValidUserName_ValidPwd" duration-ms="3438" started-at="2019-02-20T18:25:44Z" finished-at="2019-02-20T18:25:48Z">
          <reporter-output>
          </reporter-output>
        </test-method> <!-- Passport_Login_ValidUserName_ValidPwd -->
        <test-method status="PASS" signature="tearDown()[pri:0, instance:Scripts.PassportLoginTestScript@5442a311]" name="tearDown" is-config="true" duration-ms="890" started-at="2019-02-20T18:25:48Z" finished-at="2019-02-20T18:25:48Z">
          <reporter-output>
          </reporter-output>
        </test-method> <!-- tearDown -->
        <test-method status="PASS" signature="closingAllConnections()[pri:0, instance:Scripts.PassportLoginTestScript@5442a311]" name="closingAllConnections" is-config="true" duration-ms="0" started-at="2019-02-20T18:25:48Z" finished-at="2019-02-20T18:25:48Z">
          <reporter-output>
          </reporter-output>
        </test-method> <!-- closingAllConnections -->
        <test-method status="PASS" signature="closeBrowser()[pri:0, instance:Scripts.PassportLoginTestScript@5442a311]" name="closeBrowser" is-config="true" duration-ms="0" started-at="2019-02-20T18:25:48Z" finished-at="2019-02-20T18:25:48Z">
          <reporter-output>
          </reporter-output>
        </test-method> <!-- closeBrowser -->
      </class> <!-- Scripts.PassportLoginTestScript -->
      <class name="Scripts.NSDLLoginTestScript">
        <test-method status="SKIP" signature="intializingConnections()[pri:0, instance:Scripts.NSDLLoginTestScript@685cb137]" name="intializingConnections" is-config="true" duration-ms="0" started-at="2019-02-20T18:31:03Z" finished-at="2019-02-20T18:31:03Z">
          <reporter-output>
          </reporter-output>
        </test-method> <!-- intializingConnections -->
        <test-method status="SKIP" signature="setUp()[pri:0, instance:Scripts.NSDLLoginTestScript@685cb137]" name="setUp" is-config="true" duration-ms="0" started-at="2019-02-20T18:31:03Z" finished-at="2019-02-20T18:31:03Z">
          <reporter-output>
          </reporter-output>
        </test-method> <!-- setUp -->
        <test-method status="SKIP" signature="NSDL_Login_BlankUserName_BlankPwd()[pri:0, instance:Scripts.NSDLLoginTestScript@685cb137]" name="NSDL_Login_BlankUserName_BlankPwd" duration-ms="0" started-at="2019-02-20T18:31:03Z" finished-at="2019-02-20T18:31:03Z">
          <reporter-output>
          </reporter-output>
        </test-method> <!-- NSDL_Login_BlankUserName_BlankPwd -->
        <test-method status="SKIP" signature="NSDL_Login_BlankUserName_ValidPwd()[pri:0, instance:Scripts.NSDLLoginTestScript@685cb137]" name="NSDL_Login_BlankUserName_ValidPwd" duration-ms="0" started-at="2019-02-20T18:31:03Z" finished-at="2019-02-20T18:31:03Z">
          <reporter-output>
          </reporter-output>
        </test-method> <!-- NSDL_Login_BlankUserName_ValidPwd -->
        <test-method status="SKIP" signature="tearDown()[pri:0, instance:Scripts.NSDLLoginTestScript@685cb137]" name="tearDown" is-config="true" duration-ms="0" started-at="2019-02-20T18:31:03Z" finished-at="2019-02-20T18:31:03Z">
          <reporter-output>
          </reporter-output>
        </test-method> <!-- tearDown -->
        <test-method status="SKIP" signature="tearDown()[pri:0, instance:Scripts.NSDLLoginTestScript@685cb137]" name="tearDown" is-config="true" duration-ms="0" started-at="2019-02-20T18:31:03Z" finished-at="2019-02-20T18:31:03Z">
          <reporter-output>
          </reporter-output>
        </test-method> <!-- tearDown -->
        <test-method status="SKIP" signature="setUp()[pri:0, instance:Scripts.NSDLLoginTestScript@685cb137]" name="setUp" is-config="true" duration-ms="0" started-at="2019-02-20T18:31:03Z" finished-at="2019-02-20T18:31:03Z">
          <reporter-output>
          </reporter-output>
        </test-method> <!-- setUp -->
        <test-method status="SKIP" signature="setUp()[pri:0, instance:Scripts.NSDLLoginTestScript@685cb137]" name="setUp" is-config="true" duration-ms="0" started-at="2019-02-20T18:31:03Z" finished-at="2019-02-20T18:31:03Z">
          <reporter-output>
          </reporter-output>
        </test-method> <!-- setUp -->
        <test-method status="SKIP" signature="NSDL_Login_InvalidUserName()[pri:0, instance:Scripts.NSDLLoginTestScript@685cb137]" name="NSDL_Login_InvalidUserName" duration-ms="0" started-at="2019-02-20T18:31:03Z" finished-at="2019-02-20T18:31:03Z">
          <reporter-output>
          </reporter-output>
        </test-method> <!-- NSDL_Login_InvalidUserName -->
        <test-method status="SKIP" signature="setUp()[pri:0, instance:Scripts.NSDLLoginTestScript@685cb137]" name="setUp" is-config="true" duration-ms="0" started-at="2019-02-20T18:31:03Z" finished-at="2019-02-20T18:31:03Z">
          <reporter-output>
          </reporter-output>
        </test-method> <!-- setUp -->
        <test-method status="SKIP" signature="NSDL_Login_ValidUserName_BlankPwd()[pri:0, instance:Scripts.NSDLLoginTestScript@685cb137]" name="NSDL_Login_ValidUserName_BlankPwd" duration-ms="0" started-at="2019-02-20T18:31:03Z" finished-at="2019-02-20T18:31:03Z">
          <reporter-output>
          </reporter-output>
        </test-method> <!-- NSDL_Login_ValidUserName_BlankPwd -->
        <test-method status="SKIP" signature="tearDown()[pri:0, instance:Scripts.NSDLLoginTestScript@685cb137]" name="tearDown" is-config="true" duration-ms="0" started-at="2019-02-20T18:31:03Z" finished-at="2019-02-20T18:31:03Z">
          <reporter-output>
          </reporter-output>
        </test-method> <!-- tearDown -->
        <test-method status="SKIP" signature="tearDown()[pri:0, instance:Scripts.NSDLLoginTestScript@685cb137]" name="tearDown" is-config="true" duration-ms="0" started-at="2019-02-20T18:31:03Z" finished-at="2019-02-20T18:31:03Z">
          <reporter-output>
          </reporter-output>
        </test-method> <!-- tearDown -->
        <test-method status="SKIP" signature="NSDL_Login_ValidUserName_InvalidPwd()[pri:0, instance:Scripts.NSDLLoginTestScript@685cb137]" name="NSDL_Login_ValidUserName_InvalidPwd" duration-ms="0" started-at="2019-02-20T18:31:03Z" finished-at="2019-02-20T18:31:03Z">
          <reporter-output>
          </reporter-output>
        </test-method> <!-- NSDL_Login_ValidUserName_InvalidPwd -->
        <test-method status="SKIP" signature="setUp()[pri:0, instance:Scripts.NSDLLoginTestScript@685cb137]" name="setUp" is-config="true" duration-ms="0" started-at="2019-02-20T18:31:03Z" finished-at="2019-02-20T18:31:03Z">
          <reporter-output>
          </reporter-output>
        </test-method> <!-- setUp -->
        <test-method status="SKIP" signature="tearDown()[pri:0, instance:Scripts.NSDLLoginTestScript@685cb137]" name="tearDown" is-config="true" duration-ms="0" started-at="2019-02-20T18:31:03Z" finished-at="2019-02-20T18:31:03Z">
          <reporter-output>
          </reporter-output>
        </test-method> <!-- tearDown -->
        <test-method status="SKIP" signature="NSDL_Login_ValidUserName_ValidPwd()[pri:0, instance:Scripts.NSDLLoginTestScript@685cb137]" name="NSDL_Login_ValidUserName_ValidPwd" duration-ms="0" started-at="2019-02-20T18:31:03Z" finished-at="2019-02-20T18:31:03Z">
          <reporter-output>
          </reporter-output>
        </test-method> <!-- NSDL_Login_ValidUserName_ValidPwd -->
        <test-method status="SKIP" signature="setUp()[pri:0, instance:Scripts.NSDLLoginTestScript@685cb137]" name="setUp" is-config="true" duration-ms="0" started-at="2019-02-20T18:31:03Z" finished-at="2019-02-20T18:31:03Z">
          <reporter-output>
          </reporter-output>
        </test-method> <!-- setUp -->
        <test-method status="SKIP" signature="tearDown()[pri:0, instance:Scripts.NSDLLoginTestScript@685cb137]" name="tearDown" is-config="true" duration-ms="0" started-at="2019-02-20T18:31:03Z" finished-at="2019-02-20T18:31:03Z">
          <reporter-output>
          </reporter-output>
        </test-method> <!-- tearDown -->
        <test-method status="SKIP" signature="closingAllConnections()[pri:0, instance:Scripts.NSDLLoginTestScript@685cb137]" name="closingAllConnections" is-config="true" duration-ms="0" started-at="2019-02-20T18:31:03Z" finished-at="2019-02-20T18:31:03Z">
          <reporter-output>
          </reporter-output>
        </test-method> <!-- closingAllConnections -->
        <test-method status="SKIP" signature="closeBrowser()[pri:0, instance:Scripts.NSDLLoginTestScript@685cb137]" name="closeBrowser" is-config="true" duration-ms="0" started-at="2019-02-20T18:31:03Z" finished-at="2019-02-20T18:31:03Z">
          <reporter-output>
          </reporter-output>
        </test-method> <!-- closeBrowser -->
      </class> <!-- Scripts.NSDLLoginTestScript -->
      <class name="Scripts.LoginTestScript">
        <test-method status="PASS" signature="initializingConnections()[pri:0, instance:Scripts.LoginTestScript@343f4d3d]" name="initializingConnections" is-config="true" duration-ms="75" started-at="2019-02-20T18:26:41Z" finished-at="2019-02-20T18:26:42Z">
          <reporter-output>
          </reporter-output>
        </test-method> <!-- initializingConnections -->
        <test-method status="PASS" signature="setUp()[pri:0, instance:Scripts.LoginTestScript@343f4d3d]" name="setUp" is-config="true" duration-ms="4973" started-at="2019-02-20T18:26:42Z" finished-at="2019-02-20T18:26:47Z">
          <reporter-output>
          </reporter-output>
        </test-method> <!-- setUp -->
        <test-method status="PASS" signature="Home_Login_BlankUserName_BlankPwd()[pri:0, instance:Scripts.LoginTestScript@343f4d3d]" name="Home_Login_BlankUserName_BlankPwd" duration-ms="336" started-at="2019-02-20T18:26:47Z" finished-at="2019-02-20T18:26:47Z">
          <reporter-output>
          </reporter-output>
        </test-method> <!-- Home_Login_BlankUserName_BlankPwd -->
        <test-method status="PASS" signature="tearDown()[pri:0, instance:Scripts.LoginTestScript@343f4d3d]" name="tearDown" is-config="true" duration-ms="901" started-at="2019-02-20T18:26:47Z" finished-at="2019-02-20T18:26:48Z">
          <reporter-output>
          </reporter-output>
        </test-method> <!-- tearDown -->
        <test-method status="PASS" signature="setUp()[pri:0, instance:Scripts.LoginTestScript@343f4d3d]" name="setUp" is-config="true" duration-ms="4813" started-at="2019-02-20T18:26:48Z" finished-at="2019-02-20T18:26:53Z">
          <reporter-output>
          </reporter-output>
        </test-method> <!-- setUp -->
        <test-method status="PASS" signature="Home_Login_BlankUserName_ValidPwd()[pri:0, instance:Scripts.LoginTestScript@343f4d3d]" name="Home_Login_BlankUserName_ValidPwd" duration-ms="237" started-at="2019-02-20T18:26:53Z" finished-at="2019-02-20T18:26:53Z">
          <reporter-output>
          </reporter-output>
        </test-method> <!-- Home_Login_BlankUserName_ValidPwd -->
        <test-method status="PASS" signature="tearDown()[pri:0, instance:Scripts.LoginTestScript@343f4d3d]" name="tearDown" is-config="true" duration-ms="842" started-at="2019-02-20T18:26:53Z" finished-at="2019-02-20T18:26:54Z">
          <reporter-output>
          </reporter-output>
        </test-method> <!-- tearDown -->
        <test-method status="PASS" signature="setUp()[pri:0, instance:Scripts.LoginTestScript@343f4d3d]" name="setUp" is-config="true" duration-ms="5617" started-at="2019-02-20T18:26:54Z" finished-at="2019-02-20T18:26:59Z">
          <reporter-output>
          </reporter-output>
        </test-method> <!-- setUp -->
        <test-method status="PASS" signature="Home_Login_InvalidUserName()[pri:0, instance:Scripts.LoginTestScript@343f4d3d]" name="Home_Login_InvalidUserName" duration-ms="305" started-at="2019-02-20T18:26:59Z" finished-at="2019-02-20T18:27:00Z">
          <reporter-output>
          </reporter-output>
        </test-method> <!-- Home_Login_InvalidUserName -->
        <test-method status="PASS" signature="tearDown()[pri:0, instance:Scripts.LoginTestScript@343f4d3d]" name="tearDown" is-config="true" duration-ms="868" started-at="2019-02-20T18:27:00Z" finished-at="2019-02-20T18:27:00Z">
          <reporter-output>
          </reporter-output>
        </test-method> <!-- tearDown -->
        <test-method status="PASS" signature="setUp()[pri:0, instance:Scripts.LoginTestScript@343f4d3d]" name="setUp" is-config="true" duration-ms="4879" started-at="2019-02-20T18:27:00Z" finished-at="2019-02-20T18:27:05Z">
          <reporter-output>
          </reporter-output>
        </test-method> <!-- setUp -->
        <test-method status="PASS" signature="Home_Login_ValidUserName_BlankPwd()[pri:0, instance:Scripts.LoginTestScript@343f4d3d]" name="Home_Login_ValidUserName_BlankPwd" duration-ms="605" started-at="2019-02-20T18:27:05Z" finished-at="2019-02-20T18:27:06Z">
          <reporter-output>
          </reporter-output>
        </test-method> <!-- Home_Login_ValidUserName_BlankPwd -->
        <test-method status="PASS" signature="tearDown()[pri:0, instance:Scripts.LoginTestScript@343f4d3d]" name="tearDown" is-config="true" duration-ms="860" started-at="2019-02-20T18:27:06Z" finished-at="2019-02-20T18:27:07Z">
          <reporter-output>
          </reporter-output>
        </test-method> <!-- tearDown -->
        <test-method status="PASS" signature="setUp()[pri:0, instance:Scripts.LoginTestScript@343f4d3d]" name="setUp" is-config="true" duration-ms="4586" started-at="2019-02-20T18:27:07Z" finished-at="2019-02-20T18:27:11Z">
          <reporter-output>
          </reporter-output>
        </test-method> <!-- setUp -->
        <test-method status="PASS" signature="Home_Login_ValidUserName_InvalidPwd()[pri:0, instance:Scripts.LoginTestScript@343f4d3d]" name="Home_Login_ValidUserName_InvalidPwd" duration-ms="338" started-at="2019-02-20T18:27:11Z" finished-at="2019-02-20T18:27:12Z">
          <reporter-output>
          </reporter-output>
        </test-method> <!-- Home_Login_ValidUserName_InvalidPwd -->
        <test-method status="PASS" signature="tearDown()[pri:0, instance:Scripts.LoginTestScript@343f4d3d]" name="tearDown" is-config="true" duration-ms="946" started-at="2019-02-20T18:27:12Z" finished-at="2019-02-20T18:27:13Z">
          <reporter-output>
          </reporter-output>
        </test-method> <!-- tearDown -->
        <test-method status="PASS" signature="setUp()[pri:0, instance:Scripts.LoginTestScript@343f4d3d]" name="setUp" is-config="true" duration-ms="4949" started-at="2019-02-20T18:27:13Z" finished-at="2019-02-20T18:27:18Z">
          <reporter-output>
          </reporter-output>
        </test-method> <!-- setUp -->
        <test-method status="PASS" signature="Home_Login_ValidUserName_ValidPwd()[pri:0, instance:Scripts.LoginTestScript@343f4d3d]" name="Home_Login_ValidUserName_ValidPwd" duration-ms="491" started-at="2019-02-20T18:27:18Z" finished-at="2019-02-20T18:27:18Z">
          <reporter-output>
          </reporter-output>
        </test-method> <!-- Home_Login_ValidUserName_ValidPwd -->
        <test-method status="PASS" signature="tearDown()[pri:0, instance:Scripts.LoginTestScript@343f4d3d]" name="tearDown" is-config="true" duration-ms="890" started-at="2019-02-20T18:27:18Z" finished-at="2019-02-20T18:27:19Z">
          <reporter-output>
          </reporter-output>
        </test-method> <!-- tearDown -->
        <test-method status="PASS" signature="closeBrowser()[pri:0, instance:Scripts.LoginTestScript@343f4d3d]" name="closeBrowser" is-config="true" duration-ms="0" started-at="2019-02-20T18:27:19Z" finished-at="2019-02-20T18:27:19Z">
          <reporter-output>
          </reporter-output>
        </test-method> <!-- closeBrowser -->
        <test-method status="PASS" signature="closingAllConnections()[pri:0, instance:Scripts.LoginTestScript@343f4d3d]" name="closingAllConnections" is-config="true" duration-ms="0" started-at="2019-02-20T18:27:19Z" finished-at="2019-02-20T18:27:19Z">
          <reporter-output>
          </reporter-output>
        </test-method> <!-- closingAllConnections -->
      </class> <!-- Scripts.LoginTestScript -->
      <class name="Scripts.NSDLVerificationTestScript">
        <test-method status="PASS" signature="initializingConnections()[pri:0, instance:Scripts.NSDLVerificationTestScript@7cd62f43]" name="initializingConnections" is-config="true" duration-ms="57" started-at="2019-02-20T18:30:57Z" finished-at="2019-02-20T18:30:57Z">
          <reporter-output>
          </reporter-output>
        </test-method> <!-- initializingConnections -->
        <test-method status="FAIL" signature="setUp()[pri:0, instance:Scripts.NSDLVerificationTestScript@7cd62f43]" name="setUp" is-config="true" duration-ms="0" started-at="2019-02-20T18:30:57Z" finished-at="2019-02-20T18:30:57Z">
          <exception class="org.openqa.selenium.InvalidSelectorException">
            <message>
              <![CDATA[invalid selector: Unable to locate an element with the xpath expression //*[@id=\"recent\"]/ul/li[2]/a because of the following error:
SyntaxError: Failed to execute 'evaluate' on 'Document': The string '//*[@id=\"recent\"]/ul/li[2]/a' is not a valid XPath expression.
  (Session info: chrome=72.0.3626.81)
  (Driver info: chromedriver=2.42.591088 (7b2b2dca23cca0862f674758c9a3933e685c27d5),platform=Windows NT 10.0.14393 x86_64) (WARNING: The server did not provide any stacktrace information)
Command duration or timeout: 0 milliseconds
For documentation on this error, please visit: http://seleniumhq.org/exceptions/invalid_selector_exception.html
Build info: version: '3.14.0', revision: 'aacccce0', time: '2018-08-02T20:19:58.91Z'
System info: host: 'HDRRPA2', ip: '172.23.178.15', os.name: 'Windows 8.1', os.arch: 'amd64', os.version: '6.3', java.version: '1.8.0_45'
Driver info: org.openqa.selenium.chrome.ChromeDriver
Capabilities {acceptInsecureCerts: false, acceptSslCerts: false, applicationCacheEnabled: false, browserConnectionEnabled: false, browserName: chrome, chrome: {chromedriverVersion: 2.42.591088 (7b2b2dca23cca0..., userDataDir: C:\Users\NEHAKA~1\AppData\L...}, cssSelectorsEnabled: true, databaseEnabled: false, goog:chromeOptions: {debuggerAddress: localhost:52340}, handlesAlerts: true, hasTouchScreen: false, javascriptEnabled: true, locationContextEnabled: true, mobileEmulationEnabled: false, nativeEvents: true, networkConnectionEnabled: false, pageLoadStrategy: normal, platform: XP, platformName: XP, rotatable: false, setWindowRect: true, takesHeapSnapshot: true, takesScreenshot: true, unexpectedAlertBehaviour: , unhandledPromptBehavior: , version: 72.0.3626.81, webStorageEnabled: true}
Session ID: b0266b9df370d8e8057ac3a63ded539c
*** Element info: {Using=xpath, value=//*[@id=\"recent\"]/ul/li[2]/a}]]>
            </message>
            <full-stacktrace>
              <![CDATA[org.openqa.selenium.InvalidSelectorException: invalid selector: Unable to locate an element with the xpath expression //*[@id=\"recent\"]/ul/li[2]/a because of the following error:
SyntaxError: Failed to execute 'evaluate' on 'Document': The string '//*[@id=\"recent\"]/ul/li[2]/a' is not a valid XPath expression.
  (Session info: chrome=72.0.3626.81)
  (Driver info: chromedriver=2.42.591088 (7b2b2dca23cca0862f674758c9a3933e685c27d5),platform=Windows NT 10.0.14393 x86_64) (WARNING: The server did not provide any stacktrace information)
Command duration or timeout: 0 milliseconds
For documentation on this error, please visit: http://seleniumhq.org/exceptions/invalid_selector_exception.html
Build info: version: '3.14.0', revision: 'aacccce0', time: '2018-08-02T20:19:58.91Z'
System info: host: 'HDRRPA2', ip: '172.23.178.15', os.name: 'Windows 8.1', os.arch: 'amd64', os.version: '6.3', java.version: '1.8.0_45'
Driver info: org.openqa.selenium.chrome.ChromeDriver
Capabilities {acceptInsecureCerts: false, acceptSslCerts: false, applicationCacheEnabled: false, browserConnectionEnabled: false, browserName: chrome, chrome: {chromedriverVersion: 2.42.591088 (7b2b2dca23cca0..., userDataDir: C:\Users\NEHAKA~1\AppData\L...}, cssSelectorsEnabled: true, databaseEnabled: false, goog:chromeOptions: {debuggerAddress: localhost:52340}, handlesAlerts: true, hasTouchScreen: false, javascriptEnabled: true, locationContextEnabled: true, mobileEmulationEnabled: false, nativeEvents: true, networkConnectionEnabled: false, pageLoadStrategy: normal, platform: XP, platformName: XP, rotatable: false, setWindowRect: true, takesHeapSnapshot: true, takesScreenshot: true, unexpectedAlertBehaviour: , unhandledPromptBehavior: , version: 72.0.3626.81, webStorageEnabled: true}
Session ID: b0266b9df370d8e8057ac3a63ded539c
*** Element info: {Using=xpath, value=//*[@id=\"recent\"]/ul/li[2]/a}
	at sun.reflect.NativeConstructorAccessorImpl.newInstance0(Native Method)
	at sun.reflect.NativeConstructorAccessorImpl.newInstance(Unknown Source)
	at sun.reflect.DelegatingConstructorAccessorImpl.newInstance(Unknown Source)
	at java.lang.reflect.Constructor.newInstance(Unknown Source)
	at org.openqa.selenium.remote.ErrorHandler.createThrowable(ErrorHandler.java:214)
	at org.openqa.selenium.remote.ErrorHandler.throwIfResponseFailed(ErrorHandler.java:166)
	at org.openqa.selenium.remote.http.JsonHttpResponseCodec.reconstructValue(JsonHttpResponseCodec.java:40)
	at org.openqa.selenium.remote.http.AbstractHttpResponseCodec.decode(AbstractHttpResponseCodec.java:80)
	at org.openqa.selenium.remote.http.AbstractHttpResponseCodec.decode(AbstractHttpResponseCodec.java:44)
	at org.openqa.selenium.remote.HttpCommandExecutor.execute(HttpCommandExecutor.java:158)
	at org.openqa.selenium.remote.service.DriverCommandExecutor.execute(DriverCommandExecutor.java:83)
	at org.openqa.selenium.remote.RemoteWebDriver.execute(RemoteWebDriver.java:548)
	at org.openqa.selenium.remote.RemoteWebDriver.findElement(RemoteWebDriver.java:322)
	at org.openqa.selenium.remote.RemoteWebDriver.findElementByXPath(RemoteWebDriver.java:424)
	at org.openqa.selenium.By$ByXPath.findElement(By.java:353)
	at org.openqa.selenium.remote.RemoteWebDriver.findElement(RemoteWebDriver.java:314)
	at Scripts.NSDLVerificationTestScript.setUp(NSDLVerificationTestScript.java:84)
	at sun.reflect.NativeMethodAccessorImpl.invoke0(Native Method)
	at sun.reflect.NativeMethodAccessorImpl.invoke(Unknown Source)
	at sun.reflect.DelegatingMethodAccessorImpl.invoke(Unknown Source)
	at java.lang.reflect.Method.invoke(Unknown Source)
	at org.testng.internal.MethodInvocationHelper.invokeMethod(MethodInvocationHelper.java:80)
	at org.testng.internal.Invoker.invokeConfigurationMethod(Invoker.java:564)
	at org.testng.internal.Invoker.invokeConfigurations(Invoker.java:213)
	at org.testng.internal.Invoker.invokeMethod(Invoker.java:653)
	at org.testng.internal.Invoker.invokeTestMethod(Invoker.java:901)
	at org.testng.internal.Invoker.invokeTestMethods(Invoker.java:1231)
	at org.testng.internal.TestMethodWorker.invokeTestMethods(TestMethodWorker.java:127)
	at org.testng.internal.TestMethodWorker.run(TestMethodWorker.java:111)
	at org.testng.TestRunner.privateRun(TestRunner.java:767)
	at org.testng.TestRunner.run(TestRunner.java:617)
	at org.testng.SuiteRunner.runTest(SuiteRunner.java:334)
	at org.testng.SuiteRunner.runSequentially(SuiteRunner.java:329)
	at org.testng.SuiteRunner.privateRun(SuiteRunner.java:291)
	at org.testng.SuiteRunner.run(SuiteRunner.java:240)
	at org.testng.SuiteRunnerWorker.runSuite(SuiteRunnerWorker.java:52)
	at org.testng.SuiteRunnerWorker.run(SuiteRunnerWorker.java:86)
	at org.testng.TestNG.runSuitesSequentially(TestNG.java:1198)
	at org.testng.TestNG.runSuitesLocally(TestNG.java:1123)
	at org.testng.TestNG.run(TestNG.java:1031)
	at org.testng.remote.AbstractRemoteTestNG.run(AbstractRemoteTestNG.java:114)
	at org.testng.remote.RemoteTestNG.initAndRun(RemoteTestNG.java:251)
	at org.testng.remote.RemoteTestNG.main(RemoteTestNG.java:77)
]]>
            </full-stacktrace>
          </exception> <!-- org.openqa.selenium.InvalidSelectorException -->
          <reporter-output>
          </reporter-output>
        </test-method> <!-- setUp -->
        <test-method status="SKIP" signature="blank_pan_id()[pri:0, instance:Scripts.NSDLVerificationTestScript@7cd62f43]" name="blank_pan_id" duration-ms="1" started-at="2019-02-20T18:31:03Z" finished-at="2019-02-20T18:31:03Z">
          <reporter-output>
          </reporter-output>
        </test-method> <!-- blank_pan_id -->
        <test-method status="SKIP" signature="tearDown()[pri:0, instance:Scripts.NSDLVerificationTestScript@7cd62f43]" name="tearDown" is-config="true" duration-ms="0" started-at="2019-02-20T18:31:03Z" finished-at="2019-02-20T18:31:03Z">
          <reporter-output>
          </reporter-output>
        </test-method> <!-- tearDown -->
        <test-method status="SKIP" signature="setUp()[pri:0, instance:Scripts.NSDLVerificationTestScript@7cd62f43]" name="setUp" is-config="true" duration-ms="0" started-at="2019-02-20T18:31:03Z" finished-at="2019-02-20T18:31:03Z">
          <reporter-output>
          </reporter-output>
        </test-method> <!-- setUp -->
        <test-method status="SKIP" signature="invalid_pan_id()[pri:0, instance:Scripts.NSDLVerificationTestScript@7cd62f43]" name="invalid_pan_id" duration-ms="1" started-at="2019-02-20T18:31:03Z" finished-at="2019-02-20T18:31:03Z">
          <reporter-output>
          </reporter-output>
        </test-method> <!-- invalid_pan_id -->
        <test-method status="SKIP" signature="tearDown()[pri:0, instance:Scripts.NSDLVerificationTestScript@7cd62f43]" name="tearDown" is-config="true" duration-ms="0" started-at="2019-02-20T18:31:03Z" finished-at="2019-02-20T18:31:03Z">
          <reporter-output>
          </reporter-output>
        </test-method> <!-- tearDown -->
        <test-method status="SKIP" signature="setUp()[pri:0, instance:Scripts.NSDLVerificationTestScript@7cd62f43]" name="setUp" is-config="true" duration-ms="0" started-at="2019-02-20T18:31:03Z" finished-at="2019-02-20T18:31:03Z">
          <reporter-output>
          </reporter-output>
        </test-method> <!-- setUp -->
        <test-method status="SKIP" signature="valid_pan_id()[pri:0, instance:Scripts.NSDLVerificationTestScript@7cd62f43]" name="valid_pan_id" duration-ms="0" started-at="2019-02-20T18:31:03Z" finished-at="2019-02-20T18:31:03Z">
          <reporter-output>
          </reporter-output>
        </test-method> <!-- valid_pan_id -->
        <test-method status="SKIP" signature="tearDown()[pri:0, instance:Scripts.NSDLVerificationTestScript@7cd62f43]" name="tearDown" is-config="true" duration-ms="0" started-at="2019-02-20T18:31:03Z" finished-at="2019-02-20T18:31:03Z">
          <reporter-output>
          </reporter-output>
        </test-method> <!-- tearDown -->
        <test-method status="SKIP" signature="closeBrowser()[pri:0, instance:Scripts.NSDLVerificationTestScript@7cd62f43]" name="closeBrowser" is-config="true" duration-ms="0" started-at="2019-02-20T18:31:03Z" finished-at="2019-02-20T18:31:03Z">
          <reporter-output>
          </reporter-output>
        </test-method> <!-- closeBrowser -->
        <test-method status="SKIP" signature="closingAllConnections()[pri:0, instance:Scripts.NSDLVerificationTestScript@7cd62f43]" name="closingAllConnections" is-config="true" duration-ms="0" started-at="2019-02-20T18:31:03Z" finished-at="2019-02-20T18:31:03Z">
          <reporter-output>
          </reporter-output>
        </test-method> <!-- closingAllConnections -->
      </class> <!-- Scripts.NSDLVerificationTestScript -->
      <class name="Scripts.PassportVerificationTestScript">
        <test-method status="PASS" signature="initializingConnections()[pri:0, instance:Scripts.PassportVerificationTestScript@39c0f4a]" name="initializingConnections" is-config="true" duration-ms="94" started-at="2019-02-20T18:25:49Z" finished-at="2019-02-20T18:25:49Z">
          <reporter-output>
          </reporter-output>
        </test-method> <!-- initializingConnections -->
        <test-method status="PASS" signature="setUp()[pri:0, instance:Scripts.PassportVerificationTestScript@39c0f4a]" name="setUp" is-config="true" duration-ms="7537" started-at="2019-02-20T18:25:49Z" finished-at="2019-02-20T18:25:56Z">
          <reporter-output>
          </reporter-output>
        </test-method> <!-- setUp -->
        <test-method status="PASS" signature="blank_passport_number()[pri:0, instance:Scripts.PassportVerificationTestScript@39c0f4a]" name="blank_passport_number" duration-ms="5246" started-at="2019-02-20T18:25:56Z" finished-at="2019-02-20T18:26:01Z">
          <reporter-output>
          </reporter-output>
        </test-method> <!-- blank_passport_number -->
        <test-method status="PASS" signature="tearDown()[pri:0, instance:Scripts.PassportVerificationTestScript@39c0f4a]" name="tearDown" is-config="true" duration-ms="838" started-at="2019-02-20T18:26:01Z" finished-at="2019-02-20T18:26:02Z">
          <reporter-output>
          </reporter-output>
        </test-method> <!-- tearDown -->
        <test-method status="PASS" signature="setUp()[pri:0, instance:Scripts.PassportVerificationTestScript@39c0f4a]" name="setUp" is-config="true" duration-ms="7647" started-at="2019-02-20T18:26:02Z" finished-at="2019-02-20T18:26:10Z">
          <reporter-output>
          </reporter-output>
        </test-method> <!-- setUp -->
        <test-method status="PASS" signature="invalid_passport_number()[pri:0, instance:Scripts.PassportVerificationTestScript@39c0f4a]" name="invalid_passport_number" duration-ms="5240" started-at="2019-02-20T18:26:10Z" finished-at="2019-02-20T18:26:15Z">
          <reporter-output>
          </reporter-output>
        </test-method> <!-- invalid_passport_number -->
        <test-method status="PASS" signature="tearDown()[pri:0, instance:Scripts.PassportVerificationTestScript@39c0f4a]" name="tearDown" is-config="true" duration-ms="932" started-at="2019-02-20T18:26:15Z" finished-at="2019-02-20T18:26:16Z">
          <reporter-output>
          </reporter-output>
        </test-method> <!-- tearDown -->
        <test-method status="PASS" signature="setUp()[pri:0, instance:Scripts.PassportVerificationTestScript@39c0f4a]" name="setUp" is-config="true" duration-ms="8710" started-at="2019-02-20T18:26:16Z" finished-at="2019-02-20T18:26:25Z">
          <reporter-output>
          </reporter-output>
        </test-method> <!-- setUp -->
        <test-method status="PASS" signature="valid_passport_number()[pri:0, instance:Scripts.PassportVerificationTestScript@39c0f4a]" name="valid_passport_number" duration-ms="5817" started-at="2019-02-20T18:26:25Z" finished-at="2019-02-20T18:26:31Z">
          <reporter-output>
          </reporter-output>
        </test-method> <!-- valid_passport_number -->
        <test-method status="PASS" signature="tearDown()[pri:0, instance:Scripts.PassportVerificationTestScript@39c0f4a]" name="tearDown" is-config="true" duration-ms="971" started-at="2019-02-20T18:26:31Z" finished-at="2019-02-20T18:26:32Z">
          <reporter-output>
          </reporter-output>
        </test-method> <!-- tearDown -->
        <test-method status="PASS" signature="closingAllConnections()[pri:0, instance:Scripts.PassportVerificationTestScript@39c0f4a]" name="closingAllConnections" is-config="true" duration-ms="0" started-at="2019-02-20T18:26:32Z" finished-at="2019-02-20T18:26:32Z">
          <reporter-output>
          </reporter-output>
        </test-method> <!-- closingAllConnections -->
        <test-method status="PASS" signature="closeBrowser()[pri:0, instance:Scripts.PassportVerificationTestScript@39c0f4a]" name="closeBrowser" is-config="true" duration-ms="0" started-at="2019-02-20T18:26:32Z" finished-at="2019-02-20T18:26:32Z">
          <reporter-output>
          </reporter-output>
        </test-method> <!-- closeBrowser -->
      </class> <!-- Scripts.PassportVerificationTestScript -->
      <class name="Scripts.UpdateTestScript">
        <test-method status="PASS" signature="intializingConnections()[pri:0, instance:Scripts.UpdateTestScript@604ed9f0]" name="intializingConnections" is-config="true" duration-ms="92" started-at="2019-02-20T18:26:32Z" finished-at="2019-02-20T18:26:32Z">
          <reporter-output>
          </reporter-output>
        </test-method> <!-- intializingConnections -->
        <test-method status="PASS" signature="setUp()[pri:0, instance:Scripts.UpdateTestScript@604ed9f0]" name="setUp" is-config="true" duration-ms="7738" started-at="2019-02-20T18:26:32Z" finished-at="2019-02-20T18:26:39Z">
          <reporter-output>
          </reporter-output>
        </test-method> <!-- setUp -->
        <test-method status="PASS" signature="Update_FileUpload()[pri:0, instance:Scripts.UpdateTestScript@604ed9f0]" name="Update_FileUpload" duration-ms="1167" started-at="2019-02-20T18:26:39Z" finished-at="2019-02-20T18:26:41Z">
          <reporter-output>
          </reporter-output>
        </test-method> <!-- Update_FileUpload -->
        <test-method status="PASS" signature="tearDown()[pri:0, instance:Scripts.UpdateTestScript@604ed9f0]" name="tearDown" is-config="true" duration-ms="934" started-at="2019-02-20T18:26:41Z" finished-at="2019-02-20T18:26:41Z">
          <reporter-output>
          </reporter-output>
        </test-method> <!-- tearDown -->
        <test-method status="PASS" signature="closeBrowser()[pri:0, instance:Scripts.UpdateTestScript@604ed9f0]" name="closeBrowser" is-config="true" duration-ms="0" started-at="2019-02-20T18:26:41Z" finished-at="2019-02-20T18:26:41Z">
          <reporter-output>
          </reporter-output>
        </test-method> <!-- closeBrowser -->
        <test-method status="PASS" signature="closingAllConnections()[pri:0, instance:Scripts.UpdateTestScript@604ed9f0]" name="closingAllConnections" is-config="true" duration-ms="0" started-at="2019-02-20T18:26:41Z" finished-at="2019-02-20T18:26:41Z">
          <reporter-output>
          </reporter-output>
        </test-method> <!-- closingAllConnections -->
      </class> <!-- Scripts.UpdateTestScript -->
      <class name="Scripts.AadharVerificationTestScript">
        <test-method status="PASS" signature="initializingConnections()[pri:0, instance:Scripts.AadharVerificationTestScript@1a968a59]" name="initializingConnections" is-config="true" duration-ms="70" started-at="2019-02-20T18:30:10Z" finished-at="2019-02-20T18:30:10Z">
          <reporter-output>
          </reporter-output>
        </test-method> <!-- initializingConnections -->
        <test-method status="PASS" signature="setUp()[pri:0, instance:Scripts.AadharVerificationTestScript@1a968a59]" name="setUp" is-config="true" duration-ms="9931" started-at="2019-02-20T18:30:10Z" finished-at="2019-02-20T18:30:20Z">
          <reporter-output>
          </reporter-output>
        </test-method> <!-- setUp -->
        <test-method status="PASS" signature="blank_aadhar_id()[pri:0, instance:Scripts.AadharVerificationTestScript@1a968a59]" name="blank_aadhar_id" duration-ms="5227" started-at="2019-02-20T18:30:20Z" finished-at="2019-02-20T18:30:26Z">
          <reporter-output>
          </reporter-output>
        </test-method> <!-- blank_aadhar_id -->
        <test-method status="PASS" signature="tearDown()[pri:0, instance:Scripts.AadharVerificationTestScript@1a968a59]" name="tearDown" is-config="true" duration-ms="805" started-at="2019-02-20T18:30:26Z" finished-at="2019-02-20T18:30:26Z">
          <reporter-output>
          </reporter-output>
        </test-method> <!-- tearDown -->
        <test-method status="PASS" signature="setUp()[pri:0, instance:Scripts.AadharVerificationTestScript@1a968a59]" name="setUp" is-config="true" duration-ms="9504" started-at="2019-02-20T18:30:26Z" finished-at="2019-02-20T18:30:36Z">
          <reporter-output>
          </reporter-output>
        </test-method> <!-- setUp -->
        <test-method status="PASS" signature="invalid_aadhar_id()[pri:0, instance:Scripts.AadharVerificationTestScript@1a968a59]" name="invalid_aadhar_id" duration-ms="5272" started-at="2019-02-20T18:30:36Z" finished-at="2019-02-20T18:30:41Z">
          <reporter-output>
          </reporter-output>
        </test-method> <!-- invalid_aadhar_id -->
        <test-method status="PASS" signature="tearDown()[pri:0, instance:Scripts.AadharVerificationTestScript@1a968a59]" name="tearDown" is-config="true" duration-ms="820" started-at="2019-02-20T18:30:41Z" finished-at="2019-02-20T18:30:42Z">
          <reporter-output>
          </reporter-output>
        </test-method> <!-- tearDown -->
        <test-method status="PASS" signature="setUp()[pri:0, instance:Scripts.AadharVerificationTestScript@1a968a59]" name="setUp" is-config="true" duration-ms="9254" started-at="2019-02-20T18:30:42Z" finished-at="2019-02-20T18:30:51Z">
          <reporter-output>
          </reporter-output>
        </test-method> <!-- setUp -->
        <test-method status="PASS" signature="valid_aadhar_id()[pri:0, instance:Scripts.AadharVerificationTestScript@1a968a59]" name="valid_aadhar_id" duration-ms="5349" started-at="2019-02-20T18:30:51Z" finished-at="2019-02-20T18:30:57Z">
          <reporter-output>
          </reporter-output>
        </test-method> <!-- valid_aadhar_id -->
        <test-method status="PASS" signature="tearDown()[pri:0, instance:Scripts.AadharVerificationTestScript@1a968a59]" name="tearDown" is-config="true" duration-ms="831" started-at="2019-02-20T18:30:57Z" finished-at="2019-02-20T18:30:57Z">
          <reporter-output>
          </reporter-output>
        </test-method> <!-- tearDown -->
        <test-method status="PASS" signature="closeBrowser()[pri:0, instance:Scripts.AadharVerificationTestScript@1a968a59]" name="closeBrowser" is-config="true" duration-ms="0" started-at="2019-02-20T18:30:57Z" finished-at="2019-02-20T18:30:57Z">
          <reporter-output>
          </reporter-output>
        </test-method> <!-- closeBrowser -->
        <test-method status="PASS" signature="closingAllConnections()[pri:0, instance:Scripts.AadharVerificationTestScript@1a968a59]" name="closingAllConnections" is-config="true" duration-ms="0" started-at="2019-02-20T18:30:57Z" finished-at="2019-02-20T18:30:57Z">
          <reporter-output>
          </reporter-output>
        </test-method> <!-- closingAllConnections -->
      </class> <!-- Scripts.AadharVerificationTestScript -->
      <class name="Scripts.AadharLoginTestScript">
        <test-method status="PASS" signature="intializingConnections()[pri:0, instance:Scripts.AadharLoginTestScript@4883b407]" name="intializingConnections" is-config="true" duration-ms="95" started-at="2019-02-20T18:28:47Z" finished-at="2019-02-20T18:28:47Z">
          <reporter-output>
          </reporter-output>
        </test-method> <!-- intializingConnections -->
        <test-method status="PASS" signature="setUp()[pri:0, instance:Scripts.AadharLoginTestScript@4883b407]" name="setUp" is-config="true" duration-ms="8583" started-at="2019-02-20T18:28:47Z" finished-at="2019-02-20T18:28:56Z">
          <reporter-output>
          </reporter-output>
        </test-method> <!-- setUp -->
        <test-method status="PASS" signature="Aadhar_Login_BlankUserName_BlankPwd()[pri:0, instance:Scripts.AadharLoginTestScript@4883b407]" name="Aadhar_Login_BlankUserName_BlankPwd" duration-ms="4356" started-at="2019-02-20T18:28:56Z" finished-at="2019-02-20T18:29:00Z">
          <reporter-output>
          </reporter-output>
        </test-method> <!-- Aadhar_Login_BlankUserName_BlankPwd -->
        <test-method status="PASS" signature="tearDown()[pri:0, instance:Scripts.AadharLoginTestScript@4883b407]" name="tearDown" is-config="true" duration-ms="826" started-at="2019-02-20T18:29:00Z" finished-at="2019-02-20T18:29:01Z">
          <reporter-output>
          </reporter-output>
        </test-method> <!-- tearDown -->
        <test-method status="PASS" signature="setUp()[pri:0, instance:Scripts.AadharLoginTestScript@4883b407]" name="setUp" is-config="true" duration-ms="8738" started-at="2019-02-20T18:29:01Z" finished-at="2019-02-20T18:29:10Z">
          <reporter-output>
          </reporter-output>
        </test-method> <!-- setUp -->
        <test-method status="PASS" signature="Aadhar_Login_BlankUserName_ValidPwd()[pri:0, instance:Scripts.AadharLoginTestScript@4883b407]" name="Aadhar_Login_BlankUserName_ValidPwd" duration-ms="4368" started-at="2019-02-20T18:29:10Z" finished-at="2019-02-20T18:29:14Z">
          <reporter-output>
          </reporter-output>
        </test-method> <!-- Aadhar_Login_BlankUserName_ValidPwd -->
        <test-method status="PASS" signature="tearDown()[pri:0, instance:Scripts.AadharLoginTestScript@4883b407]" name="tearDown" is-config="true" duration-ms="798" started-at="2019-02-20T18:29:14Z" finished-at="2019-02-20T18:29:15Z">
          <reporter-output>
          </reporter-output>
        </test-method> <!-- tearDown -->
        <test-method status="PASS" signature="setUp()[pri:0, instance:Scripts.AadharLoginTestScript@4883b407]" name="setUp" is-config="true" duration-ms="8485" started-at="2019-02-20T18:29:15Z" finished-at="2019-02-20T18:29:23Z">
          <reporter-output>
          </reporter-output>
        </test-method> <!-- setUp -->
        <test-method status="PASS" signature="Aadhar_Login_InvalidUserName()[pri:0, instance:Scripts.AadharLoginTestScript@4883b407]" name="Aadhar_Login_InvalidUserName" duration-ms="4343" started-at="2019-02-20T18:29:23Z" finished-at="2019-02-20T18:29:28Z">
          <reporter-output>
          </reporter-output>
        </test-method> <!-- Aadhar_Login_InvalidUserName -->
        <test-method status="PASS" signature="tearDown()[pri:0, instance:Scripts.AadharLoginTestScript@4883b407]" name="tearDown" is-config="true" duration-ms="807" started-at="2019-02-20T18:29:28Z" finished-at="2019-02-20T18:29:28Z">
          <reporter-output>
          </reporter-output>
        </test-method> <!-- tearDown -->
        <test-method status="PASS" signature="setUp()[pri:0, instance:Scripts.AadharLoginTestScript@4883b407]" name="setUp" is-config="true" duration-ms="8016" started-at="2019-02-20T18:29:28Z" finished-at="2019-02-20T18:29:36Z">
          <reporter-output>
          </reporter-output>
        </test-method> <!-- setUp -->
        <test-method status="PASS" signature="Aadhar_Login_ValidUserName_BlankPwd()[pri:0, instance:Scripts.AadharLoginTestScript@4883b407]" name="Aadhar_Login_ValidUserName_BlankPwd" duration-ms="4385" started-at="2019-02-20T18:29:36Z" finished-at="2019-02-20T18:29:41Z">
          <reporter-output>
          </reporter-output>
        </test-method> <!-- Aadhar_Login_ValidUserName_BlankPwd -->
        <test-method status="PASS" signature="tearDown()[pri:0, instance:Scripts.AadharLoginTestScript@4883b407]" name="tearDown" is-config="true" duration-ms="821" started-at="2019-02-20T18:29:41Z" finished-at="2019-02-20T18:29:42Z">
          <reporter-output>
          </reporter-output>
        </test-method> <!-- tearDown -->
        <test-method status="PASS" signature="setUp()[pri:0, instance:Scripts.AadharLoginTestScript@4883b407]" name="setUp" is-config="true" duration-ms="8214" started-at="2019-02-20T18:29:42Z" finished-at="2019-02-20T18:29:50Z">
          <reporter-output>
          </reporter-output>
        </test-method> <!-- setUp -->
        <test-method status="PASS" signature="Aadhar_Login_ValidUserName_InvalidPwd()[pri:0, instance:Scripts.AadharLoginTestScript@4883b407]" name="Aadhar_Login_ValidUserName_InvalidPwd" duration-ms="4453" started-at="2019-02-20T18:29:50Z" finished-at="2019-02-20T18:29:54Z">
          <reporter-output>
          </reporter-output>
        </test-method> <!-- Aadhar_Login_ValidUserName_InvalidPwd -->
        <test-method status="PASS" signature="tearDown()[pri:0, instance:Scripts.AadharLoginTestScript@4883b407]" name="tearDown" is-config="true" duration-ms="860" started-at="2019-02-20T18:29:54Z" finished-at="2019-02-20T18:29:55Z">
          <reporter-output>
          </reporter-output>
        </test-method> <!-- tearDown -->
        <test-method status="PASS" signature="setUp()[pri:0, instance:Scripts.AadharLoginTestScript@4883b407]" name="setUp" is-config="true" duration-ms="8977" started-at="2019-02-20T18:29:55Z" finished-at="2019-02-20T18:30:04Z">
          <reporter-output>
          </reporter-output>
        </test-method> <!-- setUp -->
        <test-method status="PASS" signature="Aadhar_Login_ValidUserName_ValidPwd()[pri:0, instance:Scripts.AadharLoginTestScript@4883b407]" name="Aadhar_Login_ValidUserName_ValidPwd" duration-ms="5449" started-at="2019-02-20T18:30:04Z" finished-at="2019-02-20T18:30:10Z">
          <reporter-output>
          </reporter-output>
        </test-method> <!-- Aadhar_Login_ValidUserName_ValidPwd -->
        <test-method status="PASS" signature="tearDown()[pri:0, instance:Scripts.AadharLoginTestScript@4883b407]" name="tearDown" is-config="true" duration-ms="830" started-at="2019-02-20T18:30:10Z" finished-at="2019-02-20T18:30:10Z">
          <reporter-output>
          </reporter-output>
        </test-method> <!-- tearDown -->
        <test-method status="PASS" signature="closingAllConnections()[pri:0, instance:Scripts.AadharLoginTestScript@4883b407]" name="closingAllConnections" is-config="true" duration-ms="0" started-at="2019-02-20T18:30:10Z" finished-at="2019-02-20T18:30:10Z">
          <reporter-output>
          </reporter-output>
        </test-method> <!-- closingAllConnections -->
        <test-method status="PASS" signature="closeBrowser()[pri:0, instance:Scripts.AadharLoginTestScript@4883b407]" name="closeBrowser" is-config="true" duration-ms="0" started-at="2019-02-20T18:30:10Z" finished-at="2019-02-20T18:30:10Z">
          <reporter-output>
          </reporter-output>
        </test-method> <!-- closeBrowser -->
      </class> <!-- Scripts.AadharLoginTestScript -->
      <class name="Scripts.UserTestScript">
        <test-method status="PASS" signature="init()[pri:0, instance:Scripts.UserTestScript@3532ec19]" name="init" is-config="true" duration-ms="155" started-at="2019-02-20T18:24:36Z" finished-at="2019-02-20T18:24:36Z">
          <reporter-output>
          </reporter-output>
        </test-method> <!-- init -->
        <test-method status="PASS" signature="initializingConnections()[pri:0, instance:Scripts.UserTestScript@3532ec19]" name="initializingConnections" is-config="true" duration-ms="118" started-at="2019-02-20T18:27:19Z" finished-at="2019-02-20T18:27:19Z">
          <reporter-output>
          </reporter-output>
        </test-method> <!-- initializingConnections -->
        <test-method status="PASS" signature="setUp()[pri:0, instance:Scripts.UserTestScript@3532ec19]" name="setUp" is-config="true" duration-ms="5486" started-at="2019-02-20T18:27:19Z" finished-at="2019-02-20T18:27:25Z">
          <reporter-output>
          </reporter-output>
        </test-method> <!-- setUp -->
        <test-method status="PASS" signature="RegistrationFormTest_EmptyAadharNumber()[pri:0, instance:Scripts.UserTestScript@3532ec19]" name="RegistrationFormTest_EmptyAadharNumber" duration-ms="2157" started-at="2019-02-20T18:27:25Z" finished-at="2019-02-20T18:27:27Z">
          <reporter-output>
          </reporter-output>
        </test-method> <!-- RegistrationFormTest_EmptyAadharNumber -->
        <test-method status="PASS" signature="tearDown()[pri:0, instance:Scripts.UserTestScript@3532ec19]" name="tearDown" is-config="true" duration-ms="829" started-at="2019-02-20T18:27:27Z" finished-at="2019-02-20T18:27:28Z">
          <reporter-output>
          </reporter-output>
        </test-method> <!-- tearDown -->
        <test-method status="PASS" signature="getTestResult(org.testng.ITestResult)[pri:0, instance:Scripts.UserTestScript@3532ec19]" name="getTestResult" is-config="true" duration-ms="1" started-at="2019-02-20T18:27:28Z" finished-at="2019-02-20T18:27:28Z">
          <params>
            <param index="0">
              <value>
                <![CDATA[[TestResult name=RegistrationFormTest_EmptyAadharNumber status=SUCCESS method=UserTestScript.RegistrationFormTest_EmptyAadharNumber()[pri:0, instance:Scripts.UserTestScript@3532ec19] output={null}]]]>
              </value>
            </param>
          </params>
          <reporter-output>
          </reporter-output>
        </test-method> <!-- getTestResult -->
        <test-method status="PASS" signature="setUp()[pri:0, instance:Scripts.UserTestScript@3532ec19]" name="setUp" is-config="true" duration-ms="6177" started-at="2019-02-20T18:27:28Z" finished-at="2019-02-20T18:27:34Z">
          <reporter-output>
          </reporter-output>
        </test-method> <!-- setUp -->
        <test-method status="PASS" signature="RegistrationFormTest_EmptyCity()[pri:0, instance:Scripts.UserTestScript@3532ec19]" name="RegistrationFormTest_EmptyCity" duration-ms="2173" started-at="2019-02-20T18:27:34Z" finished-at="2019-02-20T18:27:36Z">
          <reporter-output>
          </reporter-output>
        </test-method> <!-- RegistrationFormTest_EmptyCity -->
        <test-method status="PASS" signature="tearDown()[pri:0, instance:Scripts.UserTestScript@3532ec19]" name="tearDown" is-config="true" duration-ms="886" started-at="2019-02-20T18:27:36Z" finished-at="2019-02-20T18:27:37Z">
          <reporter-output>
          </reporter-output>
        </test-method> <!-- tearDown -->
        <test-method status="PASS" signature="getTestResult(org.testng.ITestResult)[pri:0, instance:Scripts.UserTestScript@3532ec19]" name="getTestResult" is-config="true" duration-ms="0" started-at="2019-02-20T18:27:37Z" finished-at="2019-02-20T18:27:37Z">
          <params>
            <param index="0">
              <value>
                <![CDATA[[TestResult name=RegistrationFormTest_EmptyCity status=SUCCESS method=UserTestScript.RegistrationFormTest_EmptyCity()[pri:0, instance:Scripts.UserTestScript@3532ec19] output={null}]]]>
              </value>
            </param>
          </params>
          <reporter-output>
          </reporter-output>
        </test-method> <!-- getTestResult -->
        <test-method status="PASS" signature="setUp()[pri:0, instance:Scripts.UserTestScript@3532ec19]" name="setUp" is-config="true" duration-ms="7363" started-at="2019-02-20T18:27:37Z" finished-at="2019-02-20T18:27:44Z">
          <reporter-output>
          </reporter-output>
        </test-method> <!-- setUp -->
        <test-method status="PASS" signature="RegistrationFormTest_EmptyEmailId()[pri:0, instance:Scripts.UserTestScript@3532ec19]" name="RegistrationFormTest_EmptyEmailId" duration-ms="1945" started-at="2019-02-20T18:27:44Z" finished-at="2019-02-20T18:27:46Z">
          <reporter-output>
          </reporter-output>
        </test-method> <!-- RegistrationFormTest_EmptyEmailId -->
        <test-method status="PASS" signature="tearDown()[pri:0, instance:Scripts.UserTestScript@3532ec19]" name="tearDown" is-config="true" duration-ms="976" started-at="2019-02-20T18:27:46Z" finished-at="2019-02-20T18:27:47Z">
          <reporter-output>
          </reporter-output>
        </test-method> <!-- tearDown -->
        <test-method status="PASS" signature="getTestResult(org.testng.ITestResult)[pri:0, instance:Scripts.UserTestScript@3532ec19]" name="getTestResult" is-config="true" duration-ms="0" started-at="2019-02-20T18:27:47Z" finished-at="2019-02-20T18:27:47Z">
          <params>
            <param index="0">
              <value>
                <![CDATA[[TestResult name=RegistrationFormTest_EmptyEmailId status=SUCCESS method=UserTestScript.RegistrationFormTest_EmptyEmailId()[pri:0, instance:Scripts.UserTestScript@3532ec19] output={null}]]]>
              </value>
            </param>
          </params>
          <reporter-output>
          </reporter-output>
        </test-method> <!-- getTestResult -->
        <test-method status="PASS" signature="setUp()[pri:0, instance:Scripts.UserTestScript@3532ec19]" name="setUp" is-config="true" duration-ms="5388" started-at="2019-02-20T18:27:47Z" finished-at="2019-02-20T18:27:52Z">
          <reporter-output>
          </reporter-output>
        </test-method> <!-- setUp -->
        <test-method status="PASS" signature="RegistrationFormTest_EmptyFirstName()[pri:0, instance:Scripts.UserTestScript@3532ec19]" name="RegistrationFormTest_EmptyFirstName" duration-ms="2010" started-at="2019-02-20T18:27:52Z" finished-at="2019-02-20T18:27:54Z">
          <reporter-output>
          </reporter-output>
        </test-method> <!-- RegistrationFormTest_EmptyFirstName -->
        <test-method status="PASS" signature="tearDown()[pri:0, instance:Scripts.UserTestScript@3532ec19]" name="tearDown" is-config="true" duration-ms="892" started-at="2019-02-20T18:27:54Z" finished-at="2019-02-20T18:27:55Z">
          <reporter-output>
          </reporter-output>
        </test-method> <!-- tearDown -->
        <test-method status="PASS" signature="setUp()[pri:0, instance:Scripts.UserTestScript@3532ec19]" name="setUp" is-config="true" duration-ms="5192" started-at="2019-02-20T18:27:55Z" finished-at="2019-02-20T18:28:01Z">
          <reporter-output>
          </reporter-output>
        </test-method> <!-- setUp -->
        <test-method status="PASS" signature="getTestResult(org.testng.ITestResult)[pri:0, instance:Scripts.UserTestScript@3532ec19]" name="getTestResult" is-config="true" duration-ms="0" started-at="2019-02-20T18:27:55Z" finished-at="2019-02-20T18:27:55Z">
          <params>
            <param index="0">
              <value>
                <![CDATA[[TestResult name=RegistrationFormTest_EmptyFirstName status=SUCCESS method=UserTestScript.RegistrationFormTest_EmptyFirstName()[pri:0, instance:Scripts.UserTestScript@3532ec19] output={null}]]]>
              </value>
            </param>
          </params>
          <reporter-output>
          </reporter-output>
        </test-method> <!-- getTestResult -->
        <test-method status="PASS" signature="RegistrationFormTest_EmptyFlatNoOrBuildingName()[pri:0, instance:Scripts.UserTestScript@3532ec19]" name="RegistrationFormTest_EmptyFlatNoOrBuildingName" duration-ms="2061" started-at="2019-02-20T18:28:01Z" finished-at="2019-02-20T18:28:03Z">
          <reporter-output>
          </reporter-output>
        </test-method> <!-- RegistrationFormTest_EmptyFlatNoOrBuildingName -->
        <test-method status="PASS" signature="tearDown()[pri:0, instance:Scripts.UserTestScript@3532ec19]" name="tearDown" is-config="true" duration-ms="856" started-at="2019-02-20T18:28:03Z" finished-at="2019-02-20T18:28:04Z">
          <reporter-output>
          </reporter-output>
        </test-method> <!-- tearDown -->
        <test-method status="PASS" signature="getTestResult(org.testng.ITestResult)[pri:0, instance:Scripts.UserTestScript@3532ec19]" name="getTestResult" is-config="true" duration-ms="0" started-at="2019-02-20T18:28:04Z" finished-at="2019-02-20T18:28:04Z">
          <params>
            <param index="0">
              <value>
                <![CDATA[[TestResult name=RegistrationFormTest_EmptyFlatNoOrBuildingName status=SUCCESS method=UserTestScript.RegistrationFormTest_EmptyFlatNoOrBuildingName()[pri:0, instance:Scripts.UserTestScript@3532ec19] output={null}]]]>
              </value>
            </param>
          </params>
          <reporter-output>
          </reporter-output>
        </test-method> <!-- getTestResult -->
        <test-method status="PASS" signature="setUp()[pri:0, instance:Scripts.UserTestScript@3532ec19]" name="setUp" is-config="true" duration-ms="5090" started-at="2019-02-20T18:28:04Z" finished-at="2019-02-20T18:28:09Z">
          <reporter-output>
          </reporter-output>
        </test-method> <!-- setUp -->
        <test-method status="PASS" signature="RegistrationFormTest_EmptyLastName()[pri:0, instance:Scripts.UserTestScript@3532ec19]" name="RegistrationFormTest_EmptyLastName" duration-ms="2167" started-at="2019-02-20T18:28:09Z" finished-at="2019-02-20T18:28:11Z">
          <reporter-output>
          </reporter-output>
        </test-method> <!-- RegistrationFormTest_EmptyLastName -->
        <test-method status="PASS" signature="tearDown()[pri:0, instance:Scripts.UserTestScript@3532ec19]" name="tearDown" is-config="true" duration-ms="884" started-at="2019-02-20T18:28:11Z" finished-at="2019-02-20T18:28:12Z">
          <reporter-output>
          </reporter-output>
        </test-method> <!-- tearDown -->
        <test-method status="PASS" signature="getTestResult(org.testng.ITestResult)[pri:0, instance:Scripts.UserTestScript@3532ec19]" name="getTestResult" is-config="true" duration-ms="0" started-at="2019-02-20T18:28:12Z" finished-at="2019-02-20T18:28:12Z">
          <params>
            <param index="0">
              <value>
                <![CDATA[[TestResult name=RegistrationFormTest_EmptyLastName status=SUCCESS method=UserTestScript.RegistrationFormTest_EmptyLastName()[pri:0, instance:Scripts.UserTestScript@3532ec19] output={null}]]]>
              </value>
            </param>
          </params>
          <reporter-output>
          </reporter-output>
        </test-method> <!-- getTestResult -->
        <test-method status="PASS" signature="setUp()[pri:0, instance:Scripts.UserTestScript@3532ec19]" name="setUp" is-config="true" duration-ms="6590" started-at="2019-02-20T18:28:12Z" finished-at="2019-02-20T18:28:18Z">
          <reporter-output>
          </reporter-output>
        </test-method> <!-- setUp -->
        <test-method status="PASS" signature="RegistrationFormTest_EmptyMiddleName()[pri:0, instance:Scripts.UserTestScript@3532ec19]" name="RegistrationFormTest_EmptyMiddleName" duration-ms="2211" started-at="2019-02-20T18:28:18Z" finished-at="2019-02-20T18:28:20Z">
          <reporter-output>
          </reporter-output>
        </test-method> <!-- RegistrationFormTest_EmptyMiddleName -->
        <test-method status="PASS" signature="tearDown()[pri:0, instance:Scripts.UserTestScript@3532ec19]" name="tearDown" is-config="true" duration-ms="905" started-at="2019-02-20T18:28:20Z" finished-at="2019-02-20T18:28:21Z">
          <reporter-output>
          </reporter-output>
        </test-method> <!-- tearDown -->
        <test-method status="PASS" signature="getTestResult(org.testng.ITestResult)[pri:0, instance:Scripts.UserTestScript@3532ec19]" name="getTestResult" is-config="true" duration-ms="1" started-at="2019-02-20T18:28:21Z" finished-at="2019-02-20T18:28:21Z">
          <params>
            <param index="0">
              <value>
                <![CDATA[[TestResult name=RegistrationFormTest_EmptyMiddleName status=SUCCESS method=UserTestScript.RegistrationFormTest_EmptyMiddleName()[pri:0, instance:Scripts.UserTestScript@3532ec19] output={null}]]]>
              </value>
            </param>
          </params>
          <reporter-output>
          </reporter-output>
        </test-method> <!-- getTestResult -->
        <test-method status="PASS" signature="setUp()[pri:0, instance:Scripts.UserTestScript@3532ec19]" name="setUp" is-config="true" duration-ms="5903" started-at="2019-02-20T18:28:21Z" finished-at="2019-02-20T18:28:27Z">
          <reporter-output>
          </reporter-output>
        </test-method> <!-- setUp -->
        <test-method status="PASS" signature="RegistrationFormTest_EmptyMobileNumber()[pri:0, instance:Scripts.UserTestScript@3532ec19]" name="RegistrationFormTest_EmptyMobileNumber" duration-ms="1862" started-at="2019-02-20T18:28:27Z" finished-at="2019-02-20T18:28:29Z">
          <reporter-output>
          </reporter-output>
        </test-method> <!-- RegistrationFormTest_EmptyMobileNumber -->
        <test-method status="PASS" signature="tearDown()[pri:0, instance:Scripts.UserTestScript@3532ec19]" name="tearDown" is-config="true" duration-ms="858" started-at="2019-02-20T18:28:29Z" finished-at="2019-02-20T18:28:30Z">
          <reporter-output>
          </reporter-output>
        </test-method> <!-- tearDown -->
        <test-method status="PASS" signature="getTestResult(org.testng.ITestResult)[pri:0, instance:Scripts.UserTestScript@3532ec19]" name="getTestResult" is-config="true" duration-ms="1" started-at="2019-02-20T18:28:30Z" finished-at="2019-02-20T18:28:30Z">
          <params>
            <param index="0">
              <value>
                <![CDATA[[TestResult name=RegistrationFormTest_EmptyMobileNumber status=SUCCESS method=UserTestScript.RegistrationFormTest_EmptyMobileNumber()[pri:0, instance:Scripts.UserTestScript@3532ec19] output={null}]]]>
              </value>
            </param>
          </params>
          <reporter-output>
          </reporter-output>
        </test-method> <!-- getTestResult -->
        <test-method status="PASS" signature="setUp()[pri:0, instance:Scripts.UserTestScript@3532ec19]" name="setUp" is-config="true" duration-ms="5766" started-at="2019-02-20T18:28:30Z" finished-at="2019-02-20T18:28:36Z">
          <reporter-output>
          </reporter-output>
        </test-method> <!-- setUp -->
        <test-method status="PASS" signature="RegistrationFormTest_EmptyPanNumber()[pri:0, instance:Scripts.UserTestScript@3532ec19]" name="RegistrationFormTest_EmptyPanNumber" duration-ms="1775" started-at="2019-02-20T18:28:36Z" finished-at="2019-02-20T18:28:38Z">
          <reporter-output>
          </reporter-output>
        </test-method> <!-- RegistrationFormTest_EmptyPanNumber -->
        <test-method status="PASS" signature="tearDown()[pri:0, instance:Scripts.UserTestScript@3532ec19]" name="tearDown" is-config="true" duration-ms="849" started-at="2019-02-20T18:28:38Z" finished-at="2019-02-20T18:28:38Z">
          <reporter-output>
          </reporter-output>
        </test-method> <!-- tearDown -->
        <test-method status="PASS" signature="setUp()[pri:0, instance:Scripts.UserTestScript@3532ec19]" name="setUp" is-config="true" duration-ms="5467" started-at="2019-02-20T18:28:38Z" finished-at="2019-02-20T18:28:44Z">
          <reporter-output>
          </reporter-output>
        </test-method> <!-- setUp -->
        <test-method status="PASS" signature="getTestResult(org.testng.ITestResult)[pri:0, instance:Scripts.UserTestScript@3532ec19]" name="getTestResult" is-config="true" duration-ms="0" started-at="2019-02-20T18:28:38Z" finished-at="2019-02-20T18:28:38Z">
          <params>
            <param index="0">
              <value>
                <![CDATA[[TestResult name=RegistrationFormTest_EmptyPanNumber status=SUCCESS method=UserTestScript.RegistrationFormTest_EmptyPanNumber()[pri:0, instance:Scripts.UserTestScript@3532ec19] output={null}]]]>
              </value>
            </param>
          </params>
          <reporter-output>
          </reporter-output>
        </test-method> <!-- getTestResult -->
        <test-method status="PASS" signature="RegistrationFormTest_EmptySourceOfFunds()[pri:0, instance:Scripts.UserTestScript@3532ec19]" name="RegistrationFormTest_EmptySourceOfFunds" duration-ms="2272" started-at="2019-02-20T18:28:44Z" finished-at="2019-02-20T18:28:46Z">
          <reporter-output>
          </reporter-output>
        </test-method> <!-- RegistrationFormTest_EmptySourceOfFunds -->
        <test-method status="PASS" signature="tearDown()[pri:0, instance:Scripts.UserTestScript@3532ec19]" name="tearDown" is-config="true" duration-ms="817" started-at="2019-02-20T18:28:46Z" finished-at="2019-02-20T18:28:47Z">
          <reporter-output>
          </reporter-output>
        </test-method> <!-- tearDown -->
        <test-method status="PASS" signature="getTestResult(org.testng.ITestResult)[pri:0, instance:Scripts.UserTestScript@3532ec19]" name="getTestResult" is-config="true" duration-ms="0" started-at="2019-02-20T18:28:47Z" finished-at="2019-02-20T18:28:47Z">
          <params>
            <param index="0">
              <value>
                <![CDATA[[TestResult name=RegistrationFormTest_EmptySourceOfFunds status=SUCCESS method=UserTestScript.RegistrationFormTest_EmptySourceOfFunds()[pri:0, instance:Scripts.UserTestScript@3532ec19] output={null}]]]>
              </value>
            </param>
          </params>
          <reporter-output>
          </reporter-output>
        </test-method> <!-- getTestResult -->
        <test-method status="PASS" signature="closeBrowser()[pri:0, instance:Scripts.UserTestScript@3532ec19]" name="closeBrowser" is-config="true" duration-ms="1" started-at="2019-02-20T18:28:47Z" finished-at="2019-02-20T18:28:47Z">
          <reporter-output>
          </reporter-output>
        </test-method> <!-- closeBrowser -->
        <test-method status="PASS" signature="closingAllConnections()[pri:0, instance:Scripts.UserTestScript@3532ec19]" name="closingAllConnections" is-config="true" duration-ms="0" started-at="2019-02-20T18:28:47Z" finished-at="2019-02-20T18:28:47Z">
          <reporter-output>
          </reporter-output>
        </test-method> <!-- closingAllConnections -->
        <test-method status="SKIP" signature="endreport()[pri:0, instance:Scripts.UserTestScript@3532ec19]" name="endreport" is-config="true" duration-ms="0" started-at="2019-02-20T18:31:03Z" finished-at="2019-02-20T18:31:03Z">
          <reporter-output>
          </reporter-output>
        </test-method> <!-- endreport -->
      </class> <!-- Scripts.UserTestScript -->
    </test> <!-- Testscriptsexecution -->
  </suite> <!-- Maven project -->
</testng-results>
