<?xml version="1.0" encoding="UTF-8"?>
<testng-results skipped="0" failed="0" total="10" passed="10">
  <reporter-output>
  </reporter-output>
  <suite name="Default suite" duration-ms="100252" started-at="2019-02-13T06:35:38Z" finished-at="2019-02-13T06:37:18Z">
    <groups>
    </groups>
    <test name="Default test" duration-ms="100252" started-at="2019-02-13T06:35:38Z" finished-at="2019-02-13T06:37:18Z">
      <class name="Scripts.UserTestScript">
        <test-method status="PASS" signature="init()[pri:0, instance:Scripts.UserTestScript@4501b7af]" name="init" is-config="true" duration-ms="187" started-at="2019-02-13T12:05:38Z" finished-at="2019-02-13T12:05:38Z">
          <reporter-output>
          </reporter-output>
        </test-method> <!-- init -->
        <test-method status="PASS" signature="initializingConnections()[pri:0, instance:Scripts.UserTestScript@4501b7af]" name="initializingConnections" is-config="true" duration-ms="1250" started-at="2019-02-13T12:05:38Z" finished-at="2019-02-13T12:05:39Z">
          <reporter-output>
          </reporter-output>
        </test-method> <!-- initializingConnections -->
        <test-method status="PASS" signature="setUp()[pri:0, instance:Scripts.UserTestScript@4501b7af]" name="setUp" is-config="true" duration-ms="7158" started-at="2019-02-13T12:05:39Z" finished-at="2019-02-13T12:05:46Z">
          <reporter-output>
          </reporter-output>
        </test-method> <!-- setUp -->
        <test-method status="PASS" signature="RegistrationFormTest_EmptyAadharNumber()[pri:0, instance:Scripts.UserTestScript@4501b7af]" name="RegistrationFormTest_EmptyAadharNumber" duration-ms="2666" started-at="2019-02-13T12:05:46Z" finished-at="2019-02-13T12:05:49Z">
          <reporter-output>
          </reporter-output>
        </test-method> <!-- RegistrationFormTest_EmptyAadharNumber -->
        <test-method status="PASS" signature="tearDown()[pri:0, instance:Scripts.UserTestScript@4501b7af]" name="tearDown" is-config="true" duration-ms="1086" started-at="2019-02-13T12:05:49Z" finished-at="2019-02-13T12:05:50Z">
          <reporter-output>
          </reporter-output>
        </test-method> <!-- tearDown -->
        <test-method status="PASS" signature="getTestResult(org.testng.ITestResult)[pri:0, instance:Scripts.UserTestScript@4501b7af]" name="getTestResult" is-config="true" duration-ms="1" started-at="2019-02-13T12:05:50Z" finished-at="2019-02-13T12:05:50Z">
          <params>
            <param index="0">
              <value>
                <![CDATA[[TestResult name=RegistrationFormTest_EmptyAadharNumber status=SUCCESS method=UserTestScript.RegistrationFormTest_EmptyAadharNumber()[pri:0, instance:Scripts.UserTestScript@4501b7af] output={null}]]]>
              </value>
            </param>
          </params>
          <reporter-output>
          </reporter-output>
        </test-method> <!-- getTestResult -->
        <test-method status="PASS" signature="setUp()[pri:0, instance:Scripts.UserTestScript@4501b7af]" name="setUp" is-config="true" duration-ms="5205" started-at="2019-02-13T12:05:50Z" finished-at="2019-02-13T12:05:55Z">
          <reporter-output>
          </reporter-output>
        </test-method> <!-- setUp -->
        <test-method status="PASS" signature="RegistrationFormTest_EmptyCity()[pri:0, instance:Scripts.UserTestScript@4501b7af]" name="RegistrationFormTest_EmptyCity" duration-ms="2359" started-at="2019-02-13T12:05:55Z" finished-at="2019-02-13T12:05:58Z">
          <reporter-output>
          </reporter-output>
        </test-method> <!-- RegistrationFormTest_EmptyCity -->
        <test-method status="PASS" signature="tearDown()[pri:0, instance:Scripts.UserTestScript@4501b7af]" name="tearDown" is-config="true" duration-ms="1261" started-at="2019-02-13T12:05:58Z" finished-at="2019-02-13T12:05:59Z">
          <reporter-output>
          </reporter-output>
        </test-method> <!-- tearDown -->
        <test-method status="PASS" signature="getTestResult(org.testng.ITestResult)[pri:0, instance:Scripts.UserTestScript@4501b7af]" name="getTestResult" is-config="true" duration-ms="2" started-at="2019-02-13T12:05:59Z" finished-at="2019-02-13T12:05:59Z">
          <params>
            <param index="0">
              <value>
                <![CDATA[[TestResult name=RegistrationFormTest_EmptyCity status=SUCCESS method=UserTestScript.RegistrationFormTest_EmptyCity()[pri:0, instance:Scripts.UserTestScript@4501b7af] output={null}]]]>
              </value>
            </param>
          </params>
          <reporter-output>
          </reporter-output>
        </test-method> <!-- getTestResult -->
        <test-method status="PASS" signature="setUp()[pri:0, instance:Scripts.UserTestScript@4501b7af]" name="setUp" is-config="true" duration-ms="5127" started-at="2019-02-13T12:05:59Z" finished-at="2019-02-13T12:06:04Z">
          <reporter-output>
          </reporter-output>
        </test-method> <!-- setUp -->
        <test-method status="PASS" signature="RegistrationFormTest_EmptyEmailId()[pri:0, instance:Scripts.UserTestScript@4501b7af]" name="RegistrationFormTest_EmptyEmailId" duration-ms="2339" started-at="2019-02-13T12:06:04Z" finished-at="2019-02-13T12:06:06Z">
          <reporter-output>
          </reporter-output>
        </test-method> <!-- RegistrationFormTest_EmptyEmailId -->
        <test-method status="PASS" signature="tearDown()[pri:0, instance:Scripts.UserTestScript@4501b7af]" name="tearDown" is-config="true" duration-ms="1265" started-at="2019-02-13T12:06:06Z" finished-at="2019-02-13T12:06:08Z">
          <reporter-output>
          </reporter-output>
        </test-method> <!-- tearDown -->
        <test-method status="PASS" signature="setUp()[pri:0, instance:Scripts.UserTestScript@4501b7af]" name="setUp" is-config="true" duration-ms="5209" started-at="2019-02-13T12:06:08Z" finished-at="2019-02-13T12:06:13Z">
          <reporter-output>
          </reporter-output>
        </test-method> <!-- setUp -->
        <test-method status="PASS" signature="getTestResult(org.testng.ITestResult)[pri:0, instance:Scripts.UserTestScript@4501b7af]" name="getTestResult" is-config="true" duration-ms="0" started-at="2019-02-13T12:06:08Z" finished-at="2019-02-13T12:06:08Z">
          <params>
            <param index="0">
              <value>
                <![CDATA[[TestResult name=RegistrationFormTest_EmptyEmailId status=SUCCESS method=UserTestScript.RegistrationFormTest_EmptyEmailId()[pri:0, instance:Scripts.UserTestScript@4501b7af] output={null}]]]>
              </value>
            </param>
          </params>
          <reporter-output>
          </reporter-output>
        </test-method> <!-- getTestResult -->
        <test-method status="PASS" signature="RegistrationFormTest_EmptyFirstName()[pri:0, instance:Scripts.UserTestScript@4501b7af]" name="RegistrationFormTest_EmptyFirstName" duration-ms="2344" started-at="2019-02-13T12:06:13Z" finished-at="2019-02-13T12:06:15Z">
          <reporter-output>
          </reporter-output>
        </test-method> <!-- RegistrationFormTest_EmptyFirstName -->
        <test-method status="PASS" signature="tearDown()[pri:0, instance:Scripts.UserTestScript@4501b7af]" name="tearDown" is-config="true" duration-ms="1231" started-at="2019-02-13T12:06:15Z" finished-at="2019-02-13T12:06:17Z">
          <reporter-output>
          </reporter-output>
        </test-method> <!-- tearDown -->
        <test-method status="PASS" signature="setUp()[pri:0, instance:Scripts.UserTestScript@4501b7af]" name="setUp" is-config="true" duration-ms="5266" started-at="2019-02-13T12:06:17Z" finished-at="2019-02-13T12:06:22Z">
          <reporter-output>
          </reporter-output>
        </test-method> <!-- setUp -->
        <test-method status="PASS" signature="getTestResult(org.testng.ITestResult)[pri:0, instance:Scripts.UserTestScript@4501b7af]" name="getTestResult" is-config="true" duration-ms="0" started-at="2019-02-13T12:06:17Z" finished-at="2019-02-13T12:06:17Z">
          <params>
            <param index="0">
              <value>
                <![CDATA[[TestResult name=RegistrationFormTest_EmptyFirstName status=SUCCESS method=UserTestScript.RegistrationFormTest_EmptyFirstName()[pri:0, instance:Scripts.UserTestScript@4501b7af] output={null}]]]>
              </value>
            </param>
          </params>
          <reporter-output>
          </reporter-output>
        </test-method> <!-- getTestResult -->
        <test-method status="PASS" signature="RegistrationFormTest_EmptyFlatNoOrBuildingName()[pri:0, instance:Scripts.UserTestScript@4501b7af]" name="RegistrationFormTest_EmptyFlatNoOrBuildingName" duration-ms="2342" started-at="2019-02-13T12:06:22Z" finished-at="2019-02-13T12:06:24Z">
          <reporter-output>
          </reporter-output>
        </test-method> <!-- RegistrationFormTest_EmptyFlatNoOrBuildingName -->
        <test-method status="PASS" signature="tearDown()[pri:0, instance:Scripts.UserTestScript@4501b7af]" name="tearDown" is-config="true" duration-ms="1278" started-at="2019-02-13T12:06:24Z" finished-at="2019-02-13T12:06:25Z">
          <reporter-output>
          </reporter-output>
        </test-method> <!-- tearDown -->
        <test-method status="PASS" signature="getTestResult(org.testng.ITestResult)[pri:0, instance:Scripts.UserTestScript@4501b7af]" name="getTestResult" is-config="true" duration-ms="0" started-at="2019-02-13T12:06:25Z" finished-at="2019-02-13T12:06:25Z">
          <params>
            <param index="0">
              <value>
                <![CDATA[[TestResult name=RegistrationFormTest_EmptyFlatNoOrBuildingName status=SUCCESS method=UserTestScript.RegistrationFormTest_EmptyFlatNoOrBuildingName()[pri:0, instance:Scripts.UserTestScript@4501b7af] output={null}]]]>
              </value>
            </param>
          </params>
          <reporter-output>
          </reporter-output>
        </test-method> <!-- getTestResult -->
        <test-method status="PASS" signature="setUp()[pri:0, instance:Scripts.UserTestScript@4501b7af]" name="setUp" is-config="true" duration-ms="5251" started-at="2019-02-13T12:06:25Z" finished-at="2019-02-13T12:06:31Z">
          <reporter-output>
          </reporter-output>
        </test-method> <!-- setUp -->
        <test-method status="PASS" signature="RegistrationFormTest_EmptyLastName()[pri:0, instance:Scripts.UserTestScript@4501b7af]" name="RegistrationFormTest_EmptyLastName" duration-ms="2445" started-at="2019-02-13T12:06:31Z" finished-at="2019-02-13T12:06:33Z">
          <reporter-output>
          </reporter-output>
        </test-method> <!-- RegistrationFormTest_EmptyLastName -->
        <test-method status="PASS" signature="tearDown()[pri:0, instance:Scripts.UserTestScript@4501b7af]" name="tearDown" is-config="true" duration-ms="1141" started-at="2019-02-13T12:06:33Z" finished-at="2019-02-13T12:06:34Z">
          <reporter-output>
          </reporter-output>
        </test-method> <!-- tearDown -->
        <test-method status="PASS" signature="getTestResult(org.testng.ITestResult)[pri:0, instance:Scripts.UserTestScript@4501b7af]" name="getTestResult" is-config="true" duration-ms="1" started-at="2019-02-13T12:06:34Z" finished-at="2019-02-13T12:06:34Z">
          <params>
            <param index="0">
              <value>
                <![CDATA[[TestResult name=RegistrationFormTest_EmptyLastName status=SUCCESS method=UserTestScript.RegistrationFormTest_EmptyLastName()[pri:0, instance:Scripts.UserTestScript@4501b7af] output={null}]]]>
              </value>
            </param>
          </params>
          <reporter-output>
          </reporter-output>
        </test-method> <!-- getTestResult -->
        <test-method status="PASS" signature="setUp()[pri:0, instance:Scripts.UserTestScript@4501b7af]" name="setUp" is-config="true" duration-ms="5114" started-at="2019-02-13T12:06:34Z" finished-at="2019-02-13T12:06:39Z">
          <reporter-output>
          </reporter-output>
        </test-method> <!-- setUp -->
        <test-method status="PASS" signature="RegistrationFormTest_EmptyMiddleName()[pri:0, instance:Scripts.UserTestScript@4501b7af]" name="RegistrationFormTest_EmptyMiddleName" duration-ms="9646" started-at="2019-02-13T12:06:39Z" finished-at="2019-02-13T12:06:49Z">
          <reporter-output>
          </reporter-output>
        </test-method> <!-- RegistrationFormTest_EmptyMiddleName -->
        <test-method status="PASS" signature="tearDown()[pri:0, instance:Scripts.UserTestScript@4501b7af]" name="tearDown" is-config="true" duration-ms="1060" started-at="2019-02-13T12:06:49Z" finished-at="2019-02-13T12:06:50Z">
          <reporter-output>
          </reporter-output>
        </test-method> <!-- tearDown -->
        <test-method status="PASS" signature="getTestResult(org.testng.ITestResult)[pri:0, instance:Scripts.UserTestScript@4501b7af]" name="getTestResult" is-config="true" duration-ms="0" started-at="2019-02-13T12:06:50Z" finished-at="2019-02-13T12:06:50Z">
          <params>
            <param index="0">
              <value>
                <![CDATA[[TestResult name=RegistrationFormTest_EmptyMiddleName status=SUCCESS method=UserTestScript.RegistrationFormTest_EmptyMiddleName()[pri:0, instance:Scripts.UserTestScript@4501b7af] output={null}]]]>
              </value>
            </param>
          </params>
          <reporter-output>
          </reporter-output>
        </test-method> <!-- getTestResult -->
        <test-method status="PASS" signature="setUp()[pri:0, instance:Scripts.UserTestScript@4501b7af]" name="setUp" is-config="true" duration-ms="5838" started-at="2019-02-13T12:06:50Z" finished-at="2019-02-13T12:06:56Z">
          <reporter-output>
          </reporter-output>
        </test-method> <!-- setUp -->
        <test-method status="PASS" signature="RegistrationFormTest_EmptyMobileNumber()[pri:0, instance:Scripts.UserTestScript@4501b7af]" name="RegistrationFormTest_EmptyMobileNumber" duration-ms="2268" started-at="2019-02-13T12:06:56Z" finished-at="2019-02-13T12:06:58Z">
          <reporter-output>
          </reporter-output>
        </test-method> <!-- RegistrationFormTest_EmptyMobileNumber -->
        <test-method status="PASS" signature="tearDown()[pri:0, instance:Scripts.UserTestScript@4501b7af]" name="tearDown" is-config="true" duration-ms="1165" started-at="2019-02-13T12:06:58Z" finished-at="2019-02-13T12:06:59Z">
          <reporter-output>
          </reporter-output>
        </test-method> <!-- tearDown -->
        <test-method status="PASS" signature="setUp()[pri:0, instance:Scripts.UserTestScript@4501b7af]" name="setUp" is-config="true" duration-ms="5365" started-at="2019-02-13T12:06:59Z" finished-at="2019-02-13T12:07:05Z">
          <reporter-output>
          </reporter-output>
        </test-method> <!-- setUp -->
        <test-method status="PASS" signature="getTestResult(org.testng.ITestResult)[pri:0, instance:Scripts.UserTestScript@4501b7af]" name="getTestResult" is-config="true" duration-ms="0" started-at="2019-02-13T12:06:59Z" finished-at="2019-02-13T12:06:59Z">
          <params>
            <param index="0">
              <value>
                <![CDATA[[TestResult name=RegistrationFormTest_EmptyMobileNumber status=SUCCESS method=UserTestScript.RegistrationFormTest_EmptyMobileNumber()[pri:0, instance:Scripts.UserTestScript@4501b7af] output={null}]]]>
              </value>
            </param>
          </params>
          <reporter-output>
          </reporter-output>
        </test-method> <!-- getTestResult -->
        <test-method status="PASS" signature="RegistrationFormTest_EmptyPanNumber()[pri:0, instance:Scripts.UserTestScript@4501b7af]" name="RegistrationFormTest_EmptyPanNumber" duration-ms="2196" started-at="2019-02-13T12:07:05Z" finished-at="2019-02-13T12:07:07Z">
          <reporter-output>
          </reporter-output>
        </test-method> <!-- RegistrationFormTest_EmptyPanNumber -->
        <test-method status="PASS" signature="tearDown()[pri:0, instance:Scripts.UserTestScript@4501b7af]" name="tearDown" is-config="true" duration-ms="1329" started-at="2019-02-13T12:07:07Z" finished-at="2019-02-13T12:07:08Z">
          <reporter-output>
          </reporter-output>
        </test-method> <!-- tearDown -->
        <test-method status="PASS" signature="getTestResult(org.testng.ITestResult)[pri:0, instance:Scripts.UserTestScript@4501b7af]" name="getTestResult" is-config="true" duration-ms="1" started-at="2019-02-13T12:07:08Z" finished-at="2019-02-13T12:07:08Z">
          <params>
            <param index="0">
              <value>
                <![CDATA[[TestResult name=RegistrationFormTest_EmptyPanNumber status=SUCCESS method=UserTestScript.RegistrationFormTest_EmptyPanNumber()[pri:0, instance:Scripts.UserTestScript@4501b7af] output={null}]]]>
              </value>
            </param>
          </params>
          <reporter-output>
          </reporter-output>
        </test-method> <!-- getTestResult -->
        <test-method status="PASS" signature="setUp()[pri:0, instance:Scripts.UserTestScript@4501b7af]" name="setUp" is-config="true" duration-ms="5380" started-at="2019-02-13T12:07:08Z" finished-at="2019-02-13T12:07:14Z">
          <reporter-output>
          </reporter-output>
        </test-method> <!-- setUp -->
        <test-method status="PASS" signature="RegistrationFormTest_EmptySourceOfFunds()[pri:0, instance:Scripts.UserTestScript@4501b7af]" name="RegistrationFormTest_EmptySourceOfFunds" duration-ms="3251" started-at="2019-02-13T12:07:14Z" finished-at="2019-02-13T12:07:17Z">
          <reporter-output>
          </reporter-output>
        </test-method> <!-- RegistrationFormTest_EmptySourceOfFunds -->
        <test-method status="PASS" signature="tearDown()[pri:0, instance:Scripts.UserTestScript@4501b7af]" name="tearDown" is-config="true" duration-ms="1092" started-at="2019-02-13T12:07:17Z" finished-at="2019-02-13T12:07:18Z">
          <reporter-output>
          </reporter-output>
        </test-method> <!-- tearDown -->
        <test-method status="PASS" signature="getTestResult(org.testng.ITestResult)[pri:0, instance:Scripts.UserTestScript@4501b7af]" name="getTestResult" is-config="true" duration-ms="0" started-at="2019-02-13T12:07:18Z" finished-at="2019-02-13T12:07:18Z">
          <params>
            <param index="0">
              <value>
                <![CDATA[[TestResult name=RegistrationFormTest_EmptySourceOfFunds status=SUCCESS method=UserTestScript.RegistrationFormTest_EmptySourceOfFunds()[pri:0, instance:Scripts.UserTestScript@4501b7af] output={null}]]]>
              </value>
            </param>
          </params>
          <reporter-output>
          </reporter-output>
        </test-method> <!-- getTestResult -->
        <test-method status="PASS" signature="closingAllConnections()[pri:0, instance:Scripts.UserTestScript@4501b7af]" name="closingAllConnections" is-config="true" duration-ms="0" started-at="2019-02-13T12:07:18Z" finished-at="2019-02-13T12:07:18Z">
          <reporter-output>
          </reporter-output>
        </test-method> <!-- closingAllConnections -->
        <test-method status="PASS" signature="closeBrowser()[pri:0, instance:Scripts.UserTestScript@4501b7af]" name="closeBrowser" is-config="true" duration-ms="0" started-at="2019-02-13T12:07:18Z" finished-at="2019-02-13T12:07:18Z">
          <reporter-output>
          </reporter-output>
        </test-method> <!-- closeBrowser -->
        <test-method status="PASS" signature="endreport()[pri:0, instance:Scripts.UserTestScript@4501b7af]" name="endreport" is-config="true" duration-ms="283" started-at="2019-02-13T12:07:18Z" finished-at="2019-02-13T12:07:18Z">
          <reporter-output>
          </reporter-output>
        </test-method> <!-- endreport -->
      </class> <!-- Scripts.UserTestScript -->
    </test> <!-- Default test -->
  </suite> <!-- Default suite -->
</testng-results>
