<?xml version="1.0" encoding="UTF-8"?>
<!-- Generated by org.testng.reporters.JUnitXMLReporter -->
<testsuite hostname="HDRRPA2" name="Testscriptsexecution" tests="44" failures="0" timestamp="20 Feb 2019 13:23:49 GMT" time="603.788" errors="0">
  <testcase name="Passport_Login_BlankUserName_BlankPwd" time="2.42" classname="Scripts.PassportLoginTestScript"/>
  <testcase name="Passport_Login_BlankUserName_ValidPwd" time="2.378" classname="Scripts.PassportLoginTestScript"/>
  <testcase name="Passport_Login_InvalidUserName" time="2.285" classname="Scripts.PassportLoginTestScript"/>
  <testcase name="Passport_Login_ValidUserName_BlankPwd" time="2.47" classname="Scripts.PassportLoginTestScript"/>
  <testcase name="Passport_Login_ValidUserName_InvalidPwd" time="2.415" classname="Scripts.PassportLoginTestScript"/>
  <testcase name="Passport_Login_ValidUserName_ValidPwd" time="3.489" classname="Scripts.PassportLoginTestScript"/>
  <testcase name="blank_passport_number" time="5.452" classname="Scripts.PassportVerificationTestScript"/>
  <testcase name="invalid_passport_number" time="5.293" classname="Scripts.PassportVerificationTestScript"/>
  <testcase name="valid_passport_number" time="5.424" classname="Scripts.PassportVerificationTestScript"/>
  <testcase name="Update_FileUpload" time="1.732" classname="Scripts.UpdateTestScript"/>
  <testcase name="Home_Login_BlankUserName_BlankPwd" time="0.29" classname="Scripts.LoginTestScript"/>
  <testcase name="Home_Login_BlankUserName_ValidPwd" time="0.255" classname="Scripts.LoginTestScript"/>
  <testcase name="Home_Login_InvalidUserName" time="0.329" classname="Scripts.LoginTestScript"/>
  <testcase name="Home_Login_ValidUserName_BlankPwd" time="0.316" classname="Scripts.LoginTestScript"/>
  <testcase name="Home_Login_ValidUserName_InvalidPwd" time="0.401" classname="Scripts.LoginTestScript"/>
  <testcase name="Home_Login_ValidUserName_ValidPwd" time="0.736" classname="Scripts.LoginTestScript"/>
  <testcase name="RegistrationFormTest_EmptyAadharNumber" time="2.399" classname="Scripts.UserTestScript"/>
  <testcase name="RegistrationFormTest_EmptyCity" time="1.88" classname="Scripts.UserTestScript"/>
  <testcase name="RegistrationFormTest_EmptyEmailId" time="2.042" classname="Scripts.UserTestScript"/>
  <testcase name="RegistrationFormTest_EmptyFirstName" time="1.918" classname="Scripts.UserTestScript"/>
  <testcase name="RegistrationFormTest_EmptyFlatNoOrBuildingName" time="1.928" classname="Scripts.UserTestScript"/>
  <testcase name="RegistrationFormTest_EmptyLastName" time="2.241" classname="Scripts.UserTestScript"/>
  <testcase name="RegistrationFormTest_EmptyMiddleName" time="2.243" classname="Scripts.UserTestScript"/>
  <testcase name="RegistrationFormTest_EmptyMobileNumber" time="2.171" classname="Scripts.UserTestScript"/>
  <testcase name="RegistrationFormTest_EmptyPanNumber" time="1.971" classname="Scripts.UserTestScript"/>
  <testcase name="RegistrationFormTest_EmptySourceOfFunds" time="2.137" classname="Scripts.UserTestScript"/>
  <testcase name="Aadhar_Login_BlankUserName_BlankPwd" time="4.339" classname="Scripts.AadharLoginTestScript"/>
  <testcase name="Aadhar_Login_BlankUserName_ValidPwd" time="117.84" classname="Scripts.AadharLoginTestScript"/>
  <testcase name="Aadhar_Login_InvalidUserName" time="4.365" classname="Scripts.AadharLoginTestScript"/>
  <testcase name="Aadhar_Login_ValidUserName_BlankPwd" time="4.351" classname="Scripts.AadharLoginTestScript"/>
  <testcase name="Aadhar_Login_ValidUserName_InvalidPwd" time="4.382" classname="Scripts.AadharLoginTestScript"/>
  <testcase name="Aadhar_Login_ValidUserName_ValidPwd" time="5.419" classname="Scripts.AadharLoginTestScript"/>
  <testcase name="blank_aadhar_id" time="5.224" classname="Scripts.AadharVerificationTestScript"/>
  <testcase name="invalid_aadhar_id" time="5.278" classname="Scripts.AadharVerificationTestScript"/>
  <testcase name="valid_aadhar_id" time="5.345" classname="Scripts.AadharVerificationTestScript"/>
  <testcase name="NSDL_Login_BlankUserName_BlankPwd" time="6.354" classname="Scripts.NSDLLoginTestScript"/>
  <testcase name="NSDL_Login_BlankUserName_ValidPwd" time="6.327" classname="Scripts.NSDLLoginTestScript"/>
  <testcase name="NSDL_Login_InvalidUserName" time="6.262" classname="Scripts.NSDLLoginTestScript"/>
  <testcase name="NSDL_Login_ValidUserName_BlankPwd" time="6.341" classname="Scripts.NSDLLoginTestScript"/>
  <testcase name="NSDL_Login_ValidUserName_InvalidPwd" time="6.374" classname="Scripts.NSDLLoginTestScript"/>
  <testcase name="NSDL_Login_ValidUserName_ValidPwd" time="8.39" classname="Scripts.NSDLLoginTestScript"/>
  <testcase name="blank_pan_id" time="2.141" classname="Scripts.NSDLVerificationTestScript"/>
  <testcase name="invalid_pan_id" time="2.232" classname="Scripts.NSDLVerificationTestScript"/>
  <testcase name="valid_pan_id" time="2.321" classname="Scripts.NSDLVerificationTestScript"/>
</testsuite> <!-- Testscriptsexecution -->
