<?xml version="1.0" encoding="UTF-8"?>
<!-- Generated by org.testng.reporters.JUnitXMLReporter -->
<testsuite hostname="HDRRPA2" name="Testscriptsexecution" tests="16" failures="10" timestamp="29 Jan 2019 09:58:19 GMT" time="174.944" errors="0">
  <testcase name="Home_Login_BlankUserName_BlankPwd" time="0.493" classname="Scripts.LoginTestScript"/>
  <testcase name="Home_Login_BlankUserName_ValidPwd" time="0.403" classname="Scripts.LoginTestScript"/>
  <testcase name="Home_Login_InvalidUserName" time="0.429" classname="Scripts.LoginTestScript"/>
  <testcase name="Home_Login_ValidUserName_BlankPwd" time="0.433" classname="Scripts.LoginTestScript"/>
  <testcase name="Home_Login_ValidUserName_InvalidPwd" time="0.717" classname="Scripts.LoginTestScript"/>
  <testcase name="Home_Login_ValidUserName_ValidPwd" time="0.679" classname="Scripts.LoginTestScript"/>
  <testcase name="RegistrationFormTest_EmptyAadharNumber" time="2.483" classname="Scripts.Userscript">
    <failure type="java.lang.AssertionError" message="expected [true] but found [false]">
      <![CDATA[java.lang.AssertionError: expected [true] but found [false]
	at Scripts.Userscript.RegistrationFormTest_EmptyAadharNumber(Userscript.java:482)
... Removed 28 stack frames]]>
    </failure>
  </testcase> <!-- RegistrationFormTest_EmptyAadharNumber -->
  <testcase name="RegistrationFormTest_EmptyFirstName" time="2.491" classname="Scripts.Userscript">
    <failure type="java.lang.AssertionError" message="expected [true] but found [false]">
      <![CDATA[java.lang.AssertionError: expected [true] but found [false]
	at Scripts.Userscript.RegistrationFormTest_EmptyFirstName(Userscript.java:153)
... Removed 28 stack frames]]>
    </failure>
  </testcase> <!-- RegistrationFormTest_EmptyFirstName -->
  <testcase name="RegistrationFormTest_EmptyGrossAnualIncome" time="2.942" classname="Scripts.Userscript">
    <failure type="java.lang.AssertionError" message="expected [true] but found [false]">
      <![CDATA[java.lang.AssertionError: expected [true] but found [false]
	at Scripts.Userscript.RegistrationFormTest_EmptyGrossAnualIncome(Userscript.java:833)
... Removed 28 stack frames]]>
    </failure>
  </testcase> <!-- RegistrationFormTest_EmptyGrossAnualIncome -->
  <testcase name="RegistrationFormTest_EmptyLastName" time="3.389" classname="Scripts.Userscript">
    <failure type="java.lang.AssertionError" message="expected [true] but found [false]">
      <![CDATA[java.lang.AssertionError: expected [true] but found [false]
	at Scripts.Userscript.RegistrationFormTest_EmptyLastName(Userscript.java:313)
... Removed 28 stack frames]]>
    </failure>
  </testcase> <!-- RegistrationFormTest_EmptyLastName -->
  <testcase name="RegistrationFormTest_EmptyMiddleName" time="2.572" classname="Scripts.Userscript">
    <failure type="java.lang.AssertionError" message="expected [true] but found [false]">
      <![CDATA[java.lang.AssertionError: expected [true] but found [false]
	at Scripts.Userscript.RegistrationFormTest_EmptyMiddleName(Userscript.java:232)
... Removed 28 stack frames]]>
    </failure>
  </testcase> <!-- RegistrationFormTest_EmptyMiddleName -->
  <testcase name="RegistrationFormTest_EmptyOccupation" time="2.503" classname="Scripts.Userscript">
    <failure type="java.lang.AssertionError" message="expected [true] but found [false]">
      <![CDATA[java.lang.AssertionError: expected [true] but found [false]
	at Scripts.Userscript.RegistrationFormTest_EmptyOccupation(Userscript.java:657)
... Removed 28 stack frames]]>
    </failure>
  </testcase> <!-- RegistrationFormTest_EmptyOccupation -->
  <testcase name="RegistrationFormTest_EmptyPanNumber" time="2.524" classname="Scripts.Userscript">
    <failure type="java.lang.AssertionError" message="expected [true] but found [false]">
      <![CDATA[java.lang.AssertionError: expected [true] but found [false]
	at Scripts.Userscript.RegistrationFormTest_EmptyPanNumber(Userscript.java:397)
... Removed 28 stack frames]]>
    </failure>
  </testcase> <!-- RegistrationFormTest_EmptyPanNumber -->
  <testcase name="RegistrationFormTest_EmptyPassport" time="2.442" classname="Scripts.Userscript">
    <failure type="java.lang.AssertionError" message="expected [true] but found [false]">
      <![CDATA[java.lang.AssertionError: expected [true] but found [false]
	at Scripts.Userscript.RegistrationFormTest_EmptyPassport(Userscript.java:568)
... Removed 28 stack frames]]>
    </failure>
  </testcase> <!-- RegistrationFormTest_EmptyPassport -->
  <testcase name="RegistrationFormTest_EmptyResidencyType" time="2.589" classname="Scripts.Userscript">
    <failure type="java.lang.AssertionError" message="expected [true] but found [false]">
      <![CDATA[java.lang.AssertionError: expected [true] but found [false]
	at Scripts.Userscript.RegistrationFormTest_EmptyResidencyType(Userscript.java:917)
... Removed 28 stack frames]]>
    </failure>
  </testcase> <!-- RegistrationFormTest_EmptyResidencyType -->
  <testcase name="RegistrationFormTest_EmptySourceOfFunds" time="2.468" classname="Scripts.Userscript">
    <failure type="java.lang.AssertionError" message="expected [true] but found [false]">
      <![CDATA[java.lang.AssertionError: expected [true] but found [false]
	at Scripts.Userscript.RegistrationFormTest_EmptySourceOfFunds(Userscript.java:745)
... Removed 28 stack frames]]>
    </failure>
  </testcase> <!-- RegistrationFormTest_EmptySourceOfFunds -->
</testsuite> <!-- Testscriptsexecution -->
