<?xml version="1.0" encoding="UTF-8"?>
<!-- Generated by org.testng.reporters.JUnitXMLReporter -->
<testsuite hostname="HDRRPA3" ignored="0" name="Default test" tests="7" failures="0" timestamp="17 Dec 2018 13:27:29 GMT" time="90.031" errors="0">
  <testcase name="invalidLoginTest" time="0.891" classname="tests.TestScripts"/>
  <testcase name="invalidLoginTest1" time="12.669" classname="tests.TestScripts"/>
  <testcase name="invalidLoginTest2" time="3.136" classname="tests.TestScripts"/>
  <testcase name="invalidLoginTest3" time="1.548" classname="tests.TestScripts"/>
  <testcase name="registerTest" time="7.153" classname="tests.TestScripts"/>
  <testcase name="registerTest1" time="4.243" classname="tests.TestScripts"/>
  <testcase name="validLoginTest" time="3.003" classname="tests.TestScripts"/>
</testsuite> <!-- Default test -->
